[ 2017-08-03T11:08:24+08:00 ] 27.37.30.115 /minibuysalejiaju/index.php/Ht/Index/index.html
NOTIC: [8] Use of undefined constant SHOW_PAGE_TRACE - assumed 'SHOW_PAGE_TRACE' /www/web/default/public_html/minibuysalejiaju/App/Common/Conf/debug.php 第 4 行.
INFO: [ app_init ] --START--
INFO: Run Behavior\BuildLiteBehavior [ RunTime:0.000013s ]
INFO: [ app_init ] --END-- [ RunTime:0.000059s ]
INFO: [ app_begin ] --START--
INFO: Run Behavior\ReadHtmlCacheBehavior [ RunTime:0.000421s ]
INFO: [ app_begin ] --END-- [ RunTime:0.000472s ]

[ 2017-08-03T15:11:12+08:00 ] 27.37.30.115 /minibuysalejiaju/index.php/Ht/Index/index.html
NOTIC: [8] Use of undefined constant SHOW_PAGE_TRACE - assumed 'SHOW_PAGE_TRACE' /www/web/default/public_html/minibuysalejiaju/App/Common/Conf/debug.php 第 4 行.
INFO: [ app_init ] --START--
INFO: Run Behavior\BuildLiteBehavior [ RunTime:0.000011s ]
INFO: [ app_init ] --END-- [ RunTime:0.000059s ]
INFO: [ app_begin ] --START--
INFO: Run Behavior\ReadHtmlCacheBehavior [ RunTime:0.000391s ]
INFO: [ app_begin ] --END-- [ RunTime:0.000444s ]

[ 2017-08-03T15:11:14+08:00 ] 27.37.30.115 /minibuysalejiaju/index.php/Ht/Login/index.html
NOTIC: [8] Use of undefined constant SHOW_PAGE_TRACE - assumed 'SHOW_PAGE_TRACE' /www/web/default/public_html/minibuysalejiaju/App/Common/Conf/debug.php 第 4 行.
INFO: [ app_init ] --START--
INFO: Run Behavior\BuildLiteBehavior [ RunTime:0.000017s ]
INFO: [ app_init ] --END-- [ RunTime:0.000101s ]
INFO: [ app_begin ] --START--
INFO: Run Behavior\ReadHtmlCacheBehavior [ RunTime:0.000627s ]
INFO: [ app_begin ] --END-- [ RunTime:0.000713s ]
SQL: SHOW COLUMNS FROM `lr_program` [ RunTime:0.0019s ]
SQL: SELECT * FROM `lr_program` LIMIT 1   [ RunTime:0.0005s ]
INFO: [ view_parse ] --START--
INFO: [ template_filter ] --START--
INFO: Run Behavior\ContentReplaceBehavior [ RunTime:0.000056s ]
INFO: [ template_filter ] --END-- [ RunTime:0.000117s ]
NOTIC: [8] Undefined variable: key /www/web/default/public_html/minibuysalejiaju/App/Runtime/Cache/Ht/2d4ce69e9c2d15d777794fcdbaefd3a2.php 第 24 行.
INFO: Run Behavior\ParseTemplateBehavior [ RunTime:0.007445s ]
INFO: [ view_parse ] --END-- [ RunTime:0.007492s ]
INFO: [ view_filter ] --START--
INFO: Run Behavior\WriteHtmlCacheBehavior [ RunTime:0.000447s ]
INFO: [ view_filter ] --END-- [ RunTime:0.000490s ]
INFO: [ app_end ] --START--
INFO: Run Behavior\ShowPageTraceBehavior [ RunTime:0.000662s ]
INFO: [ app_end ] --END-- [ RunTime:0.000707s ]

[ 2017-08-03T15:11:34+08:00 ] 27.37.30.115 /minibuysalejiaju/index.php/Ht/Login/index.html?key=
NOTIC: [8] Use of undefined constant SHOW_PAGE_TRACE - assumed 'SHOW_PAGE_TRACE' /www/web/default/public_html/minibuysalejiaju/App/Common/Conf/debug.php 第 4 行.
INFO: [ app_init ] --START--
INFO: Run Behavior\BuildLiteBehavior [ RunTime:0.000015s ]
INFO: [ app_init ] --END-- [ RunTime:0.000070s ]
INFO: [ app_begin ] --START--
INFO: Run Behavior\ReadHtmlCacheBehavior [ RunTime:0.000470s ]
INFO: [ app_begin ] --END-- [ RunTime:0.000547s ]
SQL: SHOW COLUMNS FROM `lr_adminuser` [ RunTime:0.0024s ]
SQL: SELECT * FROM `lr_adminuser` WHERE ( name='iwoln' AND del<1 ) LIMIT 1   [ RunTime:0.0062s ]
SQL: SHOW COLUMNS FROM `lr_program` [ RunTime:0.0006s ]
SQL: SELECT * FROM `lr_program` LIMIT 1   [ RunTime:0.0001s ]
NOTIC: [8] Undefined index: shop_id /www/web/default/public_html/minibuysalejiaju/App/Ht/Controller/LoginController.class.php 第 21 行.
INFO: [ app_end ] --START--
INFO: Run Behavior\ShowPageTraceBehavior [ RunTime:0.000456s ]
INFO: [ app_end ] --END-- [ RunTime:0.000506s ]

[ 2017-08-03T15:11:41+08:00 ] 27.37.30.115 /minibuysalejiaju/index.php/Ht/Index/index.html
NOTIC: [8] Use of undefined constant SHOW_PAGE_TRACE - assumed 'SHOW_PAGE_TRACE' /www/web/default/public_html/minibuysalejiaju/App/Common/Conf/debug.php 第 4 行.
INFO: [ app_init ] --START--
INFO: Run Behavior\BuildLiteBehavior [ RunTime:0.000012s ]
INFO: [ app_init ] --END-- [ RunTime:0.000060s ]
INFO: [ app_begin ] --START--
INFO: Run Behavior\ReadHtmlCacheBehavior [ RunTime:0.000395s ]
INFO: [ app_begin ] --END-- [ RunTime:0.000449s ]
SQL: SHOW COLUMNS FROM `lr_web` [ RunTime:0.0019s ]
SQL: SELECT `concent` FROM `lr_web` WHERE ( id=5 ) LIMIT 1   [ RunTime:0.0003s ]
INFO: [ view_parse ] --START--
INFO: [ template_filter ] --START--
INFO: Run Behavior\ContentReplaceBehavior [ RunTime:0.000102s ]
INFO: [ template_filter ] --END-- [ RunTime:0.000190s ]
INFO: Run Behavior\ParseTemplateBehavior [ RunTime:0.028937s ]
INFO: [ view_parse ] --END-- [ RunTime:0.028990s ]
INFO: [ view_filter ] --START--
INFO: Run Behavior\WriteHtmlCacheBehavior [ RunTime:0.000225s ]
INFO: [ view_filter ] --END-- [ RunTime:0.000270s ]
INFO: [ app_end ] --START--
INFO: Run Behavior\ShowPageTraceBehavior [ RunTime:0.000415s ]
INFO: [ app_end ] --END-- [ RunTime:0.000461s ]

[ 2017-08-03T15:11:41+08:00 ] 27.37.30.115 /minibuysalejiaju/index.php/Ht/Page/adminindex.html
NOTIC: [8] Use of undefined constant SHOW_PAGE_TRACE - assumed 'SHOW_PAGE_TRACE' /www/web/default/public_html/minibuysalejiaju/App/Common/Conf/debug.php 第 4 行.
INFO: [ app_init ] --START--
INFO: Run Behavior\BuildLiteBehavior [ RunTime:0.000020s ]
INFO: [ app_init ] --END-- [ RunTime:0.000103s ]
INFO: [ app_begin ] --START--
INFO: Run Behavior\ReadHtmlCacheBehavior [ RunTime:0.000591s ]
INFO: [ app_begin ] --END-- [ RunTime:0.000676s ]
INFO: [ view_parse ] --START--
INFO: [ template_filter ] --START--
INFO: Run Behavior\ContentReplaceBehavior [ RunTime:0.000042s ]
INFO: [ template_filter ] --END-- [ RunTime:0.000091s ]
INFO: Run Behavior\ParseTemplateBehavior [ RunTime:0.004520s ]
INFO: [ view_parse ] --END-- [ RunTime:0.004593s ]
INFO: [ view_filter ] --START--
INFO: Run Behavior\WriteHtmlCacheBehavior [ RunTime:0.000209s ]
INFO: [ view_filter ] --END-- [ RunTime:0.000249s ]
INFO: [ app_end ] --START--
INFO: Run Behavior\ShowPageTraceBehavior [ RunTime:0.000445s ]
INFO: [ app_end ] --END-- [ RunTime:0.000490s ]

[ 2017-08-03T15:11:47+08:00 ] 27.37.30.115 /minibuysalejiaju/index.php/Ht/Product/index.html
NOTIC: [8] Use of undefined constant SHOW_PAGE_TRACE - assumed 'SHOW_PAGE_TRACE' /www/web/default/public_html/minibuysalejiaju/App/Common/Conf/debug.php 第 4 行.
INFO: [ app_init ] --START--
INFO: Run Behavior\BuildLiteBehavior [ RunTime:0.000015s ]
INFO: [ app_init ] --END-- [ RunTime:0.000067s ]
INFO: [ app_begin ] --START--
INFO: Run Behavior\ReadHtmlCacheBehavior [ RunTime:0.000399s ]
INFO: [ app_begin ] --END-- [ RunTime:0.000450s ]
NOTIC: [8] Undefined index: id /www/web/default/public_html/minibuysalejiaju/App/Ht/Controller/ProductController.class.php 第 14 行.
NOTIC: [8] Undefined index: shop_id /www/web/default/public_html/minibuysalejiaju/App/Ht/Controller/ProductController.class.php 第 15 行.
NOTIC: [8] Undefined index: type /www/web/default/public_html/minibuysalejiaju/App/Ht/Controller/ProductController.class.php 第 18 行.
NOTIC: [8] Undefined index: tuijian /www/web/default/public_html/minibuysalejiaju/App/Ht/Controller/ProductController.class.php 第 19 行.
NOTIC: [8] Undefined index: name /www/web/default/public_html/minibuysalejiaju/App/Ht/Controller/ProductController.class.php 第 20 行.
SQL: SHOW COLUMNS FROM `lr_product` [ RunTime:0.0011s ]
SQL: SELECT COUNT(*) AS tp_count FROM `lr_product` WHERE ( 1=1 AND pro_type=1 AND del<1 ) LIMIT 1   [ RunTime:0.0004s ]
NOTIC: [8] Undefined index: page /www/web/default/public_html/minibuysalejiaju/App/Ht/Controller/ProductController.class.php 第 32 行.
SQL: SELECT * FROM `lr_product` WHERE ( 1=1 AND pro_type=1 AND del<1 ) ORDER BY addtime desc LIMIT 0,20   [ RunTime:0.0006s ]
SQL: SHOW COLUMNS FROM `lr_shangchang` [ RunTime:0.0009s ]
SQL: SELECT `name` FROM `lr_shangchang` WHERE ( id=1 ) LIMIT 1   [ RunTime:0.0002s ]
SQL: SHOW COLUMNS FROM `lr_category` [ RunTime:0.0006s ]
SQL: SELECT `name` FROM `lr_category` WHERE ( id=23 ) LIMIT 1   [ RunTime:0.0002s ]
SQL: SELECT `name` FROM `lr_shangchang` WHERE ( id=1 ) LIMIT 1   [ RunTime:0.0001s ]
SQL: SELECT `name` FROM `lr_category` WHERE ( id=23 ) LIMIT 1   [ RunTime:0.0001s ]
SQL: SELECT `name` FROM `lr_shangchang` WHERE ( id=1 ) LIMIT 1   [ RunTime:0.0001s ]
SQL: SELECT `name` FROM `lr_category` WHERE ( id=23 ) LIMIT 1   [ RunTime:0.0001s ]
SQL: SELECT `name` FROM `lr_shangchang` WHERE ( id=1 ) LIMIT 1   [ RunTime:0.0001s ]
SQL: SELECT `name` FROM `lr_category` WHERE ( id=23 ) LIMIT 1   [ RunTime:0.0001s ]
SQL: SELECT `name` FROM `lr_shangchang` WHERE ( id=1 ) LIMIT 1   [ RunTime:0.0001s ]
SQL: SELECT `name` FROM `lr_category` WHERE ( id=23 ) LIMIT 1   [ RunTime:0.0001s ]
SQL: SELECT `name` FROM `lr_shangchang` WHERE ( id=1 ) LIMIT 1   [ RunTime:0.0001s ]
SQL: SELECT `name` FROM `lr_category` WHERE ( id=23 ) LIMIT 1   [ RunTime:0.0001s ]
SQL: SELECT `name` FROM `lr_shangchang` WHERE ( id=1 ) LIMIT 1   [ RunTime:0.0001s ]
SQL: SELECT `name` FROM `lr_category` WHERE ( id=23 ) LIMIT 1   [ RunTime:0.0001s ]
SQL: SELECT `name` FROM `lr_shangchang` WHERE ( id=1 ) LIMIT 1   [ RunTime:0.0001s ]
SQL: SELECT `name` FROM `lr_category` WHERE ( id=23 ) LIMIT 1   [ RunTime:0.0001s ]
SQL: SELECT `name` FROM `lr_shangchang` WHERE ( id=1 ) LIMIT 1   [ RunTime:0.0001s ]
SQL: SELECT `name` FROM `lr_category` WHERE ( id=23 ) LIMIT 1   [ RunTime:0.0001s ]
SQL: SELECT `name` FROM `lr_shangchang` WHERE ( id=1 ) LIMIT 1   [ RunTime:0.0001s ]
SQL: SELECT `name` FROM `lr_category` WHERE ( id=23 ) LIMIT 1   [ RunTime:0.0001s ]
SQL: SELECT `name` FROM `lr_shangchang` WHERE ( id=1 ) LIMIT 1   [ RunTime:0.0001s ]
SQL: SELECT `name` FROM `lr_category` WHERE ( id=23 ) LIMIT 1   [ RunTime:0.0001s ]
SQL: SELECT `name` FROM `lr_shangchang` WHERE ( id=1 ) LIMIT 1   [ RunTime:0.0001s ]
SQL: SELECT `name` FROM `lr_category` WHERE ( id=23 ) LIMIT 1   [ RunTime:0.0001s ]
SQL: SELECT `name` FROM `lr_shangchang` WHERE ( id=1 ) LIMIT 1   [ RunTime:0.0001s ]
SQL: SELECT `name` FROM `lr_category` WHERE ( id=23 ) LIMIT 1   [ RunTime:0.0001s ]
SQL: SELECT `name` FROM `lr_shangchang` WHERE ( id=1 ) LIMIT 1   [ RunTime:0.0001s ]
SQL: SELECT `name` FROM `lr_category` WHERE ( id=23 ) LIMIT 1   [ RunTime:0.0001s ]
SQL: SELECT `name` FROM `lr_shangchang` WHERE ( id=1 ) LIMIT 1   [ RunTime:0.0001s ]
SQL: SELECT `name` FROM `lr_category` WHERE ( id=23 ) LIMIT 1   [ RunTime:0.0001s ]
SQL: SELECT `name` FROM `lr_shangchang` WHERE ( id=1 ) LIMIT 1   [ RunTime:0.0001s ]
SQL: SELECT `name` FROM `lr_category` WHERE ( id=23 ) LIMIT 1   [ RunTime:0.0002s ]
SQL: SELECT `name` FROM `lr_shangchang` WHERE ( id=1 ) LIMIT 1   [ RunTime:0.0001s ]
SQL: SELECT `name` FROM `lr_category` WHERE ( id=23 ) LIMIT 1   [ RunTime:0.0001s ]
SQL: SELECT `name` FROM `lr_shangchang` WHERE ( id=1 ) LIMIT 1   [ RunTime:0.0001s ]
SQL: SELECT `name` FROM `lr_category` WHERE ( id=23 ) LIMIT 1   [ RunTime:0.0001s ]
SQL: SELECT `name` FROM `lr_shangchang` WHERE ( id=1 ) LIMIT 1   [ RunTime:0.0001s ]
SQL: SELECT `name` FROM `lr_category` WHERE ( id=23 ) LIMIT 1   [ RunTime:0.0001s ]
SQL: SELECT `name` FROM `lr_shangchang` WHERE ( id=1 ) LIMIT 1   [ RunTime:0.0001s ]
SQL: SELECT `name` FROM `lr_category` WHERE ( id=22 ) LIMIT 1   [ RunTime:0.0003s ]
INFO: [ view_parse ] --START--
INFO: [ template_filter ] --START--
INFO: Run Behavior\ContentReplaceBehavior [ RunTime:0.000077s ]
INFO: [ template_filter ] --END-- [ RunTime:0.000148s ]
INFO: Run Behavior\ParseTemplateBehavior [ RunTime:0.011587s ]
INFO: [ view_parse ] --END-- [ RunTime:0.011666s ]
INFO: [ view_filter ] --START--
INFO: Run Behavior\WriteHtmlCacheBehavior [ RunTime:0.000237s ]
INFO: [ view_filter ] --END-- [ RunTime:0.000285s ]
INFO: [ app_end ] --START--
INFO: Run Behavior\ShowPageTraceBehavior [ RunTime:0.000618s ]
INFO: [ app_end ] --END-- [ RunTime:0.000724s ]

[ 2017-08-03T15:11:50+08:00 ] 27.37.30.115 /minibuysalejiaju/index.php/Ht/Product/index.html
NOTIC: [8] Use of undefined constant SHOW_PAGE_TRACE - assumed 'SHOW_PAGE_TRACE' /www/web/default/public_html/minibuysalejiaju/App/Common/Conf/debug.php 第 4 行.
INFO: [ app_init ] --START--
INFO: Run Behavior\BuildLiteBehavior [ RunTime:0.000012s ]
INFO: [ app_init ] --END-- [ RunTime:0.000061s ]
INFO: [ app_begin ] --START--
INFO: Run Behavior\ReadHtmlCacheBehavior [ RunTime:0.000530s ]
INFO: [ app_begin ] --END-- [ RunTime:0.000613s ]
NOTIC: [8] Undefined index: id /www/web/default/public_html/minibuysalejiaju/App/Ht/Controller/ProductController.class.php 第 14 行.
NOTIC: [8] Undefined index: shop_id /www/web/default/public_html/minibuysalejiaju/App/Ht/Controller/ProductController.class.php 第 15 行.
NOTIC: [8] Undefined index: type /www/web/default/public_html/minibuysalejiaju/App/Ht/Controller/ProductController.class.php 第 18 行.
NOTIC: [8] Undefined index: tuijian /www/web/default/public_html/minibuysalejiaju/App/Ht/Controller/ProductController.class.php 第 19 行.
NOTIC: [8] Undefined index: name /www/web/default/public_html/minibuysalejiaju/App/Ht/Controller/ProductController.class.php 第 20 行.
SQL: SHOW COLUMNS FROM `lr_product` [ RunTime:0.0014s ]
SQL: SELECT COUNT(*) AS tp_count FROM `lr_product` WHERE ( 1=1 AND pro_type=1 AND del<1 ) LIMIT 1   [ RunTime:0.0001s ]
NOTIC: [8] Undefined index: page /www/web/default/public_html/minibuysalejiaju/App/Ht/Controller/ProductController.class.php 第 32 行.
SQL: SELECT * FROM `lr_product` WHERE ( 1=1 AND pro_type=1 AND del<1 ) ORDER BY addtime desc LIMIT 0,20   [ RunTime:0.0001s ]
SQL: SHOW COLUMNS FROM `lr_shangchang` [ RunTime:0.0010s ]
SQL: SELECT `name` FROM `lr_shangchang` WHERE ( id=1 ) LIMIT 1   [ RunTime:0.0001s ]
SQL: SHOW COLUMNS FROM `lr_category` [ RunTime:0.0008s ]
SQL: SELECT `name` FROM `lr_category` WHERE ( id=23 ) LIMIT 1   [ RunTime:0.0001s ]
SQL: SELECT `name` FROM `lr_shangchang` WHERE ( id=1 ) LIMIT 1   [ RunTime:0.0001s ]
SQL: SELECT `name` FROM `lr_category` WHERE ( id=23 ) LIMIT 1   [ RunTime:0.0001s ]
SQL: SELECT `name` FROM `lr_shangchang` WHERE ( id=1 ) LIMIT 1   [ RunTime:0.0001s ]
SQL: SELECT `name` FROM `lr_category` WHERE ( id=23 ) LIMIT 1   [ RunTime:0.0001s ]
SQL: SELECT `name` FROM `lr_shangchang` WHERE ( id=1 ) LIMIT 1   [ RunTime:0.0001s ]
SQL: SELECT `name` FROM `lr_category` WHERE ( id=23 ) LIMIT 1   [ RunTime:0.0001s ]
SQL: SELECT `name` FROM `lr_shangchang` WHERE ( id=1 ) LIMIT 1   [ RunTime:0.0001s ]
SQL: SELECT `name` FROM `lr_category` WHERE ( id=23 ) LIMIT 1   [ RunTime:0.0001s ]
SQL: SELECT `name` FROM `lr_shangchang` WHERE ( id=1 ) LIMIT 1   [ RunTime:0.0001s ]
SQL: SELECT `name` FROM `lr_category` WHERE ( id=23 ) LIMIT 1   [ RunTime:0.0001s ]
SQL: SELECT `name` FROM `lr_shangchang` WHERE ( id=1 ) LIMIT 1   [ RunTime:0.0001s ]
SQL: SELECT `name` FROM `lr_category` WHERE ( id=23 ) LIMIT 1   [ RunTime:0.0001s ]
SQL: SELECT `name` FROM `lr_shangchang` WHERE ( id=1 ) LIMIT 1   [ RunTime:0.0001s ]
SQL: SELECT `name` FROM `lr_category` WHERE ( id=23 ) LIMIT 1   [ RunTime:0.0001s ]
SQL: SELECT `name` FROM `lr_shangchang` WHERE ( id=1 ) LIMIT 1   [ RunTime:0.0001s ]
SQL: SELECT `name` FROM `lr_category` WHERE ( id=23 ) LIMIT 1   [ RunTime:0.0001s ]
SQL: SELECT `name` FROM `lr_shangchang` WHERE ( id=1 ) LIMIT 1   [ RunTime:0.0001s ]
SQL: SELECT `name` FROM `lr_category` WHERE ( id=23 ) LIMIT 1   [ RunTime:0.0001s ]
SQL: SELECT `name` FROM `lr_shangchang` WHERE ( id=1 ) LIMIT 1   [ RunTime:0.0001s ]
SQL: SELECT `name` FROM `lr_category` WHERE ( id=23 ) LIMIT 1   [ RunTime:0.0001s ]
SQL: SELECT `name` FROM `lr_shangchang` WHERE ( id=1 ) LIMIT 1   [ RunTime:0.0001s ]
SQL: SELECT `name` FROM `lr_category` WHERE ( id=23 ) LIMIT 1   [ RunTime:0.0001s ]
SQL: SELECT `name` FROM `lr_shangchang` WHERE ( id=1 ) LIMIT 1   [ RunTime:0.0001s ]
SQL: SELECT `name` FROM `lr_category` WHERE ( id=23 ) LIMIT 1   [ RunTime:0.0001s ]
SQL: SELECT `name` FROM `lr_shangchang` WHERE ( id=1 ) LIMIT 1   [ RunTime:0.0001s ]
SQL: SELECT `name` FROM `lr_category` WHERE ( id=23 ) LIMIT 1   [ RunTime:0.0001s ]
SQL: SELECT `name` FROM `lr_shangchang` WHERE ( id=1 ) LIMIT 1   [ RunTime:0.0001s ]
SQL: SELECT `name` FROM `lr_category` WHERE ( id=23 ) LIMIT 1   [ RunTime:0.0001s ]
SQL: SELECT `name` FROM `lr_shangchang` WHERE ( id=1 ) LIMIT 1   [ RunTime:0.0001s ]
SQL: SELECT `name` FROM `lr_category` WHERE ( id=23 ) LIMIT 1   [ RunTime:0.0001s ]
SQL: SELECT `name` FROM `lr_shangchang` WHERE ( id=1 ) LIMIT 1   [ RunTime:0.0001s ]
SQL: SELECT `name` FROM `lr_category` WHERE ( id=23 ) LIMIT 1   [ RunTime:0.0001s ]
SQL: SELECT `name` FROM `lr_shangchang` WHERE ( id=1 ) LIMIT 1   [ RunTime:0.0001s ]
SQL: SELECT `name` FROM `lr_category` WHERE ( id=23 ) LIMIT 1   [ RunTime:0.0001s ]
SQL: SELECT `name` FROM `lr_shangchang` WHERE ( id=1 ) LIMIT 1   [ RunTime:0.0001s ]
SQL: SELECT `name` FROM `lr_category` WHERE ( id=23 ) LIMIT 1   [ RunTime:0.0001s ]
SQL: SELECT `name` FROM `lr_shangchang` WHERE ( id=1 ) LIMIT 1   [ RunTime:0.0001s ]
SQL: SELECT `name` FROM `lr_category` WHERE ( id=22 ) LIMIT 1   [ RunTime:0.0001s ]
INFO: [ view_parse ] --START--
INFO: [ template_filter ] --START--
INFO: Run Behavior\ContentReplaceBehavior [ RunTime:0.000076s ]
INFO: [ template_filter ] --END-- [ RunTime:0.000142s ]
INFO: Run Behavior\ParseTemplateBehavior [ RunTime:0.011572s ]
INFO: [ view_parse ] --END-- [ RunTime:0.011625s ]
INFO: [ view_filter ] --START--
INFO: Run Behavior\WriteHtmlCacheBehavior [ RunTime:0.000220s ]
INFO: [ view_filter ] --END-- [ RunTime:0.000270s ]
INFO: [ app_end ] --START--
INFO: Run Behavior\ShowPageTraceBehavior [ RunTime:0.000560s ]
INFO: [ app_end ] --END-- [ RunTime:0.000649s ]

