[ 2017-08-30T13:36:41+08:00 ] 58.255.45.159 /minibuysalejiaju/index.php/Ht/Index/index.html
NOTIC: [8] Use of undefined constant SHOW_PAGE_TRACE - assumed 'SHOW_PAGE_TRACE' /www/web/default/public_html/minibuysalejiaju/App/Common/Conf/debug.php 第 4 行.
INFO: [ app_init ] --START--
INFO: Run Behavior\BuildLiteBehavior [ RunTime:0.000014s ]
INFO: [ app_init ] --END-- [ RunTime:0.000078s ]
INFO: [ app_begin ] --START--
INFO: Run Behavior\ReadHtmlCacheBehavior [ RunTime:0.000423s ]
INFO: [ app_begin ] --END-- [ RunTime:0.000476s ]

[ 2017-08-30T13:36:43+08:00 ] 58.255.45.159 /minibuysalejiaju/index.php/Ht/Login/index.html
NOTIC: [8] Use of undefined constant SHOW_PAGE_TRACE - assumed 'SHOW_PAGE_TRACE' /www/web/default/public_html/minibuysalejiaju/App/Common/Conf/debug.php 第 4 行.
INFO: [ app_init ] --START--
INFO: Run Behavior\BuildLiteBehavior [ RunTime:0.000013s ]
INFO: [ app_init ] --END-- [ RunTime:0.000062s ]
INFO: [ app_begin ] --START--
INFO: Run Behavior\ReadHtmlCacheBehavior [ RunTime:0.000408s ]
INFO: [ app_begin ] --END-- [ RunTime:0.000458s ]
SQL: SHOW COLUMNS FROM `lr_program` [ RunTime:0.0042s ]
SQL: SELECT * FROM `lr_program` LIMIT 1   [ RunTime:0.0012s ]
INFO: [ view_parse ] --START--
INFO: [ template_filter ] --START--
INFO: Run Behavior\ContentReplaceBehavior [ RunTime:0.000073s ]
INFO: [ template_filter ] --END-- [ RunTime:0.000166s ]
NOTIC: [8] Undefined variable: key /www/web/default/public_html/minibuysalejiaju/App/Runtime/Cache/Ht/2d4ce69e9c2d15d777794fcdbaefd3a2.php 第 24 行.
INFO: Run Behavior\ParseTemplateBehavior [ RunTime:0.011164s ]
INFO: [ view_parse ] --END-- [ RunTime:0.011216s ]
INFO: [ view_filter ] --START--
INFO: Run Behavior\WriteHtmlCacheBehavior [ RunTime:0.001598s ]
INFO: [ view_filter ] --END-- [ RunTime:0.001643s ]
INFO: [ app_end ] --START--
INFO: Run Behavior\ShowPageTraceBehavior [ RunTime:0.001461s ]
INFO: [ app_end ] --END-- [ RunTime:0.001505s ]

