[ 2017-08-05T08:51:13+08:00 ] 112.93.202.19 /minibuysalejiaju/index.php/Ht/Login/index.html
NOTIC: [8] Use of undefined constant SHOW_PAGE_TRACE - assumed 'SHOW_PAGE_TRACE' /www/web/default/public_html/minibuysalejiaju/App/Common/Conf/debug.php 第 4 行.
INFO: [ app_init ] --START--
INFO: Run Behavior\BuildLiteBehavior [ RunTime:0.000012s ]
INFO: [ app_init ] --END-- [ RunTime:0.000063s ]
INFO: [ app_begin ] --START--
INFO: Run Behavior\ReadHtmlCacheBehavior [ RunTime:0.000429s ]
INFO: [ app_begin ] --END-- [ RunTime:0.000481s ]
SQL: SHOW COLUMNS FROM `lr_program` [ RunTime:0.0019s ]
SQL: SELECT * FROM `lr_program` LIMIT 1   [ RunTime:0.0004s ]
INFO: [ view_parse ] --START--
INFO: [ template_filter ] --START--
INFO: Run Behavior\ContentReplaceBehavior [ RunTime:0.000051s ]
INFO: [ template_filter ] --END-- [ RunTime:0.000106s ]
NOTIC: [8] Undefined variable: key /www/web/default/public_html/minibuysalejiaju/App/Runtime/Cache/Ht/2d4ce69e9c2d15d777794fcdbaefd3a2.php 第 24 行.
INFO: Run Behavior\ParseTemplateBehavior [ RunTime:0.026782s ]
INFO: [ view_parse ] --END-- [ RunTime:0.026843s ]
INFO: [ view_filter ] --START--
INFO: Run Behavior\WriteHtmlCacheBehavior [ RunTime:0.000458s ]
INFO: [ view_filter ] --END-- [ RunTime:0.000500s ]
INFO: [ app_end ] --START--
INFO: Run Behavior\ShowPageTraceBehavior [ RunTime:0.000674s ]
INFO: [ app_end ] --END-- [ RunTime:0.000718s ]

[ 2017-08-05T08:51:32+08:00 ] 112.93.202.19 /minibuysalejiaju/index.php/Ht/Login/index.html?key=
NOTIC: [8] Use of undefined constant SHOW_PAGE_TRACE - assumed 'SHOW_PAGE_TRACE' /www/web/default/public_html/minibuysalejiaju/App/Common/Conf/debug.php 第 4 行.
INFO: [ app_init ] --START--
INFO: Run Behavior\BuildLiteBehavior [ RunTime:0.000012s ]
INFO: [ app_init ] --END-- [ RunTime:0.000078s ]
INFO: [ app_begin ] --START--
INFO: Run Behavior\ReadHtmlCacheBehavior [ RunTime:0.000422s ]
INFO: [ app_begin ] --END-- [ RunTime:0.000472s ]
SQL: SHOW COLUMNS FROM `lr_adminuser` [ RunTime:0.0204s ]
SQL: SELECT * FROM `lr_adminuser` WHERE ( name='iwoln' AND del<1 ) LIMIT 1   [ RunTime:0.0016s ]
SQL: SHOW COLUMNS FROM `lr_program` [ RunTime:0.0008s ]
SQL: SELECT * FROM `lr_program` LIMIT 1   [ RunTime:0.0001s ]
NOTIC: [8] Undefined index: shop_id /www/web/default/public_html/minibuysalejiaju/App/Ht/Controller/LoginController.class.php 第 21 行.
INFO: [ app_end ] --START--
INFO: Run Behavior\ShowPageTraceBehavior [ RunTime:0.000511s ]
INFO: [ app_end ] --END-- [ RunTime:0.000563s ]

[ 2017-08-05T08:51:34+08:00 ] 112.93.202.19 /minibuysalejiaju/index.php/Ht/Index/index.html
NOTIC: [8] Use of undefined constant SHOW_PAGE_TRACE - assumed 'SHOW_PAGE_TRACE' /www/web/default/public_html/minibuysalejiaju/App/Common/Conf/debug.php 第 4 行.
INFO: [ app_init ] --START--
INFO: Run Behavior\BuildLiteBehavior [ RunTime:0.000012s ]
INFO: [ app_init ] --END-- [ RunTime:0.000058s ]
INFO: [ app_begin ] --START--
INFO: Run Behavior\ReadHtmlCacheBehavior [ RunTime:0.000496s ]
INFO: [ app_begin ] --END-- [ RunTime:0.000546s ]
SQL: SHOW COLUMNS FROM `lr_web` [ RunTime:0.0018s ]
SQL: SELECT `concent` FROM `lr_web` WHERE ( id=5 ) LIMIT 1   [ RunTime:0.0002s ]
INFO: [ view_parse ] --START--
INFO: [ template_filter ] --START--
INFO: Run Behavior\ContentReplaceBehavior [ RunTime:0.000074s ]
INFO: [ template_filter ] --END-- [ RunTime:0.000120s ]
INFO: Run Behavior\ParseTemplateBehavior [ RunTime:0.008867s ]
INFO: [ view_parse ] --END-- [ RunTime:0.008917s ]
INFO: [ view_filter ] --START--
INFO: Run Behavior\WriteHtmlCacheBehavior [ RunTime:0.000202s ]
INFO: [ view_filter ] --END-- [ RunTime:0.000243s ]
INFO: [ app_end ] --START--
INFO: Run Behavior\ShowPageTraceBehavior [ RunTime:0.000386s ]
INFO: [ app_end ] --END-- [ RunTime:0.000430s ]

[ 2017-08-05T08:51:35+08:00 ] 112.93.202.19 /minibuysalejiaju/index.php/Ht/Page/adminindex.html
NOTIC: [8] Use of undefined constant SHOW_PAGE_TRACE - assumed 'SHOW_PAGE_TRACE' /www/web/default/public_html/minibuysalejiaju/App/Common/Conf/debug.php 第 4 行.
INFO: [ app_init ] --START--
INFO: Run Behavior\BuildLiteBehavior [ RunTime:0.000012s ]
INFO: [ app_init ] --END-- [ RunTime:0.000058s ]
INFO: [ app_begin ] --START--
INFO: Run Behavior\ReadHtmlCacheBehavior [ RunTime:0.000389s ]
INFO: [ app_begin ] --END-- [ RunTime:0.000438s ]
INFO: [ view_parse ] --START--
INFO: [ template_filter ] --START--
INFO: Run Behavior\ContentReplaceBehavior [ RunTime:0.000042s ]
INFO: [ template_filter ] --END-- [ RunTime:0.000090s ]
INFO: Run Behavior\ParseTemplateBehavior [ RunTime:0.024590s ]
INFO: [ view_parse ] --END-- [ RunTime:0.024644s ]
INFO: [ view_filter ] --START--
INFO: Run Behavior\WriteHtmlCacheBehavior [ RunTime:0.000231s ]
INFO: [ view_filter ] --END-- [ RunTime:0.000281s ]
INFO: [ app_end ] --START--
INFO: Run Behavior\ShowPageTraceBehavior [ RunTime:0.000398s ]
INFO: [ app_end ] --END-- [ RunTime:0.000440s ]

[ 2017-08-05T09:11:58+08:00 ] 112.93.202.19 /minibuysalejiaju/index.php/Ht/Product/index.html
NOTIC: [8] Use of undefined constant SHOW_PAGE_TRACE - assumed 'SHOW_PAGE_TRACE' /www/web/default/public_html/minibuysalejiaju/App/Common/Conf/debug.php 第 4 行.
INFO: [ app_init ] --START--
INFO: Run Behavior\BuildLiteBehavior [ RunTime:0.000012s ]
INFO: [ app_init ] --END-- [ RunTime:0.000060s ]
INFO: [ app_begin ] --START--
INFO: Run Behavior\ReadHtmlCacheBehavior [ RunTime:0.000412s ]
INFO: [ app_begin ] --END-- [ RunTime:0.000462s ]
NOTIC: [8] Undefined index: id /www/web/default/public_html/minibuysalejiaju/App/Ht/Controller/ProductController.class.php 第 14 行.
NOTIC: [8] Undefined index: shop_id /www/web/default/public_html/minibuysalejiaju/App/Ht/Controller/ProductController.class.php 第 15 行.
NOTIC: [8] Undefined index: type /www/web/default/public_html/minibuysalejiaju/App/Ht/Controller/ProductController.class.php 第 18 行.
NOTIC: [8] Undefined index: tuijian /www/web/default/public_html/minibuysalejiaju/App/Ht/Controller/ProductController.class.php 第 19 行.
NOTIC: [8] Undefined index: name /www/web/default/public_html/minibuysalejiaju/App/Ht/Controller/ProductController.class.php 第 20 行.
SQL: SHOW COLUMNS FROM `lr_product` [ RunTime:0.0013s ]
SQL: SELECT COUNT(*) AS tp_count FROM `lr_product` WHERE ( 1=1 AND pro_type=1 AND del<1 ) LIMIT 1   [ RunTime:0.0003s ]
NOTIC: [8] Undefined index: page /www/web/default/public_html/minibuysalejiaju/App/Ht/Controller/ProductController.class.php 第 32 行.
SQL: SELECT * FROM `lr_product` WHERE ( 1=1 AND pro_type=1 AND del<1 ) ORDER BY addtime desc LIMIT 0,20   [ RunTime:0.0004s ]
SQL: SHOW COLUMNS FROM `lr_shangchang` [ RunTime:0.0025s ]
SQL: SELECT `name` FROM `lr_shangchang` WHERE ( id=1 ) LIMIT 1   [ RunTime:0.0005s ]
SQL: SHOW COLUMNS FROM `lr_category` [ RunTime:0.0006s ]
SQL: SELECT `name` FROM `lr_category` WHERE ( id=23 ) LIMIT 1   [ RunTime:0.0002s ]
SQL: SELECT `name` FROM `lr_shangchang` WHERE ( id=1 ) LIMIT 1   [ RunTime:0.0001s ]
SQL: SELECT `name` FROM `lr_category` WHERE ( id=23 ) LIMIT 1   [ RunTime:0.0001s ]
SQL: SELECT `name` FROM `lr_shangchang` WHERE ( id=1 ) LIMIT 1   [ RunTime:0.0001s ]
SQL: SELECT `name` FROM `lr_category` WHERE ( id=23 ) LIMIT 1   [ RunTime:0.0001s ]
SQL: SELECT `name` FROM `lr_shangchang` WHERE ( id=1 ) LIMIT 1   [ RunTime:0.0001s ]
SQL: SELECT `name` FROM `lr_category` WHERE ( id=23 ) LIMIT 1   [ RunTime:0.0001s ]
SQL: SELECT `name` FROM `lr_shangchang` WHERE ( id=1 ) LIMIT 1   [ RunTime:0.0001s ]
SQL: SELECT `name` FROM `lr_category` WHERE ( id=23 ) LIMIT 1   [ RunTime:0.0001s ]
SQL: SELECT `name` FROM `lr_shangchang` WHERE ( id=1 ) LIMIT 1   [ RunTime:0.0001s ]
SQL: SELECT `name` FROM `lr_category` WHERE ( id=23 ) LIMIT 1   [ RunTime:0.0001s ]
SQL: SELECT `name` FROM `lr_shangchang` WHERE ( id=1 ) LIMIT 1   [ RunTime:0.0001s ]
SQL: SELECT `name` FROM `lr_category` WHERE ( id=23 ) LIMIT 1   [ RunTime:0.0001s ]
SQL: SELECT `name` FROM `lr_shangchang` WHERE ( id=1 ) LIMIT 1   [ RunTime:0.0001s ]
SQL: SELECT `name` FROM `lr_category` WHERE ( id=23 ) LIMIT 1   [ RunTime:0.0001s ]
SQL: SELECT `name` FROM `lr_shangchang` WHERE ( id=1 ) LIMIT 1   [ RunTime:0.0001s ]
SQL: SELECT `name` FROM `lr_category` WHERE ( id=23 ) LIMIT 1   [ RunTime:0.0001s ]
SQL: SELECT `name` FROM `lr_shangchang` WHERE ( id=1 ) LIMIT 1   [ RunTime:0.0001s ]
SQL: SELECT `name` FROM `lr_category` WHERE ( id=23 ) LIMIT 1   [ RunTime:0.0001s ]
SQL: SELECT `name` FROM `lr_shangchang` WHERE ( id=1 ) LIMIT 1   [ RunTime:0.0001s ]
SQL: SELECT `name` FROM `lr_category` WHERE ( id=23 ) LIMIT 1   [ RunTime:0.0001s ]
SQL: SELECT `name` FROM `lr_shangchang` WHERE ( id=1 ) LIMIT 1   [ RunTime:0.0001s ]
SQL: SELECT `name` FROM `lr_category` WHERE ( id=23 ) LIMIT 1   [ RunTime:0.0001s ]
SQL: SELECT `name` FROM `lr_shangchang` WHERE ( id=1 ) LIMIT 1   [ RunTime:0.0002s ]
SQL: SELECT `name` FROM `lr_category` WHERE ( id=23 ) LIMIT 1   [ RunTime:0.0001s ]
SQL: SELECT `name` FROM `lr_shangchang` WHERE ( id=1 ) LIMIT 1   [ RunTime:0.0001s ]
SQL: SELECT `name` FROM `lr_category` WHERE ( id=23 ) LIMIT 1   [ RunTime:0.0001s ]
SQL: SELECT `name` FROM `lr_shangchang` WHERE ( id=1 ) LIMIT 1   [ RunTime:0.0001s ]
SQL: SELECT `name` FROM `lr_category` WHERE ( id=23 ) LIMIT 1   [ RunTime:0.0001s ]
SQL: SELECT `name` FROM `lr_shangchang` WHERE ( id=1 ) LIMIT 1   [ RunTime:0.0001s ]
SQL: SELECT `name` FROM `lr_category` WHERE ( id=23 ) LIMIT 1   [ RunTime:0.0001s ]
SQL: SELECT `name` FROM `lr_shangchang` WHERE ( id=1 ) LIMIT 1   [ RunTime:0.0001s ]
SQL: SELECT `name` FROM `lr_category` WHERE ( id=23 ) LIMIT 1   [ RunTime:0.0001s ]
SQL: SELECT `name` FROM `lr_shangchang` WHERE ( id=1 ) LIMIT 1   [ RunTime:0.0001s ]
SQL: SELECT `name` FROM `lr_category` WHERE ( id=23 ) LIMIT 1   [ RunTime:0.0001s ]
SQL: SELECT `name` FROM `lr_shangchang` WHERE ( id=1 ) LIMIT 1   [ RunTime:0.0001s ]
SQL: SELECT `name` FROM `lr_category` WHERE ( id=23 ) LIMIT 1   [ RunTime:0.0001s ]
SQL: SELECT `name` FROM `lr_shangchang` WHERE ( id=1 ) LIMIT 1   [ RunTime:0.0001s ]
SQL: SELECT `name` FROM `lr_category` WHERE ( id=22 ) LIMIT 1   [ RunTime:0.0002s ]
INFO: [ view_parse ] --START--
INFO: [ template_filter ] --START--
INFO: Run Behavior\ContentReplaceBehavior [ RunTime:0.000069s ]
INFO: [ template_filter ] --END-- [ RunTime:0.000121s ]
INFO: Run Behavior\ParseTemplateBehavior [ RunTime:0.026215s ]
INFO: [ view_parse ] --END-- [ RunTime:0.026285s ]
INFO: [ view_filter ] --START--
INFO: Run Behavior\WriteHtmlCacheBehavior [ RunTime:0.000276s ]
INFO: [ view_filter ] --END-- [ RunTime:0.000334s ]
INFO: [ app_end ] --START--
INFO: Run Behavior\ShowPageTraceBehavior [ RunTime:0.000463s ]
INFO: [ app_end ] --END-- [ RunTime:0.000524s ]

[ 2017-08-05T09:25:12+08:00 ] 112.93.202.19 /minibuysalejiaju/index.php/Ht/Index/index.html
NOTIC: [8] Use of undefined constant SHOW_PAGE_TRACE - assumed 'SHOW_PAGE_TRACE' /www/web/default/public_html/minibuysalejiaju/App/Common/Conf/debug.php 第 4 行.
INFO: [ app_init ] --START--
INFO: Run Behavior\BuildLiteBehavior [ RunTime:0.000017s ]
INFO: [ app_init ] --END-- [ RunTime:0.000085s ]
INFO: [ app_begin ] --START--
INFO: Run Behavior\ReadHtmlCacheBehavior [ RunTime:0.000416s ]
INFO: [ app_begin ] --END-- [ RunTime:0.000466s ]

[ 2017-08-05T09:25:14+08:00 ] 112.93.202.19 /minibuysalejiaju/index.php/Ht/Login/index.html
NOTIC: [8] Use of undefined constant SHOW_PAGE_TRACE - assumed 'SHOW_PAGE_TRACE' /www/web/default/public_html/minibuysalejiaju/App/Common/Conf/debug.php 第 4 行.
INFO: [ app_init ] --START--
INFO: Run Behavior\BuildLiteBehavior [ RunTime:0.000013s ]
INFO: [ app_init ] --END-- [ RunTime:0.000060s ]
INFO: [ app_begin ] --START--
INFO: Run Behavior\ReadHtmlCacheBehavior [ RunTime:0.000389s ]
INFO: [ app_begin ] --END-- [ RunTime:0.000440s ]
SQL: SHOW COLUMNS FROM `lr_program` [ RunTime:0.0010s ]
SQL: SELECT * FROM `lr_program` LIMIT 1   [ RunTime:0.0001s ]
INFO: [ view_parse ] --START--
INFO: [ template_filter ] --START--
INFO: Run Behavior\ContentReplaceBehavior [ RunTime:0.000052s ]
INFO: [ template_filter ] --END-- [ RunTime:0.000103s ]
NOTIC: [8] Undefined variable: key /www/web/default/public_html/minibuysalejiaju/App/Runtime/Cache/Ht/2d4ce69e9c2d15d777794fcdbaefd3a2.php 第 24 行.
INFO: Run Behavior\ParseTemplateBehavior [ RunTime:0.004814s ]
INFO: [ view_parse ] --END-- [ RunTime:0.004857s ]
INFO: [ view_filter ] --START--
INFO: Run Behavior\WriteHtmlCacheBehavior [ RunTime:0.000221s ]
INFO: [ view_filter ] --END-- [ RunTime:0.000262s ]
INFO: [ app_end ] --START--
INFO: Run Behavior\ShowPageTraceBehavior [ RunTime:0.000395s ]
INFO: [ app_end ] --END-- [ RunTime:0.000449s ]

[ 2017-08-05T09:25:27+08:00 ] 112.93.202.19 /minibuysalejiaju/index.php/Ht/Login/index.html?key=
NOTIC: [8] Use of undefined constant SHOW_PAGE_TRACE - assumed 'SHOW_PAGE_TRACE' /www/web/default/public_html/minibuysalejiaju/App/Common/Conf/debug.php 第 4 行.
INFO: [ app_init ] --START--
INFO: Run Behavior\BuildLiteBehavior [ RunTime:0.000014s ]
INFO: [ app_init ] --END-- [ RunTime:0.000063s ]
INFO: [ app_begin ] --START--
INFO: Run Behavior\ReadHtmlCacheBehavior [ RunTime:0.000380s ]
INFO: [ app_begin ] --END-- [ RunTime:0.000431s ]
SQL: SHOW COLUMNS FROM `lr_adminuser` [ RunTime:0.0010s ]
SQL: SELECT * FROM `lr_adminuser` WHERE ( name='iwoln' AND del<1 ) LIMIT 1   [ RunTime:0.0001s ]
SQL: SHOW COLUMNS FROM `lr_program` [ RunTime:0.0007s ]
SQL: SELECT * FROM `lr_program` LIMIT 1   [ RunTime:0.0001s ]
NOTIC: [8] Undefined index: shop_id /www/web/default/public_html/minibuysalejiaju/App/Ht/Controller/LoginController.class.php 第 21 行.
INFO: [ app_end ] --START--
INFO: Run Behavior\ShowPageTraceBehavior [ RunTime:0.000457s ]
INFO: [ app_end ] --END-- [ RunTime:0.000504s ]

[ 2017-08-05T09:25:29+08:00 ] 112.93.202.19 /minibuysalejiaju/index.php/Ht/Index/index.html
NOTIC: [8] Use of undefined constant SHOW_PAGE_TRACE - assumed 'SHOW_PAGE_TRACE' /www/web/default/public_html/minibuysalejiaju/App/Common/Conf/debug.php 第 4 行.
INFO: [ app_init ] --START--
INFO: Run Behavior\BuildLiteBehavior [ RunTime:0.000032s ]
INFO: [ app_init ] --END-- [ RunTime:0.000082s ]
INFO: [ app_begin ] --START--
INFO: Run Behavior\ReadHtmlCacheBehavior [ RunTime:0.000414s ]
INFO: [ app_begin ] --END-- [ RunTime:0.000466s ]
SQL: SHOW COLUMNS FROM `lr_web` [ RunTime:0.0011s ]
SQL: SELECT `concent` FROM `lr_web` WHERE ( id=5 ) LIMIT 1   [ RunTime:0.0001s ]
INFO: [ view_parse ] --START--
INFO: [ template_filter ] --START--
INFO: Run Behavior\ContentReplaceBehavior [ RunTime:0.000084s ]
INFO: [ template_filter ] --END-- [ RunTime:0.000171s ]
INFO: Run Behavior\ParseTemplateBehavior [ RunTime:0.009489s ]
INFO: [ view_parse ] --END-- [ RunTime:0.009544s ]
INFO: [ view_filter ] --START--
INFO: Run Behavior\WriteHtmlCacheBehavior [ RunTime:0.000212s ]
INFO: [ view_filter ] --END-- [ RunTime:0.000259s ]
INFO: [ app_end ] --START--
INFO: Run Behavior\ShowPageTraceBehavior [ RunTime:0.000430s ]
INFO: [ app_end ] --END-- [ RunTime:0.000477s ]

[ 2017-08-05T09:25:30+08:00 ] 112.93.202.19 /minibuysalejiaju/index.php/Ht/Page/adminindex.html
NOTIC: [8] Use of undefined constant SHOW_PAGE_TRACE - assumed 'SHOW_PAGE_TRACE' /www/web/default/public_html/minibuysalejiaju/App/Common/Conf/debug.php 第 4 行.
INFO: [ app_init ] --START--
INFO: Run Behavior\BuildLiteBehavior [ RunTime:0.000013s ]
INFO: [ app_init ] --END-- [ RunTime:0.000059s ]
INFO: [ app_begin ] --START--
INFO: Run Behavior\ReadHtmlCacheBehavior [ RunTime:0.000408s ]
INFO: [ app_begin ] --END-- [ RunTime:0.000469s ]
INFO: [ view_parse ] --START--
INFO: [ template_filter ] --START--
INFO: Run Behavior\ContentReplaceBehavior [ RunTime:0.000054s ]
INFO: [ template_filter ] --END-- [ RunTime:0.000110s ]
INFO: Run Behavior\ParseTemplateBehavior [ RunTime:0.004505s ]
INFO: [ view_parse ] --END-- [ RunTime:0.004558s ]
INFO: [ view_filter ] --START--
INFO: Run Behavior\WriteHtmlCacheBehavior [ RunTime:0.000224s ]
INFO: [ view_filter ] --END-- [ RunTime:0.000265s ]
INFO: [ app_end ] --START--
INFO: Run Behavior\ShowPageTraceBehavior [ RunTime:0.000483s ]
INFO: [ app_end ] --END-- [ RunTime:0.000526s ]

[ 2017-08-05T09:25:34+08:00 ] 112.93.202.19 /minibuysalejiaju/index.php/Ht/Product/index.html
NOTIC: [8] Use of undefined constant SHOW_PAGE_TRACE - assumed 'SHOW_PAGE_TRACE' /www/web/default/public_html/minibuysalejiaju/App/Common/Conf/debug.php 第 4 行.
INFO: [ app_init ] --START--
INFO: Run Behavior\BuildLiteBehavior [ RunTime:0.000016s ]
INFO: [ app_init ] --END-- [ RunTime:0.000067s ]
INFO: [ app_begin ] --START--
INFO: Run Behavior\ReadHtmlCacheBehavior [ RunTime:0.000410s ]
INFO: [ app_begin ] --END-- [ RunTime:0.000460s ]
NOTIC: [8] Undefined index: id /www/web/default/public_html/minibuysalejiaju/App/Ht/Controller/ProductController.class.php 第 14 行.
NOTIC: [8] Undefined index: shop_id /www/web/default/public_html/minibuysalejiaju/App/Ht/Controller/ProductController.class.php 第 15 行.
NOTIC: [8] Undefined index: type /www/web/default/public_html/minibuysalejiaju/App/Ht/Controller/ProductController.class.php 第 18 行.
NOTIC: [8] Undefined index: tuijian /www/web/default/public_html/minibuysalejiaju/App/Ht/Controller/ProductController.class.php 第 19 行.
NOTIC: [8] Undefined index: name /www/web/default/public_html/minibuysalejiaju/App/Ht/Controller/ProductController.class.php 第 20 行.
SQL: SHOW COLUMNS FROM `lr_product` [ RunTime:0.0014s ]
SQL: SELECT COUNT(*) AS tp_count FROM `lr_product` WHERE ( 1=1 AND pro_type=1 AND del<1 ) LIMIT 1   [ RunTime:0.0001s ]
NOTIC: [8] Undefined index: page /www/web/default/public_html/minibuysalejiaju/App/Ht/Controller/ProductController.class.php 第 32 行.
SQL: SELECT * FROM `lr_product` WHERE ( 1=1 AND pro_type=1 AND del<1 ) ORDER BY addtime desc LIMIT 0,20   [ RunTime:0.0002s ]
SQL: SHOW COLUMNS FROM `lr_shangchang` [ RunTime:0.0010s ]
SQL: SELECT `name` FROM `lr_shangchang` WHERE ( id=1 ) LIMIT 1   [ RunTime:0.0001s ]
SQL: SHOW COLUMNS FROM `lr_category` [ RunTime:0.0008s ]
SQL: SELECT `name` FROM `lr_category` WHERE ( id=23 ) LIMIT 1   [ RunTime:0.0001s ]
SQL: SELECT `name` FROM `lr_shangchang` WHERE ( id=1 ) LIMIT 1   [ RunTime:0.0001s ]
SQL: SELECT `name` FROM `lr_category` WHERE ( id=23 ) LIMIT 1   [ RunTime:0.0001s ]
SQL: SELECT `name` FROM `lr_shangchang` WHERE ( id=1 ) LIMIT 1   [ RunTime:0.0001s ]
SQL: SELECT `name` FROM `lr_category` WHERE ( id=23 ) LIMIT 1   [ RunTime:0.0001s ]
SQL: SELECT `name` FROM `lr_shangchang` WHERE ( id=1 ) LIMIT 1   [ RunTime:0.0001s ]
SQL: SELECT `name` FROM `lr_category` WHERE ( id=23 ) LIMIT 1   [ RunTime:0.0001s ]
SQL: SELECT `name` FROM `lr_shangchang` WHERE ( id=1 ) LIMIT 1   [ RunTime:0.0001s ]
SQL: SELECT `name` FROM `lr_category` WHERE ( id=23 ) LIMIT 1   [ RunTime:0.0001s ]
SQL: SELECT `name` FROM `lr_shangchang` WHERE ( id=1 ) LIMIT 1   [ RunTime:0.0001s ]
SQL: SELECT `name` FROM `lr_category` WHERE ( id=23 ) LIMIT 1   [ RunTime:0.0001s ]
SQL: SELECT `name` FROM `lr_shangchang` WHERE ( id=1 ) LIMIT 1   [ RunTime:0.0001s ]
SQL: SELECT `name` FROM `lr_category` WHERE ( id=23 ) LIMIT 1   [ RunTime:0.0001s ]
SQL: SELECT `name` FROM `lr_shangchang` WHERE ( id=1 ) LIMIT 1   [ RunTime:0.0001s ]
SQL: SELECT `name` FROM `lr_category` WHERE ( id=23 ) LIMIT 1   [ RunTime:0.0001s ]
SQL: SELECT `name` FROM `lr_shangchang` WHERE ( id=1 ) LIMIT 1   [ RunTime:0.0001s ]
SQL: SELECT `name` FROM `lr_category` WHERE ( id=23 ) LIMIT 1   [ RunTime:0.0001s ]
SQL: SELECT `name` FROM `lr_shangchang` WHERE ( id=1 ) LIMIT 1   [ RunTime:0.0001s ]
SQL: SELECT `name` FROM `lr_category` WHERE ( id=23 ) LIMIT 1   [ RunTime:0.0001s ]
SQL: SELECT `name` FROM `lr_shangchang` WHERE ( id=1 ) LIMIT 1   [ RunTime:0.0001s ]
SQL: SELECT `name` FROM `lr_category` WHERE ( id=23 ) LIMIT 1   [ RunTime:0.0001s ]
SQL: SELECT `name` FROM `lr_shangchang` WHERE ( id=1 ) LIMIT 1   [ RunTime:0.0001s ]
SQL: SELECT `name` FROM `lr_category` WHERE ( id=23 ) LIMIT 1   [ RunTime:0.0001s ]
SQL: SELECT `name` FROM `lr_shangchang` WHERE ( id=1 ) LIMIT 1   [ RunTime:0.0001s ]
SQL: SELECT `name` FROM `lr_category` WHERE ( id=23 ) LIMIT 1   [ RunTime:0.0001s ]
SQL: SELECT `name` FROM `lr_shangchang` WHERE ( id=1 ) LIMIT 1   [ RunTime:0.0001s ]
SQL: SELECT `name` FROM `lr_category` WHERE ( id=23 ) LIMIT 1   [ RunTime:0.0001s ]
SQL: SELECT `name` FROM `lr_shangchang` WHERE ( id=1 ) LIMIT 1   [ RunTime:0.0001s ]
SQL: SELECT `name` FROM `lr_category` WHERE ( id=23 ) LIMIT 1   [ RunTime:0.0001s ]
SQL: SELECT `name` FROM `lr_shangchang` WHERE ( id=1 ) LIMIT 1   [ RunTime:0.0001s ]
SQL: SELECT `name` FROM `lr_category` WHERE ( id=23 ) LIMIT 1   [ RunTime:0.0001s ]
SQL: SELECT `name` FROM `lr_shangchang` WHERE ( id=1 ) LIMIT 1   [ RunTime:0.0001s ]
SQL: SELECT `name` FROM `lr_category` WHERE ( id=23 ) LIMIT 1   [ RunTime:0.0001s ]
SQL: SELECT `name` FROM `lr_shangchang` WHERE ( id=1 ) LIMIT 1   [ RunTime:0.0001s ]
SQL: SELECT `name` FROM `lr_category` WHERE ( id=23 ) LIMIT 1   [ RunTime:0.0001s ]
SQL: SELECT `name` FROM `lr_shangchang` WHERE ( id=1 ) LIMIT 1   [ RunTime:0.0001s ]
SQL: SELECT `name` FROM `lr_category` WHERE ( id=23 ) LIMIT 1   [ RunTime:0.0001s ]
SQL: SELECT `name` FROM `lr_shangchang` WHERE ( id=1 ) LIMIT 1   [ RunTime:0.0001s ]
SQL: SELECT `name` FROM `lr_category` WHERE ( id=22 ) LIMIT 1   [ RunTime:0.0001s ]
INFO: [ view_parse ] --START--
INFO: [ template_filter ] --START--
INFO: Run Behavior\ContentReplaceBehavior [ RunTime:0.000076s ]
INFO: [ template_filter ] --END-- [ RunTime:0.000138s ]
INFO: Run Behavior\ParseTemplateBehavior [ RunTime:0.011570s ]
INFO: [ view_parse ] --END-- [ RunTime:0.011638s ]
INFO: [ view_filter ] --START--
INFO: Run Behavior\WriteHtmlCacheBehavior [ RunTime:0.000208s ]
INFO: [ view_filter ] --END-- [ RunTime:0.000257s ]
INFO: [ app_end ] --START--
INFO: Run Behavior\ShowPageTraceBehavior [ RunTime:0.000439s ]
INFO: [ app_end ] --END-- [ RunTime:0.000513s ]

[ 2017-08-05T09:25:47+08:00 ] 112.93.202.19 /minibuysalejiaju/index.php/Ht/More/indeximg.html
NOTIC: [8] Use of undefined constant SHOW_PAGE_TRACE - assumed 'SHOW_PAGE_TRACE' /www/web/default/public_html/minibuysalejiaju/App/Common/Conf/debug.php 第 4 行.
INFO: [ app_init ] --START--
INFO: Run Behavior\BuildLiteBehavior [ RunTime:0.000012s ]
INFO: [ app_init ] --END-- [ RunTime:0.000080s ]
INFO: [ app_begin ] --START--
INFO: Run Behavior\ReadHtmlCacheBehavior [ RunTime:0.000410s ]
INFO: [ app_begin ] --END-- [ RunTime:0.000459s ]
SQL: SHOW COLUMNS FROM `lr_indeximg` [ RunTime:0.0018s ]
SQL: SELECT * FROM `lr_indeximg` WHERE ( 1=1 )  [ RunTime:0.0005s ]
INFO: [ view_parse ] --START--
INFO: [ template_filter ] --START--
INFO: Run Behavior\ContentReplaceBehavior [ RunTime:0.000100s ]
INFO: [ template_filter ] --END-- [ RunTime:0.000171s ]
NOTIC: [8] Undefined variable: page_index /www/web/default/public_html/minibuysalejiaju/App/Runtime/Cache/Ht/03a19c76e15009757023fb9a3bd0268e.php 第 34 行.
INFO: Run Behavior\ParseTemplateBehavior [ RunTime:0.021253s ]
INFO: [ view_parse ] --END-- [ RunTime:0.021326s ]
INFO: [ view_filter ] --START--
INFO: Run Behavior\WriteHtmlCacheBehavior [ RunTime:0.000241s ]
INFO: [ view_filter ] --END-- [ RunTime:0.000288s ]
INFO: [ app_end ] --START--
INFO: Run Behavior\ShowPageTraceBehavior [ RunTime:0.000519s ]
INFO: [ app_end ] --END-- [ RunTime:0.000581s ]

[ 2017-08-05T09:31:00+08:00 ] 112.93.202.19 /minibuysalejiaju/index.php/Ht/Product/index.html
NOTIC: [8] Use of undefined constant SHOW_PAGE_TRACE - assumed 'SHOW_PAGE_TRACE' /www/web/default/public_html/minibuysalejiaju/App/Common/Conf/debug.php 第 4 行.
INFO: [ app_init ] --START--
INFO: Run Behavior\BuildLiteBehavior [ RunTime:0.000012s ]
INFO: [ app_init ] --END-- [ RunTime:0.000059s ]
INFO: [ app_begin ] --START--
INFO: Run Behavior\ReadHtmlCacheBehavior [ RunTime:0.000408s ]
INFO: [ app_begin ] --END-- [ RunTime:0.000457s ]
NOTIC: [8] Undefined index: id /www/web/default/public_html/minibuysalejiaju/App/Ht/Controller/ProductController.class.php 第 14 行.
NOTIC: [8] Undefined index: shop_id /www/web/default/public_html/minibuysalejiaju/App/Ht/Controller/ProductController.class.php 第 15 行.
NOTIC: [8] Undefined index: type /www/web/default/public_html/minibuysalejiaju/App/Ht/Controller/ProductController.class.php 第 18 行.
NOTIC: [8] Undefined index: tuijian /www/web/default/public_html/minibuysalejiaju/App/Ht/Controller/ProductController.class.php 第 19 行.
NOTIC: [8] Undefined index: name /www/web/default/public_html/minibuysalejiaju/App/Ht/Controller/ProductController.class.php 第 20 行.
SQL: SHOW COLUMNS FROM `lr_product` [ RunTime:0.0013s ]
SQL: SELECT COUNT(*) AS tp_count FROM `lr_product` WHERE ( 1=1 AND pro_type=1 AND del<1 ) LIMIT 1   [ RunTime:0.0001s ]
NOTIC: [8] Undefined index: page /www/web/default/public_html/minibuysalejiaju/App/Ht/Controller/ProductController.class.php 第 32 行.
SQL: SELECT * FROM `lr_product` WHERE ( 1=1 AND pro_type=1 AND del<1 ) ORDER BY addtime desc LIMIT 0,20   [ RunTime:0.0001s ]
SQL: SHOW COLUMNS FROM `lr_shangchang` [ RunTime:0.0009s ]
SQL: SELECT `name` FROM `lr_shangchang` WHERE ( id=1 ) LIMIT 1   [ RunTime:0.0001s ]
SQL: SHOW COLUMNS FROM `lr_category` [ RunTime:0.0008s ]
SQL: SELECT `name` FROM `lr_category` WHERE ( id=23 ) LIMIT 1   [ RunTime:0.0001s ]
SQL: SELECT `name` FROM `lr_shangchang` WHERE ( id=1 ) LIMIT 1   [ RunTime:0.0001s ]
SQL: SELECT `name` FROM `lr_category` WHERE ( id=23 ) LIMIT 1   [ RunTime:0.0001s ]
SQL: SELECT `name` FROM `lr_shangchang` WHERE ( id=1 ) LIMIT 1   [ RunTime:0.0001s ]
SQL: SELECT `name` FROM `lr_category` WHERE ( id=23 ) LIMIT 1   [ RunTime:0.0001s ]
SQL: SELECT `name` FROM `lr_shangchang` WHERE ( id=1 ) LIMIT 1   [ RunTime:0.0001s ]
SQL: SELECT `name` FROM `lr_category` WHERE ( id=23 ) LIMIT 1   [ RunTime:0.0001s ]
SQL: SELECT `name` FROM `lr_shangchang` WHERE ( id=1 ) LIMIT 1   [ RunTime:0.0001s ]
SQL: SELECT `name` FROM `lr_category` WHERE ( id=23 ) LIMIT 1   [ RunTime:0.0001s ]
SQL: SELECT `name` FROM `lr_shangchang` WHERE ( id=1 ) LIMIT 1   [ RunTime:0.0001s ]
SQL: SELECT `name` FROM `lr_category` WHERE ( id=23 ) LIMIT 1   [ RunTime:0.0001s ]
SQL: SELECT `name` FROM `lr_shangchang` WHERE ( id=1 ) LIMIT 1   [ RunTime:0.0001s ]
SQL: SELECT `name` FROM `lr_category` WHERE ( id=23 ) LIMIT 1   [ RunTime:0.0001s ]
SQL: SELECT `name` FROM `lr_shangchang` WHERE ( id=1 ) LIMIT 1   [ RunTime:0.0001s ]
SQL: SELECT `name` FROM `lr_category` WHERE ( id=23 ) LIMIT 1   [ RunTime:0.0001s ]
SQL: SELECT `name` FROM `lr_shangchang` WHERE ( id=1 ) LIMIT 1   [ RunTime:0.0001s ]
SQL: SELECT `name` FROM `lr_category` WHERE ( id=23 ) LIMIT 1   [ RunTime:0.0001s ]
SQL: SELECT `name` FROM `lr_shangchang` WHERE ( id=1 ) LIMIT 1   [ RunTime:0.0001s ]
SQL: SELECT `name` FROM `lr_category` WHERE ( id=23 ) LIMIT 1   [ RunTime:0.0001s ]
SQL: SELECT `name` FROM `lr_shangchang` WHERE ( id=1 ) LIMIT 1   [ RunTime:0.0001s ]
SQL: SELECT `name` FROM `lr_category` WHERE ( id=23 ) LIMIT 1   [ RunTime:0.0001s ]
SQL: SELECT `name` FROM `lr_shangchang` WHERE ( id=1 ) LIMIT 1   [ RunTime:0.0001s ]
SQL: SELECT `name` FROM `lr_category` WHERE ( id=23 ) LIMIT 1   [ RunTime:0.0001s ]
SQL: SELECT `name` FROM `lr_shangchang` WHERE ( id=1 ) LIMIT 1   [ RunTime:0.0001s ]
SQL: SELECT `name` FROM `lr_category` WHERE ( id=23 ) LIMIT 1   [ RunTime:0.0001s ]
SQL: SELECT `name` FROM `lr_shangchang` WHERE ( id=1 ) LIMIT 1   [ RunTime:0.0001s ]
SQL: SELECT `name` FROM `lr_category` WHERE ( id=23 ) LIMIT 1   [ RunTime:0.0001s ]
SQL: SELECT `name` FROM `lr_shangchang` WHERE ( id=1 ) LIMIT 1   [ RunTime:0.0001s ]
SQL: SELECT `name` FROM `lr_category` WHERE ( id=23 ) LIMIT 1   [ RunTime:0.0001s ]
SQL: SELECT `name` FROM `lr_shangchang` WHERE ( id=1 ) LIMIT 1   [ RunTime:0.0001s ]
SQL: SELECT `name` FROM `lr_category` WHERE ( id=23 ) LIMIT 1   [ RunTime:0.0001s ]
SQL: SELECT `name` FROM `lr_shangchang` WHERE ( id=1 ) LIMIT 1   [ RunTime:0.0001s ]
SQL: SELECT `name` FROM `lr_category` WHERE ( id=23 ) LIMIT 1   [ RunTime:0.0001s ]
SQL: SELECT `name` FROM `lr_shangchang` WHERE ( id=1 ) LIMIT 1   [ RunTime:0.0001s ]
SQL: SELECT `name` FROM `lr_category` WHERE ( id=23 ) LIMIT 1   [ RunTime:0.0001s ]
SQL: SELECT `name` FROM `lr_shangchang` WHERE ( id=1 ) LIMIT 1   [ RunTime:0.0001s ]
SQL: SELECT `name` FROM `lr_category` WHERE ( id=23 ) LIMIT 1   [ RunTime:0.0001s ]
SQL: SELECT `name` FROM `lr_shangchang` WHERE ( id=1 ) LIMIT 1   [ RunTime:0.0001s ]
SQL: SELECT `name` FROM `lr_category` WHERE ( id=22 ) LIMIT 1   [ RunTime:0.0001s ]
INFO: [ view_parse ] --START--
INFO: [ template_filter ] --START--
INFO: Run Behavior\ContentReplaceBehavior [ RunTime:0.000067s ]
INFO: [ template_filter ] --END-- [ RunTime:0.000117s ]
INFO: Run Behavior\ParseTemplateBehavior [ RunTime:0.010890s ]
INFO: [ view_parse ] --END-- [ RunTime:0.010938s ]
INFO: [ view_filter ] --START--
INFO: Run Behavior\WriteHtmlCacheBehavior [ RunTime:0.000203s ]
INFO: [ view_filter ] --END-- [ RunTime:0.000246s ]
INFO: [ app_end ] --START--
INFO: Run Behavior\ShowPageTraceBehavior [ RunTime:0.000532s ]
INFO: [ app_end ] --END-- [ RunTime:0.000587s ]

[ 2017-08-05T09:31:04+08:00 ] 112.93.202.19 /minibuysalejiaju/index.php/Ht/Product/index.html?page=1&name=&shop_id=undefined&tuijian=
NOTIC: [8] Use of undefined constant SHOW_PAGE_TRACE - assumed 'SHOW_PAGE_TRACE' /www/web/default/public_html/minibuysalejiaju/App/Common/Conf/debug.php 第 4 行.
INFO: [ app_init ] --START--
INFO: Run Behavior\BuildLiteBehavior [ RunTime:0.000018s ]
INFO: [ app_init ] --END-- [ RunTime:0.000075s ]
INFO: [ app_begin ] --START--
INFO: Run Behavior\ReadHtmlCacheBehavior [ RunTime:0.000426s ]
INFO: [ app_begin ] --END-- [ RunTime:0.000475s ]
NOTIC: [8] Undefined index: id /www/web/default/public_html/minibuysalejiaju/App/Ht/Controller/ProductController.class.php 第 14 行.
NOTIC: [8] Undefined index: type /www/web/default/public_html/minibuysalejiaju/App/Ht/Controller/ProductController.class.php 第 18 行.
SQL: SHOW COLUMNS FROM `lr_product` [ RunTime:0.0013s ]
SQL: SELECT COUNT(*) AS tp_count FROM `lr_product` WHERE ( 1=1 AND pro_type=1 AND del<1 ) LIMIT 1   [ RunTime:0.0001s ]
SQL: SELECT * FROM `lr_product` WHERE ( 1=1 AND pro_type=1 AND del<1 ) ORDER BY addtime desc LIMIT 20,20   [ RunTime:0.0005s ]
SQL: SHOW COLUMNS FROM `lr_shangchang` [ RunTime:0.0012s ]
SQL: SELECT `name` FROM `lr_shangchang` WHERE ( id=1 ) LIMIT 1   [ RunTime:0.0002s ]
SQL: SHOW COLUMNS FROM `lr_category` [ RunTime:0.0008s ]
SQL: SELECT `name` FROM `lr_category` WHERE ( id=22 ) LIMIT 1   [ RunTime:0.0001s ]
SQL: SELECT `name` FROM `lr_shangchang` WHERE ( id=1 ) LIMIT 1   [ RunTime:0.0001s ]
SQL: SELECT `name` FROM `lr_category` WHERE ( id=22 ) LIMIT 1   [ RunTime:0.0001s ]
SQL: SELECT `name` FROM `lr_shangchang` WHERE ( id=1 ) LIMIT 1   [ RunTime:0.0001s ]
SQL: SELECT `name` FROM `lr_category` WHERE ( id=22 ) LIMIT 1   [ RunTime:0.0001s ]
SQL: SELECT `name` FROM `lr_shangchang` WHERE ( id=1 ) LIMIT 1   [ RunTime:0.0001s ]
SQL: SELECT `name` FROM `lr_category` WHERE ( id=22 ) LIMIT 1   [ RunTime:0.0001s ]
SQL: SELECT `name` FROM `lr_shangchang` WHERE ( id=1 ) LIMIT 1   [ RunTime:0.0001s ]
SQL: SELECT `name` FROM `lr_category` WHERE ( id=22 ) LIMIT 1   [ RunTime:0.0001s ]
SQL: SELECT `name` FROM `lr_shangchang` WHERE ( id=1 ) LIMIT 1   [ RunTime:0.0001s ]
SQL: SELECT `name` FROM `lr_category` WHERE ( id=22 ) LIMIT 1   [ RunTime:0.0001s ]
SQL: SELECT `name` FROM `lr_shangchang` WHERE ( id=1 ) LIMIT 1   [ RunTime:0.0001s ]
SQL: SELECT `name` FROM `lr_category` WHERE ( id=22 ) LIMIT 1   [ RunTime:0.0001s ]
SQL: SELECT `name` FROM `lr_shangchang` WHERE ( id=1 ) LIMIT 1   [ RunTime:0.0001s ]
SQL: SELECT `name` FROM `lr_category` WHERE ( id=22 ) LIMIT 1   [ RunTime:0.0001s ]
SQL: SELECT `name` FROM `lr_shangchang` WHERE ( id=1 ) LIMIT 1   [ RunTime:0.0001s ]
SQL: SELECT `name` FROM `lr_category` WHERE ( id=22 ) LIMIT 1   [ RunTime:0.0001s ]
SQL: SELECT `name` FROM `lr_shangchang` WHERE ( id=1 ) LIMIT 1   [ RunTime:0.0001s ]
SQL: SELECT `name` FROM `lr_category` WHERE ( id=22 ) LIMIT 1   [ RunTime:0.0001s ]
SQL: SELECT `name` FROM `lr_shangchang` WHERE ( id=1 ) LIMIT 1   [ RunTime:0.0001s ]
SQL: SELECT `name` FROM `lr_category` WHERE ( id=22 ) LIMIT 1   [ RunTime:0.0001s ]
SQL: SELECT `name` FROM `lr_shangchang` WHERE ( id=1 ) LIMIT 1   [ RunTime:0.0001s ]
SQL: SELECT `name` FROM `lr_category` WHERE ( id=22 ) LIMIT 1   [ RunTime:0.0002s ]
SQL: SELECT `name` FROM `lr_shangchang` WHERE ( id=1 ) LIMIT 1   [ RunTime:0.0001s ]
SQL: SELECT `name` FROM `lr_category` WHERE ( id=22 ) LIMIT 1   [ RunTime:0.0001s ]
SQL: SELECT `name` FROM `lr_shangchang` WHERE ( id=1 ) LIMIT 1   [ RunTime:0.0001s ]
SQL: SELECT `name` FROM `lr_category` WHERE ( id=22 ) LIMIT 1   [ RunTime:0.0001s ]
SQL: SELECT `name` FROM `lr_shangchang` WHERE ( id=1 ) LIMIT 1   [ RunTime:0.0001s ]
SQL: SELECT `name` FROM `lr_category` WHERE ( id=22 ) LIMIT 1   [ RunTime:0.0001s ]
SQL: SELECT `name` FROM `lr_shangchang` WHERE ( id=1 ) LIMIT 1   [ RunTime:0.0001s ]
SQL: SELECT `name` FROM `lr_category` WHERE ( id=22 ) LIMIT 1   [ RunTime:0.0001s ]
SQL: SELECT `name` FROM `lr_shangchang` WHERE ( id=1 ) LIMIT 1   [ RunTime:0.0001s ]
SQL: SELECT `name` FROM `lr_category` WHERE ( id=22 ) LIMIT 1   [ RunTime:0.0001s ]
SQL: SELECT `name` FROM `lr_shangchang` WHERE ( id=1 ) LIMIT 1   [ RunTime:0.0001s ]
SQL: SELECT `name` FROM `lr_category` WHERE ( id=22 ) LIMIT 1   [ RunTime:0.0001s ]
SQL: SELECT `name` FROM `lr_shangchang` WHERE ( id=1 ) LIMIT 1   [ RunTime:0.0001s ]
SQL: SELECT `name` FROM `lr_category` WHERE ( id=22 ) LIMIT 1   [ RunTime:0.0001s ]
SQL: SELECT `name` FROM `lr_shangchang` WHERE ( id=1 ) LIMIT 1   [ RunTime:0.0001s ]
SQL: SELECT `name` FROM `lr_category` WHERE ( id=22 ) LIMIT 1   [ RunTime:0.0001s ]
INFO: [ view_parse ] --START--
INFO: [ template_filter ] --START--
INFO: Run Behavior\ContentReplaceBehavior [ RunTime:0.000081s ]
INFO: [ template_filter ] --END-- [ RunTime:0.000153s ]
INFO: Run Behavior\ParseTemplateBehavior [ RunTime:0.011797s ]
INFO: [ view_parse ] --END-- [ RunTime:0.011848s ]
INFO: [ view_filter ] --START--
INFO: Run Behavior\WriteHtmlCacheBehavior [ RunTime:0.000237s ]
INFO: [ view_filter ] --END-- [ RunTime:0.000279s ]
INFO: [ app_end ] --START--
INFO: Run Behavior\ShowPageTraceBehavior [ RunTime:0.000698s ]
INFO: [ app_end ] --END-- [ RunTime:0.000805s ]

[ 2017-08-05T09:31:09+08:00 ] 112.93.202.19 /minibuysalejiaju/index.php/Ht/Product/index.html?page=2&name=&shop_id=undefined&tuijian=
NOTIC: [8] Use of undefined constant SHOW_PAGE_TRACE - assumed 'SHOW_PAGE_TRACE' /www/web/default/public_html/minibuysalejiaju/App/Common/Conf/debug.php 第 4 行.
INFO: [ app_init ] --START--
INFO: Run Behavior\BuildLiteBehavior [ RunTime:0.000012s ]
INFO: [ app_init ] --END-- [ RunTime:0.000060s ]
INFO: [ app_begin ] --START--
INFO: Run Behavior\ReadHtmlCacheBehavior [ RunTime:0.000407s ]
INFO: [ app_begin ] --END-- [ RunTime:0.000457s ]
NOTIC: [8] Undefined index: id /www/web/default/public_html/minibuysalejiaju/App/Ht/Controller/ProductController.class.php 第 14 行.
NOTIC: [8] Undefined index: type /www/web/default/public_html/minibuysalejiaju/App/Ht/Controller/ProductController.class.php 第 18 行.
SQL: SHOW COLUMNS FROM `lr_product` [ RunTime:0.0011s ]
SQL: SELECT COUNT(*) AS tp_count FROM `lr_product` WHERE ( 1=1 AND pro_type=1 AND del<1 ) LIMIT 1   [ RunTime:0.0001s ]
SQL: SELECT * FROM `lr_product` WHERE ( 1=1 AND pro_type=1 AND del<1 ) ORDER BY addtime desc LIMIT 40,20   [ RunTime:0.0006s ]
SQL: SHOW COLUMNS FROM `lr_shangchang` [ RunTime:0.0008s ]
SQL: SELECT `name` FROM `lr_shangchang` WHERE ( id=1 ) LIMIT 1   [ RunTime:0.0004s ]
SQL: SHOW COLUMNS FROM `lr_category` [ RunTime:0.0007s ]
SQL: SELECT `name` FROM `lr_category` WHERE ( id=42 ) LIMIT 1   [ RunTime:0.0002s ]
SQL: SELECT `name` FROM `lr_shangchang` WHERE ( id=1 ) LIMIT 1   [ RunTime:0.0001s ]
SQL: SELECT `name` FROM `lr_category` WHERE ( id=41 ) LIMIT 1   [ RunTime:0.0001s ]
SQL: SELECT `name` FROM `lr_shangchang` WHERE ( id=1 ) LIMIT 1   [ RunTime:0.0001s ]
SQL: SELECT `name` FROM `lr_category` WHERE ( id=41 ) LIMIT 1   [ RunTime:0.0001s ]
SQL: SELECT `name` FROM `lr_shangchang` WHERE ( id=1 ) LIMIT 1   [ RunTime:0.0001s ]
SQL: SELECT `name` FROM `lr_category` WHERE ( id=40 ) LIMIT 1   [ RunTime:0.0002s ]
SQL: SELECT `name` FROM `lr_shangchang` WHERE ( id=1 ) LIMIT 1   [ RunTime:0.0001s ]
SQL: SELECT `name` FROM `lr_category` WHERE ( id=40 ) LIMIT 1   [ RunTime:0.0001s ]
SQL: SELECT `name` FROM `lr_shangchang` WHERE ( id=1 ) LIMIT 1   [ RunTime:0.0001s ]
SQL: SELECT `name` FROM `lr_category` WHERE ( id=40 ) LIMIT 1   [ RunTime:0.0001s ]
SQL: SELECT `name` FROM `lr_shangchang` WHERE ( id=1 ) LIMIT 1   [ RunTime:0.0001s ]
SQL: SELECT `name` FROM `lr_category` WHERE ( id=40 ) LIMIT 1   [ RunTime:0.0001s ]
SQL: SELECT `name` FROM `lr_shangchang` WHERE ( id=1 ) LIMIT 1   [ RunTime:0.0001s ]
SQL: SELECT `name` FROM `lr_category` WHERE ( id=38 ) LIMIT 1   [ RunTime:0.0001s ]
SQL: SELECT `name` FROM `lr_shangchang` WHERE ( id=1 ) LIMIT 1   [ RunTime:0.0001s ]
SQL: SELECT `name` FROM `lr_category` WHERE ( id=34 ) LIMIT 1   [ RunTime:0.0002s ]
SQL: SELECT `name` FROM `lr_shangchang` WHERE ( id=1 ) LIMIT 1   [ RunTime:0.0001s ]
SQL: SELECT `name` FROM `lr_category` WHERE ( id=34 ) LIMIT 1   [ RunTime:0.0001s ]
SQL: SELECT `name` FROM `lr_shangchang` WHERE ( id=1 ) LIMIT 1   [ RunTime:0.0001s ]
SQL: SELECT `name` FROM `lr_category` WHERE ( id=34 ) LIMIT 1   [ RunTime:0.0001s ]
SQL: SELECT `name` FROM `lr_shangchang` WHERE ( id=1 ) LIMIT 1   [ RunTime:0.0001s ]
SQL: SELECT `name` FROM `lr_category` WHERE ( id=34 ) LIMIT 1   [ RunTime:0.0001s ]
SQL: SELECT `name` FROM `lr_shangchang` WHERE ( id=1 ) LIMIT 1   [ RunTime:0.0001s ]
SQL: SELECT `name` FROM `lr_category` WHERE ( id=34 ) LIMIT 1   [ RunTime:0.0001s ]
SQL: SELECT `name` FROM `lr_shangchang` WHERE ( id=1 ) LIMIT 1   [ RunTime:0.0001s ]
SQL: SELECT `name` FROM `lr_category` WHERE ( id=34 ) LIMIT 1   [ RunTime:0.0001s ]
SQL: SELECT `name` FROM `lr_shangchang` WHERE ( id=1 ) LIMIT 1   [ RunTime:0.0001s ]
SQL: SELECT `name` FROM `lr_category` WHERE ( id=36 ) LIMIT 1   [ RunTime:0.0002s ]
SQL: SELECT `name` FROM `lr_shangchang` WHERE ( id=1 ) LIMIT 1   [ RunTime:0.0001s ]
SQL: SELECT `name` FROM `lr_category` WHERE ( id=36 ) LIMIT 1   [ RunTime:0.0001s ]
SQL: SELECT `name` FROM `lr_shangchang` WHERE ( id=1 ) LIMIT 1   [ RunTime:0.0001s ]
SQL: SELECT `name` FROM `lr_category` WHERE ( id=37 ) LIMIT 1   [ RunTime:0.0001s ]
SQL: SELECT `name` FROM `lr_shangchang` WHERE ( id=1 ) LIMIT 1   [ RunTime:0.0001s ]
SQL: SELECT `name` FROM `lr_category` WHERE ( id=34 ) LIMIT 1   [ RunTime:0.0001s ]
SQL: SELECT `name` FROM `lr_shangchang` WHERE ( id=1 ) LIMIT 1   [ RunTime:0.0001s ]
SQL: SELECT `name` FROM `lr_category` WHERE ( id=34 ) LIMIT 1   [ RunTime:0.0001s ]
SQL: SELECT `name` FROM `lr_shangchang` WHERE ( id=1 ) LIMIT 1   [ RunTime:0.0002s ]
SQL: SELECT `name` FROM `lr_category` WHERE ( id=34 ) LIMIT 1   [ RunTime:0.0001s ]
INFO: [ view_parse ] --START--
INFO: [ template_filter ] --START--
INFO: Run Behavior\ContentReplaceBehavior [ RunTime:0.000076s ]
INFO: [ template_filter ] --END-- [ RunTime:0.000127s ]
INFO: Run Behavior\ParseTemplateBehavior [ RunTime:0.011115s ]
INFO: [ view_parse ] --END-- [ RunTime:0.011166s ]
INFO: [ view_filter ] --START--
INFO: Run Behavior\WriteHtmlCacheBehavior [ RunTime:0.000369s ]
INFO: [ view_filter ] --END-- [ RunTime:0.000434s ]
INFO: [ app_end ] --START--
INFO: Run Behavior\ShowPageTraceBehavior [ RunTime:0.000653s ]
INFO: [ app_end ] --END-- [ RunTime:0.000773s ]

[ 2017-08-05T09:31:14+08:00 ] 112.93.202.19 /minibuysalejiaju/index.php/Ht/Product/index.html?page=3&name=&shop_id=undefined&tuijian=
NOTIC: [8] Use of undefined constant SHOW_PAGE_TRACE - assumed 'SHOW_PAGE_TRACE' /www/web/default/public_html/minibuysalejiaju/App/Common/Conf/debug.php 第 4 行.
INFO: [ app_init ] --START--
INFO: Run Behavior\BuildLiteBehavior [ RunTime:0.000012s ]
INFO: [ app_init ] --END-- [ RunTime:0.000059s ]
INFO: [ app_begin ] --START--
INFO: Run Behavior\ReadHtmlCacheBehavior [ RunTime:0.000464s ]
INFO: [ app_begin ] --END-- [ RunTime:0.000568s ]
NOTIC: [8] Undefined index: id /www/web/default/public_html/minibuysalejiaju/App/Ht/Controller/ProductController.class.php 第 14 行.
NOTIC: [8] Undefined index: type /www/web/default/public_html/minibuysalejiaju/App/Ht/Controller/ProductController.class.php 第 18 行.
SQL: SHOW COLUMNS FROM `lr_product` [ RunTime:0.0013s ]
SQL: SELECT COUNT(*) AS tp_count FROM `lr_product` WHERE ( 1=1 AND pro_type=1 AND del<1 ) LIMIT 1   [ RunTime:0.0001s ]
SQL: SELECT * FROM `lr_product` WHERE ( 1=1 AND pro_type=1 AND del<1 ) ORDER BY addtime desc LIMIT 60,20   [ RunTime:0.0006s ]
SQL: SHOW COLUMNS FROM `lr_shangchang` [ RunTime:0.0010s ]
SQL: SELECT `name` FROM `lr_shangchang` WHERE ( id=1 ) LIMIT 1   [ RunTime:0.0001s ]
SQL: SHOW COLUMNS FROM `lr_category` [ RunTime:0.0007s ]
SQL: SELECT `name` FROM `lr_category` WHERE ( id=34 ) LIMIT 1   [ RunTime:0.0001s ]
SQL: SELECT `name` FROM `lr_shangchang` WHERE ( id=1 ) LIMIT 1   [ RunTime:0.0001s ]
SQL: SELECT `name` FROM `lr_category` WHERE ( id=34 ) LIMIT 1   [ RunTime:0.0001s ]
SQL: SELECT `name` FROM `lr_shangchang` WHERE ( id=1 ) LIMIT 1   [ RunTime:0.0001s ]
SQL: SELECT `name` FROM `lr_category` WHERE ( id=34 ) LIMIT 1   [ RunTime:0.0001s ]
SQL: SELECT `name` FROM `lr_shangchang` WHERE ( id=1 ) LIMIT 1   [ RunTime:0.0001s ]
SQL: SELECT `name` FROM `lr_category` WHERE ( id=37 ) LIMIT 1   [ RunTime:0.0001s ]
SQL: SELECT `name` FROM `lr_shangchang` WHERE ( id=1 ) LIMIT 1   [ RunTime:0.0001s ]
SQL: SELECT `name` FROM `lr_category` WHERE ( id=34 ) LIMIT 1   [ RunTime:0.0001s ]
SQL: SELECT `name` FROM `lr_shangchang` WHERE ( id=1 ) LIMIT 1   [ RunTime:0.0001s ]
SQL: SELECT `name` FROM `lr_category` WHERE ( id=34 ) LIMIT 1   [ RunTime:0.0001s ]
SQL: SELECT `name` FROM `lr_shangchang` WHERE ( id=1 ) LIMIT 1   [ RunTime:0.0001s ]
SQL: SELECT `name` FROM `lr_category` WHERE ( id=34 ) LIMIT 1   [ RunTime:0.0001s ]
SQL: SELECT `name` FROM `lr_shangchang` WHERE ( id=1 ) LIMIT 1   [ RunTime:0.0001s ]
SQL: SELECT `name` FROM `lr_category` WHERE ( id=34 ) LIMIT 1   [ RunTime:0.0001s ]
SQL: SELECT `name` FROM `lr_shangchang` WHERE ( id=1 ) LIMIT 1   [ RunTime:0.0001s ]
SQL: SELECT `name` FROM `lr_category` WHERE ( id=34 ) LIMIT 1   [ RunTime:0.0001s ]
SQL: SELECT `name` FROM `lr_shangchang` WHERE ( id=1 ) LIMIT 1   [ RunTime:0.0001s ]
SQL: SELECT `name` FROM `lr_category` WHERE ( id=34 ) LIMIT 1   [ RunTime:0.0001s ]
SQL: SELECT `name` FROM `lr_shangchang` WHERE ( id=1 ) LIMIT 1   [ RunTime:0.0001s ]
SQL: SELECT `name` FROM `lr_category` WHERE ( id=34 ) LIMIT 1   [ RunTime:0.0001s ]
SQL: SELECT `name` FROM `lr_shangchang` WHERE ( id=1 ) LIMIT 1   [ RunTime:0.0001s ]
SQL: SELECT `name` FROM `lr_category` WHERE ( id=37 ) LIMIT 1   [ RunTime:0.0001s ]
SQL: SELECT `name` FROM `lr_shangchang` WHERE ( id=1 ) LIMIT 1   [ RunTime:0.0001s ]
SQL: SELECT `name` FROM `lr_category` WHERE ( id=34 ) LIMIT 1   [ RunTime:0.0001s ]
SQL: SELECT `name` FROM `lr_shangchang` WHERE ( id=1 ) LIMIT 1   [ RunTime:0.0001s ]
SQL: SELECT `name` FROM `lr_category` WHERE ( id=34 ) LIMIT 1   [ RunTime:0.0001s ]
SQL: SELECT `name` FROM `lr_shangchang` WHERE ( id=1 ) LIMIT 1   [ RunTime:0.0001s ]
SQL: SELECT `name` FROM `lr_category` WHERE ( id=37 ) LIMIT 1   [ RunTime:0.0001s ]
SQL: SELECT `name` FROM `lr_shangchang` WHERE ( id=1 ) LIMIT 1   [ RunTime:0.0001s ]
SQL: SELECT `name` FROM `lr_category` WHERE ( id=34 ) LIMIT 1   [ RunTime:0.0001s ]
SQL: SELECT `name` FROM `lr_shangchang` WHERE ( id=1 ) LIMIT 1   [ RunTime:0.0001s ]
SQL: SELECT `name` FROM `lr_category` WHERE ( id=34 ) LIMIT 1   [ RunTime:0.0001s ]
SQL: SELECT `name` FROM `lr_shangchang` WHERE ( id=1 ) LIMIT 1   [ RunTime:0.0001s ]
SQL: SELECT `name` FROM `lr_category` WHERE ( id=34 ) LIMIT 1   [ RunTime:0.0001s ]
SQL: SELECT `name` FROM `lr_shangchang` WHERE ( id=1 ) LIMIT 1   [ RunTime:0.0001s ]
SQL: SELECT `name` FROM `lr_category` WHERE ( id=36 ) LIMIT 1   [ RunTime:0.0001s ]
SQL: SELECT `name` FROM `lr_shangchang` WHERE ( id=1 ) LIMIT 1   [ RunTime:0.0001s ]
SQL: SELECT `name` FROM `lr_category` WHERE ( id=36 ) LIMIT 1   [ RunTime:0.0001s ]
INFO: [ view_parse ] --START--
INFO: [ template_filter ] --START--
INFO: Run Behavior\ContentReplaceBehavior [ RunTime:0.000073s ]
INFO: [ template_filter ] --END-- [ RunTime:0.000136s ]
INFO: Run Behavior\ParseTemplateBehavior [ RunTime:0.011330s ]
INFO: [ view_parse ] --END-- [ RunTime:0.011383s ]
INFO: [ view_filter ] --START--
INFO: Run Behavior\WriteHtmlCacheBehavior [ RunTime:0.000206s ]
INFO: [ view_filter ] --END-- [ RunTime:0.000248s ]
INFO: [ app_end ] --START--
INFO: Run Behavior\ShowPageTraceBehavior [ RunTime:0.000514s ]
INFO: [ app_end ] --END-- [ RunTime:0.000619s ]

[ 2017-08-05T09:31:18+08:00 ] 112.93.202.19 /minibuysalejiaju/index.php/Ht/Product/index.html?page=4&name=&shop_id=undefined&tuijian=
NOTIC: [8] Use of undefined constant SHOW_PAGE_TRACE - assumed 'SHOW_PAGE_TRACE' /www/web/default/public_html/minibuysalejiaju/App/Common/Conf/debug.php 第 4 行.
INFO: [ app_init ] --START--
INFO: Run Behavior\BuildLiteBehavior [ RunTime:0.000022s ]
INFO: [ app_init ] --END-- [ RunTime:0.000113s ]
INFO: [ app_begin ] --START--
INFO: Run Behavior\ReadHtmlCacheBehavior [ RunTime:0.000395s ]
INFO: [ app_begin ] --END-- [ RunTime:0.000447s ]
NOTIC: [8] Undefined index: id /www/web/default/public_html/minibuysalejiaju/App/Ht/Controller/ProductController.class.php 第 14 行.
NOTIC: [8] Undefined index: type /www/web/default/public_html/minibuysalejiaju/App/Ht/Controller/ProductController.class.php 第 18 行.
SQL: SHOW COLUMNS FROM `lr_product` [ RunTime:0.0013s ]
SQL: SELECT COUNT(*) AS tp_count FROM `lr_product` WHERE ( 1=1 AND pro_type=1 AND del<1 ) LIMIT 1   [ RunTime:0.0001s ]
SQL: SELECT * FROM `lr_product` WHERE ( 1=1 AND pro_type=1 AND del<1 ) ORDER BY addtime desc LIMIT 80,20   [ RunTime:0.0006s ]
SQL: SHOW COLUMNS FROM `lr_shangchang` [ RunTime:0.0010s ]
SQL: SELECT `name` FROM `lr_shangchang` WHERE ( id=1 ) LIMIT 1   [ RunTime:0.0001s ]
SQL: SHOW COLUMNS FROM `lr_category` [ RunTime:0.0008s ]
SQL: SELECT `name` FROM `lr_category` WHERE ( id=36 ) LIMIT 1   [ RunTime:0.0001s ]
SQL: SELECT `name` FROM `lr_shangchang` WHERE ( id=1 ) LIMIT 1   [ RunTime:0.0001s ]
SQL: SELECT `name` FROM `lr_category` WHERE ( id=36 ) LIMIT 1   [ RunTime:0.0001s ]
SQL: SELECT `name` FROM `lr_shangchang` WHERE ( id=1 ) LIMIT 1   [ RunTime:0.0001s ]
SQL: SELECT `name` FROM `lr_category` WHERE ( id=34 ) LIMIT 1   [ RunTime:0.0001s ]
SQL: SELECT `name` FROM `lr_shangchang` WHERE ( id=1 ) LIMIT 1   [ RunTime:0.0001s ]
SQL: SELECT `name` FROM `lr_category` WHERE ( id=34 ) LIMIT 1   [ RunTime:0.0001s ]
SQL: SELECT `name` FROM `lr_shangchang` WHERE ( id=1 ) LIMIT 1   [ RunTime:0.0001s ]
SQL: SELECT `name` FROM `lr_category` WHERE ( id=36 ) LIMIT 1   [ RunTime:0.0001s ]
SQL: SELECT `name` FROM `lr_shangchang` WHERE ( id=1 ) LIMIT 1   [ RunTime:0.0001s ]
SQL: SELECT `name` FROM `lr_category` WHERE ( id=36 ) LIMIT 1   [ RunTime:0.0001s ]
SQL: SELECT `name` FROM `lr_shangchang` WHERE ( id=1 ) LIMIT 1   [ RunTime:0.0001s ]
SQL: SELECT `name` FROM `lr_category` WHERE ( id=36 ) LIMIT 1   [ RunTime:0.0001s ]
SQL: SELECT `name` FROM `lr_shangchang` WHERE ( id=1 ) LIMIT 1   [ RunTime:0.0001s ]
SQL: SELECT `name` FROM `lr_category` WHERE ( id=36 ) LIMIT 1   [ RunTime:0.0001s ]
SQL: SELECT `name` FROM `lr_shangchang` WHERE ( id=1 ) LIMIT 1   [ RunTime:0.0001s ]
SQL: SELECT `name` FROM `lr_category` WHERE ( id=36 ) LIMIT 1   [ RunTime:0.0001s ]
SQL: SELECT `name` FROM `lr_shangchang` WHERE ( id=1 ) LIMIT 1   [ RunTime:0.0001s ]
SQL: SELECT `name` FROM `lr_category` WHERE ( id=34 ) LIMIT 1   [ RunTime:0.0001s ]
SQL: SELECT `name` FROM `lr_shangchang` WHERE ( id=1 ) LIMIT 1   [ RunTime:0.0001s ]
SQL: SELECT `name` FROM `lr_category` WHERE ( id=36 ) LIMIT 1   [ RunTime:0.0001s ]
SQL: SELECT `name` FROM `lr_shangchang` WHERE ( id=1 ) LIMIT 1   [ RunTime:0.0001s ]
SQL: SELECT `name` FROM `lr_category` WHERE ( id=36 ) LIMIT 1   [ RunTime:0.0001s ]
SQL: SELECT `name` FROM `lr_shangchang` WHERE ( id=1 ) LIMIT 1   [ RunTime:0.0001s ]
SQL: SELECT `name` FROM `lr_category` WHERE ( id=36 ) LIMIT 1   [ RunTime:0.0001s ]
SQL: SELECT `name` FROM `lr_shangchang` WHERE ( id=1 ) LIMIT 1   [ RunTime:0.0001s ]
SQL: SELECT `name` FROM `lr_category` WHERE ( id=34 ) LIMIT 1   [ RunTime:0.0001s ]
SQL: SELECT `name` FROM `lr_shangchang` WHERE ( id=1 ) LIMIT 1   [ RunTime:0.0001s ]
SQL: SELECT `name` FROM `lr_category` WHERE ( id=34 ) LIMIT 1   [ RunTime:0.0001s ]
SQL: SELECT `name` FROM `lr_shangchang` WHERE ( id=1 ) LIMIT 1   [ RunTime:0.0001s ]
SQL: SELECT `name` FROM `lr_category` WHERE ( id=34 ) LIMIT 1   [ RunTime:0.0001s ]
SQL: SELECT `name` FROM `lr_shangchang` WHERE ( id=7 ) LIMIT 1   [ RunTime:0.0002s ]
SQL: SELECT `name` FROM `lr_category` WHERE ( id=26 ) LIMIT 1   [ RunTime:0.0002s ]
SQL: SELECT `name` FROM `lr_shangchang` WHERE ( id=1 ) LIMIT 1   [ RunTime:0.0001s ]
SQL: SELECT `name` FROM `lr_category` WHERE ( id=8 ) LIMIT 1   [ RunTime:0.0001s ]
SQL: SELECT `name` FROM `lr_shangchang` WHERE ( id=1 ) LIMIT 1   [ RunTime:0.0001s ]
SQL: SELECT `name` FROM `lr_category` WHERE ( id=8 ) LIMIT 1   [ RunTime:0.0001s ]
SQL: SELECT `name` FROM `lr_shangchang` WHERE ( id=1 ) LIMIT 1   [ RunTime:0.0001s ]
SQL: SELECT `name` FROM `lr_category` WHERE ( id=8 ) LIMIT 1   [ RunTime:0.0001s ]
INFO: [ view_parse ] --START--
INFO: [ template_filter ] --START--
INFO: Run Behavior\ContentReplaceBehavior [ RunTime:0.000072s ]
INFO: [ template_filter ] --END-- [ RunTime:0.000133s ]
INFO: Run Behavior\ParseTemplateBehavior [ RunTime:0.011589s ]
INFO: [ view_parse ] --END-- [ RunTime:0.011645s ]
INFO: [ view_filter ] --START--
INFO: Run Behavior\WriteHtmlCacheBehavior [ RunTime:0.000229s ]
INFO: [ view_filter ] --END-- [ RunTime:0.000271s ]
INFO: [ app_end ] --START--
INFO: Run Behavior\ShowPageTraceBehavior [ RunTime:0.000498s ]
INFO: [ app_end ] --END-- [ RunTime:0.000571s ]

[ 2017-08-05T09:31:26+08:00 ] 112.93.202.19 /minibuysalejiaju/index.php/Ht/Product/index.html?page=5&name=&shop_id=undefined&tuijian=
NOTIC: [8] Use of undefined constant SHOW_PAGE_TRACE - assumed 'SHOW_PAGE_TRACE' /www/web/default/public_html/minibuysalejiaju/App/Common/Conf/debug.php 第 4 行.
INFO: [ app_init ] --START--
INFO: Run Behavior\BuildLiteBehavior [ RunTime:0.000013s ]
INFO: [ app_init ] --END-- [ RunTime:0.000059s ]
INFO: [ app_begin ] --START--
INFO: Run Behavior\ReadHtmlCacheBehavior [ RunTime:0.000407s ]
INFO: [ app_begin ] --END-- [ RunTime:0.000456s ]
NOTIC: [8] Undefined index: id /www/web/default/public_html/minibuysalejiaju/App/Ht/Controller/ProductController.class.php 第 14 行.
NOTIC: [8] Undefined index: type /www/web/default/public_html/minibuysalejiaju/App/Ht/Controller/ProductController.class.php 第 18 行.
SQL: SHOW COLUMNS FROM `lr_product` [ RunTime:0.0013s ]
SQL: SELECT COUNT(*) AS tp_count FROM `lr_product` WHERE ( 1=1 AND pro_type=1 AND del<1 ) LIMIT 1   [ RunTime:0.0001s ]
SQL: SELECT * FROM `lr_product` WHERE ( 1=1 AND pro_type=1 AND del<1 ) ORDER BY addtime desc LIMIT 100,20   [ RunTime:0.0006s ]
SQL: SHOW COLUMNS FROM `lr_shangchang` [ RunTime:0.0009s ]
SQL: SELECT `name` FROM `lr_shangchang` WHERE ( id=1 ) LIMIT 1   [ RunTime:0.0001s ]
SQL: SHOW COLUMNS FROM `lr_category` [ RunTime:0.0007s ]
SQL: SELECT `name` FROM `lr_category` WHERE ( id=8 ) LIMIT 1   [ RunTime:0.0002s ]
SQL: SELECT `name` FROM `lr_shangchang` WHERE ( id=1 ) LIMIT 1   [ RunTime:0.0001s ]
SQL: SELECT `name` FROM `lr_category` WHERE ( id=8 ) LIMIT 1   [ RunTime:0.0001s ]
SQL: SELECT `name` FROM `lr_shangchang` WHERE ( id=1 ) LIMIT 1   [ RunTime:0.0001s ]
SQL: SELECT `name` FROM `lr_category` WHERE ( id=8 ) LIMIT 1   [ RunTime:0.0001s ]
SQL: SELECT `name` FROM `lr_shangchang` WHERE ( id=1 ) LIMIT 1   [ RunTime:0.0001s ]
SQL: SELECT `name` FROM `lr_category` WHERE ( id=8 ) LIMIT 1   [ RunTime:0.0001s ]
SQL: SELECT `name` FROM `lr_shangchang` WHERE ( id=1 ) LIMIT 1   [ RunTime:0.0001s ]
SQL: SELECT `name` FROM `lr_category` WHERE ( id=8 ) LIMIT 1   [ RunTime:0.0001s ]
SQL: SELECT `name` FROM `lr_shangchang` WHERE ( id=1 ) LIMIT 1   [ RunTime:0.0001s ]
SQL: SELECT `name` FROM `lr_category` WHERE ( id=8 ) LIMIT 1   [ RunTime:0.0001s ]
SQL: SELECT `name` FROM `lr_shangchang` WHERE ( id=1 ) LIMIT 1   [ RunTime:0.0001s ]
SQL: SELECT `name` FROM `lr_category` WHERE ( id=8 ) LIMIT 1   [ RunTime:0.0001s ]
SQL: SELECT `name` FROM `lr_shangchang` WHERE ( id=1 ) LIMIT 1   [ RunTime:0.0001s ]
SQL: SELECT `name` FROM `lr_category` WHERE ( id=8 ) LIMIT 1   [ RunTime:0.0001s ]
SQL: SELECT `name` FROM `lr_shangchang` WHERE ( id=1 ) LIMIT 1   [ RunTime:0.0001s ]
SQL: SELECT `name` FROM `lr_category` WHERE ( id=8 ) LIMIT 1   [ RunTime:0.0001s ]
SQL: SELECT `name` FROM `lr_shangchang` WHERE ( id=1 ) LIMIT 1   [ RunTime:0.0001s ]
SQL: SELECT `name` FROM `lr_category` WHERE ( id=8 ) LIMIT 1   [ RunTime:0.0001s ]
SQL: SELECT `name` FROM `lr_shangchang` WHERE ( id=1 ) LIMIT 1   [ RunTime:0.0001s ]
SQL: SELECT `name` FROM `lr_category` WHERE ( id=8 ) LIMIT 1   [ RunTime:0.0001s ]
SQL: SELECT `name` FROM `lr_shangchang` WHERE ( id=1 ) LIMIT 1   [ RunTime:0.0001s ]
SQL: SELECT `name` FROM `lr_category` WHERE ( id=8 ) LIMIT 1   [ RunTime:0.0001s ]
SQL: SELECT `name` FROM `lr_shangchang` WHERE ( id=1 ) LIMIT 1   [ RunTime:0.0001s ]
SQL: SELECT `name` FROM `lr_category` WHERE ( id=8 ) LIMIT 1   [ RunTime:0.0001s ]
SQL: SELECT `name` FROM `lr_shangchang` WHERE ( id=1 ) LIMIT 1   [ RunTime:0.0001s ]
SQL: SELECT `name` FROM `lr_category` WHERE ( id=7 ) LIMIT 1   [ RunTime:0.0002s ]
SQL: SELECT `name` FROM `lr_shangchang` WHERE ( id=1 ) LIMIT 1   [ RunTime:0.0001s ]
SQL: SELECT `name` FROM `lr_category` WHERE ( id=7 ) LIMIT 1   [ RunTime:0.0001s ]
SQL: SELECT `name` FROM `lr_shangchang` WHERE ( id=1 ) LIMIT 1   [ RunTime:0.0001s ]
SQL: SELECT `name` FROM `lr_category` WHERE ( id=7 ) LIMIT 1   [ RunTime:0.0001s ]
SQL: SELECT `name` FROM `lr_shangchang` WHERE ( id=1 ) LIMIT 1   [ RunTime:0.0001s ]
SQL: SELECT `name` FROM `lr_category` WHERE ( id=6 ) LIMIT 1   [ RunTime:0.0002s ]
SQL: SELECT `name` FROM `lr_shangchang` WHERE ( id=1 ) LIMIT 1   [ RunTime:0.0001s ]
SQL: SELECT `name` FROM `lr_category` WHERE ( id=6 ) LIMIT 1   [ RunTime:0.0001s ]
SQL: SELECT `name` FROM `lr_shangchang` WHERE ( id=1 ) LIMIT 1   [ RunTime:0.0001s ]
SQL: SELECT `name` FROM `lr_category` WHERE ( id=6 ) LIMIT 1   [ RunTime:0.0001s ]
SQL: SELECT `name` FROM `lr_shangchang` WHERE ( id=1 ) LIMIT 1   [ RunTime:0.0001s ]
SQL: SELECT `name` FROM `lr_category` WHERE ( id=6 ) LIMIT 1   [ RunTime:0.0001s ]
INFO: [ view_parse ] --START--
INFO: [ template_filter ] --START--
INFO: Run Behavior\ContentReplaceBehavior [ RunTime:0.000080s ]
INFO: [ template_filter ] --END-- [ RunTime:0.000148s ]
INFO: Run Behavior\ParseTemplateBehavior [ RunTime:0.011353s ]
INFO: [ view_parse ] --END-- [ RunTime:0.011404s ]
INFO: [ view_filter ] --START--
INFO: Run Behavior\WriteHtmlCacheBehavior [ RunTime:0.000214s ]
INFO: [ view_filter ] --END-- [ RunTime:0.000255s ]
INFO: [ app_end ] --START--
INFO: Run Behavior\ShowPageTraceBehavior [ RunTime:0.000551s ]
INFO: [ app_end ] --END-- [ RunTime:0.000645s ]

[ 2017-08-05T09:36:14+08:00 ] 112.93.202.19 /minibuysalejiaju/index.php/Ht/Product/index.html
NOTIC: [8] Use of undefined constant SHOW_PAGE_TRACE - assumed 'SHOW_PAGE_TRACE' /www/web/default/public_html/minibuysalejiaju/App/Common/Conf/debug.php 第 4 行.
INFO: [ app_init ] --START--
INFO: Run Behavior\BuildLiteBehavior [ RunTime:0.000015s ]
INFO: [ app_init ] --END-- [ RunTime:0.000067s ]
INFO: [ app_begin ] --START--
INFO: Run Behavior\ReadHtmlCacheBehavior [ RunTime:0.000429s ]
INFO: [ app_begin ] --END-- [ RunTime:0.000478s ]
NOTIC: [8] Undefined index: id /www/web/default/public_html/minibuysalejiaju/App/Ht/Controller/ProductController.class.php 第 14 行.
NOTIC: [8] Undefined index: shop_id /www/web/default/public_html/minibuysalejiaju/App/Ht/Controller/ProductController.class.php 第 15 行.
NOTIC: [8] Undefined index: type /www/web/default/public_html/minibuysalejiaju/App/Ht/Controller/ProductController.class.php 第 18 行.
NOTIC: [8] Undefined index: tuijian /www/web/default/public_html/minibuysalejiaju/App/Ht/Controller/ProductController.class.php 第 19 行.
NOTIC: [8] Undefined index: name /www/web/default/public_html/minibuysalejiaju/App/Ht/Controller/ProductController.class.php 第 20 行.
SQL: SHOW COLUMNS FROM `lr_product` [ RunTime:0.0012s ]
SQL: SELECT COUNT(*) AS tp_count FROM `lr_product` WHERE ( 1=1 AND pro_type=1 AND del<1 ) LIMIT 1   [ RunTime:0.0001s ]
NOTIC: [8] Undefined index: page /www/web/default/public_html/minibuysalejiaju/App/Ht/Controller/ProductController.class.php 第 32 行.
SQL: SELECT * FROM `lr_product` WHERE ( 1=1 AND pro_type=1 AND del<1 ) ORDER BY addtime desc LIMIT 0,20   [ RunTime:0.0002s ]
SQL: SHOW COLUMNS FROM `lr_shangchang` [ RunTime:0.0008s ]
SQL: SELECT `name` FROM `lr_shangchang` WHERE ( id=1 ) LIMIT 1   [ RunTime:0.0001s ]
SQL: SHOW COLUMNS FROM `lr_category` [ RunTime:0.0006s ]
SQL: SELECT `name` FROM `lr_category` WHERE ( id=23 ) LIMIT 1   [ RunTime:0.0001s ]
SQL: SELECT `name` FROM `lr_shangchang` WHERE ( id=1 ) LIMIT 1   [ RunTime:0.0001s ]
SQL: SELECT `name` FROM `lr_category` WHERE ( id=23 ) LIMIT 1   [ RunTime:0.0001s ]
SQL: SELECT `name` FROM `lr_shangchang` WHERE ( id=1 ) LIMIT 1   [ RunTime:0.0001s ]
SQL: SELECT `name` FROM `lr_category` WHERE ( id=23 ) LIMIT 1   [ RunTime:0.0001s ]
SQL: SELECT `name` FROM `lr_shangchang` WHERE ( id=1 ) LIMIT 1   [ RunTime:0.0001s ]
SQL: SELECT `name` FROM `lr_category` WHERE ( id=23 ) LIMIT 1   [ RunTime:0.0001s ]
SQL: SELECT `name` FROM `lr_shangchang` WHERE ( id=1 ) LIMIT 1   [ RunTime:0.0001s ]
SQL: SELECT `name` FROM `lr_category` WHERE ( id=23 ) LIMIT 1   [ RunTime:0.0001s ]
SQL: SELECT `name` FROM `lr_shangchang` WHERE ( id=1 ) LIMIT 1   [ RunTime:0.0001s ]
SQL: SELECT `name` FROM `lr_category` WHERE ( id=23 ) LIMIT 1   [ RunTime:0.0001s ]
SQL: SELECT `name` FROM `lr_shangchang` WHERE ( id=1 ) LIMIT 1   [ RunTime:0.0001s ]
SQL: SELECT `name` FROM `lr_category` WHERE ( id=23 ) LIMIT 1   [ RunTime:0.0001s ]
SQL: SELECT `name` FROM `lr_shangchang` WHERE ( id=1 ) LIMIT 1   [ RunTime:0.0001s ]
SQL: SELECT `name` FROM `lr_category` WHERE ( id=23 ) LIMIT 1   [ RunTime:0.0001s ]
SQL: SELECT `name` FROM `lr_shangchang` WHERE ( id=1 ) LIMIT 1   [ RunTime:0.0001s ]
SQL: SELECT `name` FROM `lr_category` WHERE ( id=23 ) LIMIT 1   [ RunTime:0.0001s ]
SQL: SELECT `name` FROM `lr_shangchang` WHERE ( id=1 ) LIMIT 1   [ RunTime:0.0001s ]
SQL: SELECT `name` FROM `lr_category` WHERE ( id=23 ) LIMIT 1   [ RunTime:0.0001s ]
SQL: SELECT `name` FROM `lr_shangchang` WHERE ( id=1 ) LIMIT 1   [ RunTime:0.0001s ]
SQL: SELECT `name` FROM `lr_category` WHERE ( id=23 ) LIMIT 1   [ RunTime:0.0001s ]
SQL: SELECT `name` FROM `lr_shangchang` WHERE ( id=1 ) LIMIT 1   [ RunTime:0.0001s ]
SQL: SELECT `name` FROM `lr_category` WHERE ( id=23 ) LIMIT 1   [ RunTime:0.0001s ]
SQL: SELECT `name` FROM `lr_shangchang` WHERE ( id=1 ) LIMIT 1   [ RunTime:0.0001s ]
SQL: SELECT `name` FROM `lr_category` WHERE ( id=23 ) LIMIT 1   [ RunTime:0.0001s ]
SQL: SELECT `name` FROM `lr_shangchang` WHERE ( id=1 ) LIMIT 1   [ RunTime:0.0002s ]
SQL: SELECT `name` FROM `lr_category` WHERE ( id=23 ) LIMIT 1   [ RunTime:0.0001s ]
SQL: SELECT `name` FROM `lr_shangchang` WHERE ( id=1 ) LIMIT 1   [ RunTime:0.0001s ]
SQL: SELECT `name` FROM `lr_category` WHERE ( id=23 ) LIMIT 1   [ RunTime:0.0001s ]
SQL: SELECT `name` FROM `lr_shangchang` WHERE ( id=1 ) LIMIT 1   [ RunTime:0.0001s ]
SQL: SELECT `name` FROM `lr_category` WHERE ( id=23 ) LIMIT 1   [ RunTime:0.0001s ]
SQL: SELECT `name` FROM `lr_shangchang` WHERE ( id=1 ) LIMIT 1   [ RunTime:0.0001s ]
SQL: SELECT `name` FROM `lr_category` WHERE ( id=23 ) LIMIT 1   [ RunTime:0.0001s ]
SQL: SELECT `name` FROM `lr_shangchang` WHERE ( id=1 ) LIMIT 1   [ RunTime:0.0001s ]
SQL: SELECT `name` FROM `lr_category` WHERE ( id=23 ) LIMIT 1   [ RunTime:0.0001s ]
SQL: SELECT `name` FROM `lr_shangchang` WHERE ( id=1 ) LIMIT 1   [ RunTime:0.0001s ]
SQL: SELECT `name` FROM `lr_category` WHERE ( id=23 ) LIMIT 1   [ RunTime:0.0001s ]
SQL: SELECT `name` FROM `lr_shangchang` WHERE ( id=1 ) LIMIT 1   [ RunTime:0.0001s ]
SQL: SELECT `name` FROM `lr_category` WHERE ( id=22 ) LIMIT 1   [ RunTime:0.0001s ]
INFO: [ view_parse ] --START--
INFO: [ template_filter ] --START--
INFO: Run Behavior\ContentReplaceBehavior [ RunTime:0.000097s ]
INFO: [ template_filter ] --END-- [ RunTime:0.000175s ]
INFO: Run Behavior\ParseTemplateBehavior [ RunTime:0.011723s ]
INFO: [ view_parse ] --END-- [ RunTime:0.011772s ]
INFO: [ view_filter ] --START--
INFO: Run Behavior\WriteHtmlCacheBehavior [ RunTime:0.000223s ]
INFO: [ view_filter ] --END-- [ RunTime:0.000270s ]
INFO: [ app_end ] --START--
INFO: Run Behavior\ShowPageTraceBehavior [ RunTime:0.000637s ]
INFO: [ app_end ] --END-- [ RunTime:0.000793s ]

[ 2017-08-05T09:36:22+08:00 ] 112.93.202.19 /minibuysalejiaju/index.php/Ht/Category/index.html
NOTIC: [8] Use of undefined constant SHOW_PAGE_TRACE - assumed 'SHOW_PAGE_TRACE' /www/web/default/public_html/minibuysalejiaju/App/Common/Conf/debug.php 第 4 行.
INFO: [ app_init ] --START--
INFO: Run Behavior\BuildLiteBehavior [ RunTime:0.000018s ]
INFO: [ app_init ] --END-- [ RunTime:0.000071s ]
INFO: [ app_begin ] --START--
INFO: Run Behavior\ReadHtmlCacheBehavior [ RunTime:0.000419s ]
INFO: [ app_begin ] --END-- [ RunTime:0.000474s ]
SQL: SHOW COLUMNS FROM `lr_category` [ RunTime:0.0010s ]
SQL: SELECT `id`,`tid`,`name`,`bz_2`,`bz_4` FROM `lr_category` WHERE ( tid=0 AND bz_4<2 ) ORDER BY sort desc,id asc  [ RunTime:0.0002s ]
SQL: SELECT `id`,`tid`,`name`,`bz_2`,`sort` FROM `lr_category` WHERE ( tid=1 ) ORDER BY sort desc,id asc  [ RunTime:0.0002s ]
SQL: SELECT `id`,`tid`,`name`,`bz_2`,`sort` FROM `lr_category` WHERE ( tid=2 ) ORDER BY sort desc,id asc  [ RunTime:0.0002s ]
SQL: SELECT `id`,`tid`,`name`,`bz_2`,`sort` FROM `lr_category` WHERE ( tid=3 ) ORDER BY sort desc,id asc  [ RunTime:0.0002s ]
SQL: SELECT `id`,`tid`,`name`,`bz_2`,`sort` FROM `lr_category` WHERE ( tid=4 ) ORDER BY sort desc,id asc  [ RunTime:0.0002s ]
SQL: SELECT `id`,`tid`,`name`,`bz_2`,`sort` FROM `lr_category` WHERE ( tid=20 ) ORDER BY sort desc,id asc  [ RunTime:0.0002s ]
SQL: SELECT `id`,`tid`,`name`,`bz_2`,`sort` FROM `lr_category` WHERE ( tid=21 ) ORDER BY sort desc,id asc  [ RunTime:0.0002s ]
SQL: SELECT `id`,`tid`,`name`,`bz_2`,`sort` FROM `lr_category` WHERE ( tid=33 ) ORDER BY sort desc,id asc  [ RunTime:0.0002s ]
SQL: SELECT `id`,`tid`,`name`,`bz_2`,`sort` FROM `lr_category` WHERE ( tid=35 ) ORDER BY sort desc,id asc  [ RunTime:0.0001s ]
SQL: SELECT `id`,`tid`,`name`,`bz_2`,`sort` FROM `lr_category` WHERE ( tid=39 ) ORDER BY sort desc,id asc  [ RunTime:0.0002s ]
INFO: [ view_parse ] --START--
INFO: [ template_filter ] --START--
INFO: Run Behavior\ContentReplaceBehavior [ RunTime:0.000058s ]
INFO: [ template_filter ] --END-- [ RunTime:0.000114s ]
INFO: Run Behavior\ParseTemplateBehavior [ RunTime:0.045843s ]
INFO: [ view_parse ] --END-- [ RunTime:0.045904s ]
INFO: [ view_filter ] --START--
INFO: Run Behavior\WriteHtmlCacheBehavior [ RunTime:0.000220s ]
INFO: [ view_filter ] --END-- [ RunTime:0.000262s ]
INFO: [ app_end ] --START--
INFO: Run Behavior\ShowPageTraceBehavior [ RunTime:0.000463s ]
INFO: [ app_end ] --END-- [ RunTime:0.000512s ]

[ 2017-08-05T09:47:30+08:00 ] 112.93.202.19 /minibuysalejiaju/index.php/Ht/Product/add.html
NOTIC: [8] Use of undefined constant SHOW_PAGE_TRACE - assumed 'SHOW_PAGE_TRACE' /www/web/default/public_html/minibuysalejiaju/App/Common/Conf/debug.php 第 4 行.
INFO: [ app_init ] --START--
INFO: Run Behavior\BuildLiteBehavior [ RunTime:0.000013s ]
INFO: [ app_init ] --END-- [ RunTime:0.000059s ]
INFO: [ app_begin ] --START--
INFO: Run Behavior\ReadHtmlCacheBehavior [ RunTime:0.000410s ]
INFO: [ app_begin ] --END-- [ RunTime:0.000459s ]
NOTIC: [8] Undefined index: id /www/web/default/public_html/minibuysalejiaju/App/Ht/Controller/ProductController.class.php 第 65 行.
NOTIC: [8] Undefined index: page /www/web/default/public_html/minibuysalejiaju/App/Ht/Controller/ProductController.class.php 第 66 行.
NOTIC: [8] Undefined index: name /www/web/default/public_html/minibuysalejiaju/App/Ht/Controller/ProductController.class.php 第 67 行.
NOTIC: [8] Undefined index: type /www/web/default/public_html/minibuysalejiaju/App/Ht/Controller/ProductController.class.php 第 68 行.
NOTIC: [8] Undefined index: submit /www/web/default/public_html/minibuysalejiaju/App/Ht/Controller/ProductController.class.php 第 70 行.
SQL: SHOW COLUMNS FROM `lr_category` [ RunTime:0.0010s ]
SQL: SELECT `id`,`name` FROM `lr_category` WHERE ( tid=1 )  [ RunTime:0.0002s ]
NOTIC: [8] Uninitialized string offset: 0 /www/web/default/public_html/minibuysalejiaju/App/Ht/Controller/ProductController.class.php 第 224 行.
SQL: SELECT `tid` FROM `lr_category` WHERE ( id=0 ) LIMIT 1   [ RunTime:0.0001s ]
NOTIC: [8] Undefined index: photo_string /www/web/default/public_html/minibuysalejiaju/App/Ht/Controller/ProductController.class.php 第 232 行.
SQL: SHOW COLUMNS FROM `lr_brand` [ RunTime:0.0016s ]
SQL: SELECT `id`,`name` FROM `lr_brand` WHERE ( 1=1 )  [ RunTime:0.0004s ]
NOTIC: [8] Undefined variable: shop_id /www/web/default/public_html/minibuysalejiaju/App/Ht/Controller/ProductController.class.php 第 249 行.
INFO: [ view_parse ] --START--
INFO: [ template_filter ] --START--
INFO: Run Behavior\ContentReplaceBehavior [ RunTime:0.000098s ]
INFO: [ template_filter ] --END-- [ RunTime:0.000145s ]
NOTIC: [8] Undefined variable: img /www/web/default/public_html/minibuysalejiaju/App/Runtime/Cache/Ht/04b33691f63b9c13a9ceae31ee771556.php 第 14 行.
NOTIC: [8] Undefined variable: img /www/web/default/public_html/minibuysalejiaju/App/Runtime/Cache/Ht/04b33691f63b9c13a9ceae31ee771556.php 第 14 行.
NOTIC: [8] Undefined variable: img /www/web/default/public_html/minibuysalejiaju/App/Runtime/Cache/Ht/04b33691f63b9c13a9ceae31ee771556.php 第 14 行.
NOTIC: [2] Division by zero /www/web/default/public_html/minibuysalejiaju/App/Runtime/Cache/Ht/04b33691f63b9c13a9ceae31ee771556.php 第 14 行.
NOTIC: [8] Undefined index: name /www/web/default/public_html/minibuysalejiaju/App/Runtime/Cache/Ht/04b33691f63b9c13a9ceae31ee771556.php 第 77 行.
NOTIC: [8] Undefined index: intro /www/web/default/public_html/minibuysalejiaju/App/Runtime/Cache/Ht/04b33691f63b9c13a9ceae31ee771556.php 第 83 行.
NOTIC: [8] Uninitialized string offset: 0 /www/web/default/public_html/minibuysalejiaju/App/Runtime/Cache/Ht/04b33691f63b9c13a9ceae31ee771556.php 第 90 行.
NOTIC: [8] Undefined index: shop_id /www/web/default/public_html/minibuysalejiaju/App/Runtime/Cache/Ht/04b33691f63b9c13a9ceae31ee771556.php 第 91 行.
NOTIC: [8] Undefined variable: catetwo /www/web/default/public_html/minibuysalejiaju/App/Runtime/Cache/Ht/04b33691f63b9c13a9ceae31ee771556.php 第 107 行.
NOTIC: [8] Undefined index: brand_id /www/web/default/public_html/minibuysalejiaju/App/Runtime/Cache/Ht/04b33691f63b9c13a9ceae31ee771556.php 第 127 行.
NOTIC: [8] Undefined index: brand_id /www/web/default/public_html/minibuysalejiaju/App/Runtime/Cache/Ht/04b33691f63b9c13a9ceae31ee771556.php 第 127 行.
NOTIC: [8] Undefined index: brand_id /www/web/default/public_html/minibuysalejiaju/App/Runtime/Cache/Ht/04b33691f63b9c13a9ceae31ee771556.php 第 127 行.
NOTIC: [8] Undefined index: brand_id /www/web/default/public_html/minibuysalejiaju/App/Runtime/Cache/Ht/04b33691f63b9c13a9ceae31ee771556.php 第 127 行.
NOTIC: [8] Undefined index: company /www/web/default/public_html/minibuysalejiaju/App/Runtime/Cache/Ht/04b33691f63b9c13a9ceae31ee771556.php 第 137 行.
NOTIC: [8] Undefined index: price /www/web/default/public_html/minibuysalejiaju/App/Runtime/Cache/Ht/04b33691f63b9c13a9ceae31ee771556.php 第 146 行.
NOTIC: [8] Undefined index: price_yh /www/web/default/public_html/minibuysalejiaju/App/Runtime/Cache/Ht/04b33691f63b9c13a9ceae31ee771556.php 第 152 行.
NOTIC: [8] Undefined index: price_jf /www/web/default/public_html/minibuysalejiaju/App/Runtime/Cache/Ht/04b33691f63b9c13a9ceae31ee771556.php 第 158 行.
NOTIC: [8] Undefined index: pro_number /www/web/default/public_html/minibuysalejiaju/App/Runtime/Cache/Ht/04b33691f63b9c13a9ceae31ee771556.php 第 166 行.
NOTIC: [8] Undefined index: num /www/web/default/public_html/minibuysalejiaju/App/Runtime/Cache/Ht/04b33691f63b9c13a9ceae31ee771556.php 第 172 行.
NOTIC: [8] Undefined index: photo_x /www/web/default/public_html/minibuysalejiaju/App/Runtime/Cache/Ht/04b33691f63b9c13a9ceae31ee771556.php 第 182 行.
NOTIC: [8] Undefined index: photo_d /www/web/default/public_html/minibuysalejiaju/App/Runtime/Cache/Ht/04b33691f63b9c13a9ceae31ee771556.php 第 195 行.
NOTIC: [8] Undefined variable: img_str /www/web/default/public_html/minibuysalejiaju/App/Runtime/Cache/Ht/04b33691f63b9c13a9ceae31ee771556.php 第 205 行.
NOTIC: [8] Undefined index: content /www/web/default/public_html/minibuysalejiaju/App/Runtime/Cache/Ht/04b33691f63b9c13a9ceae31ee771556.php 第 235 行.
NOTIC: [8] Undefined index: sort /www/web/default/public_html/minibuysalejiaju/App/Runtime/Cache/Ht/04b33691f63b9c13a9ceae31ee771556.php 第 241 行.
NOTIC: [8] Undefined index: renqi /www/web/default/public_html/minibuysalejiaju/App/Runtime/Cache/Ht/04b33691f63b9c13a9ceae31ee771556.php 第 247 行.
NOTIC: [8] Undefined index: is_show /www/web/default/public_html/minibuysalejiaju/App/Runtime/Cache/Ht/04b33691f63b9c13a9ceae31ee771556.php 第 253 行.
NOTIC: [8] Undefined index: is_show /www/web/default/public_html/minibuysalejiaju/App/Runtime/Cache/Ht/04b33691f63b9c13a9ceae31ee771556.php 第 254 行.
NOTIC: [8] Undefined index: is_hot /www/web/default/public_html/minibuysalejiaju/App/Runtime/Cache/Ht/04b33691f63b9c13a9ceae31ee771556.php 第 260 行.
NOTIC: [8] Undefined index: is_hot /www/web/default/public_html/minibuysalejiaju/App/Runtime/Cache/Ht/04b33691f63b9c13a9ceae31ee771556.php 第 261 行.
NOTIC: [8] Undefined index: is_sale /www/web/default/public_html/minibuysalejiaju/App/Runtime/Cache/Ht/04b33691f63b9c13a9ceae31ee771556.php 第 267 行.
NOTIC: [8] Undefined index: is_sale /www/web/default/public_html/minibuysalejiaju/App/Runtime/Cache/Ht/04b33691f63b9c13a9ceae31ee771556.php 第 268 行.
NOTIC: [8] Undefined index: id /www/web/default/public_html/minibuysalejiaju/App/Runtime/Cache/Ht/04b33691f63b9c13a9ceae31ee771556.php 第 272 行.
INFO: Run Behavior\ParseTemplateBehavior [ RunTime:0.019890s ]
INFO: [ view_parse ] --END-- [ RunTime:0.019935s ]
INFO: [ view_filter ] --START--
INFO: Run Behavior\WriteHtmlCacheBehavior [ RunTime:0.000220s ]
INFO: [ view_filter ] --END-- [ RunTime:0.000262s ]
INFO: [ app_end ] --START--
INFO: Run Behavior\ShowPageTraceBehavior [ RunTime:0.000413s ]
INFO: [ app_end ] --END-- [ RunTime:0.000462s ]

[ 2017-08-05T10:31:29+08:00 ] 112.93.202.19 /minibuysalejiaju/index.php/Ht/Category/index.html
NOTIC: [8] Use of undefined constant SHOW_PAGE_TRACE - assumed 'SHOW_PAGE_TRACE' /www/web/default/public_html/minibuysalejiaju/App/Common/Conf/debug.php 第 4 行.
INFO: [ app_init ] --START--
INFO: Run Behavior\BuildLiteBehavior [ RunTime:0.000016s ]
INFO: [ app_init ] --END-- [ RunTime:0.000069s ]
INFO: [ app_begin ] --START--
INFO: Run Behavior\ReadHtmlCacheBehavior [ RunTime:0.000417s ]
INFO: [ app_begin ] --END-- [ RunTime:0.000467s ]
SQL: SHOW COLUMNS FROM `lr_category` [ RunTime:0.0011s ]
SQL: SELECT `id`,`tid`,`name`,`bz_2`,`bz_4` FROM `lr_category` WHERE ( tid=0 AND bz_4<2 ) ORDER BY sort desc,id asc  [ RunTime:0.0001s ]
SQL: SELECT `id`,`tid`,`name`,`bz_2`,`sort` FROM `lr_category` WHERE ( tid=1 ) ORDER BY sort desc,id asc  [ RunTime:0.0001s ]
SQL: SELECT `id`,`tid`,`name`,`bz_2`,`sort` FROM `lr_category` WHERE ( tid=2 ) ORDER BY sort desc,id asc  [ RunTime:0.0001s ]
SQL: SELECT `id`,`tid`,`name`,`bz_2`,`sort` FROM `lr_category` WHERE ( tid=3 ) ORDER BY sort desc,id asc  [ RunTime:0.0001s ]
SQL: SELECT `id`,`tid`,`name`,`bz_2`,`sort` FROM `lr_category` WHERE ( tid=4 ) ORDER BY sort desc,id asc  [ RunTime:0.0001s ]
SQL: SELECT `id`,`tid`,`name`,`bz_2`,`sort` FROM `lr_category` WHERE ( tid=20 ) ORDER BY sort desc,id asc  [ RunTime:0.0001s ]
SQL: SELECT `id`,`tid`,`name`,`bz_2`,`sort` FROM `lr_category` WHERE ( tid=21 ) ORDER BY sort desc,id asc  [ RunTime:0.0001s ]
SQL: SELECT `id`,`tid`,`name`,`bz_2`,`sort` FROM `lr_category` WHERE ( tid=33 ) ORDER BY sort desc,id asc  [ RunTime:0.0001s ]
SQL: SELECT `id`,`tid`,`name`,`bz_2`,`sort` FROM `lr_category` WHERE ( tid=35 ) ORDER BY sort desc,id asc  [ RunTime:0.0001s ]
SQL: SELECT `id`,`tid`,`name`,`bz_2`,`sort` FROM `lr_category` WHERE ( tid=39 ) ORDER BY sort desc,id asc  [ RunTime:0.0001s ]
INFO: [ view_parse ] --START--
INFO: [ template_filter ] --START--
INFO: Run Behavior\ContentReplaceBehavior [ RunTime:0.000059s ]
INFO: [ template_filter ] --END-- [ RunTime:0.000111s ]
INFO: Run Behavior\ParseTemplateBehavior [ RunTime:0.011994s ]
INFO: [ view_parse ] --END-- [ RunTime:0.012054s ]
INFO: [ view_filter ] --START--
INFO: Run Behavior\WriteHtmlCacheBehavior [ RunTime:0.000205s ]
INFO: [ view_filter ] --END-- [ RunTime:0.000246s ]
INFO: [ app_end ] --START--
INFO: Run Behavior\ShowPageTraceBehavior [ RunTime:0.000457s ]
INFO: [ app_end ] --END-- [ RunTime:0.000507s ]

[ 2017-08-05T10:31:35+08:00 ] 112.93.202.19 /minibuysalejiaju/index.php/Ht/Category/add.html?cid=7
NOTIC: [8] Use of undefined constant SHOW_PAGE_TRACE - assumed 'SHOW_PAGE_TRACE' /www/web/default/public_html/minibuysalejiaju/App/Common/Conf/debug.php 第 4 行.
INFO: [ app_init ] --START--
INFO: Run Behavior\BuildLiteBehavior [ RunTime:0.000017s ]
INFO: [ app_init ] --END-- [ RunTime:0.000071s ]
INFO: [ app_begin ] --START--
INFO: Run Behavior\ReadHtmlCacheBehavior [ RunTime:0.000414s ]
INFO: [ app_begin ] --END-- [ RunTime:0.000463s ]
SQL: SHOW COLUMNS FROM `lr_category` [ RunTime:0.0009s ]
SQL: SELECT `id`,`tid`,`name`,`bz_2`,`bz_4` FROM `lr_category` WHERE ( tid=0 AND bz_4<2 ) ORDER BY sort desc,id asc  [ RunTime:0.0001s ]
SQL: SELECT `id`,`tid`,`name`,`bz_2`,`sort` FROM `lr_category` WHERE ( tid=1 ) ORDER BY sort desc,id asc  [ RunTime:0.0001s ]
SQL: SELECT `id`,`tid`,`name`,`bz_2`,`sort` FROM `lr_category` WHERE ( tid=2 ) ORDER BY sort desc,id asc  [ RunTime:0.0001s ]
SQL: SELECT `id`,`tid`,`name`,`bz_2`,`sort` FROM `lr_category` WHERE ( tid=3 ) ORDER BY sort desc,id asc  [ RunTime:0.0001s ]
SQL: SELECT `id`,`tid`,`name`,`bz_2`,`sort` FROM `lr_category` WHERE ( tid=4 ) ORDER BY sort desc,id asc  [ RunTime:0.0001s ]
SQL: SELECT `id`,`tid`,`name`,`bz_2`,`sort` FROM `lr_category` WHERE ( tid=20 ) ORDER BY sort desc,id asc  [ RunTime:0.0001s ]
SQL: SELECT `id`,`tid`,`name`,`bz_2`,`sort` FROM `lr_category` WHERE ( tid=21 ) ORDER BY sort desc,id asc  [ RunTime:0.0001s ]
SQL: SELECT `id`,`tid`,`name`,`bz_2`,`sort` FROM `lr_category` WHERE ( tid=33 ) ORDER BY sort desc,id asc  [ RunTime:0.0001s ]
SQL: SELECT `id`,`tid`,`name`,`bz_2`,`sort` FROM `lr_category` WHERE ( tid=35 ) ORDER BY sort desc,id asc  [ RunTime:0.0001s ]
SQL: SELECT `id`,`tid`,`name`,`bz_2`,`sort` FROM `lr_category` WHERE ( tid=39 ) ORDER BY sort desc,id asc  [ RunTime:0.0001s ]
SQL: SELECT * FROM `lr_category` WHERE ( id=7 ) LIMIT 1   [ RunTime:0.0002s ]
INFO: [ view_parse ] --START--
INFO: [ template_filter ] --START--
INFO: Run Behavior\ContentReplaceBehavior [ RunTime:0.000073s ]
INFO: [ template_filter ] --END-- [ RunTime:0.000126s ]
NOTIC: [8] Undefined variable: action /www/web/default/public_html/minibuysalejiaju/App/Runtime/Cache/Ht/73c7a683cbb0b15f5758475110550c36.php 第 39 行.
INFO: Run Behavior\ParseTemplateBehavior [ RunTime:0.012653s ]
INFO: [ view_parse ] --END-- [ RunTime:0.012724s ]
INFO: [ view_filter ] --START--
INFO: Run Behavior\WriteHtmlCacheBehavior [ RunTime:0.000204s ]
INFO: [ view_filter ] --END-- [ RunTime:0.000246s ]
INFO: [ app_end ] --START--
INFO: Run Behavior\ShowPageTraceBehavior [ RunTime:0.000443s ]
INFO: [ app_end ] --END-- [ RunTime:0.000504s ]

[ 2017-08-05T14:22:38+08:00 ] 112.93.202.19 /minibuysalejiaju/index.php/Ht/Product/index.html
NOTIC: [8] Use of undefined constant SHOW_PAGE_TRACE - assumed 'SHOW_PAGE_TRACE' /www/web/default/public_html/minibuysalejiaju/App/Common/Conf/debug.php 第 4 行.
INFO: [ app_init ] --START--
INFO: Run Behavior\BuildLiteBehavior [ RunTime:0.000012s ]
INFO: [ app_init ] --END-- [ RunTime:0.000059s ]
INFO: [ app_begin ] --START--
INFO: Run Behavior\ReadHtmlCacheBehavior [ RunTime:0.000412s ]
INFO: [ app_begin ] --END-- [ RunTime:0.000461s ]

[ 2017-08-05T14:22:40+08:00 ] 112.93.202.19 /minibuysalejiaju/index.php/Ht/Login/index.html
NOTIC: [8] Use of undefined constant SHOW_PAGE_TRACE - assumed 'SHOW_PAGE_TRACE' /www/web/default/public_html/minibuysalejiaju/App/Common/Conf/debug.php 第 4 行.
INFO: [ app_init ] --START--
INFO: Run Behavior\BuildLiteBehavior [ RunTime:0.000012s ]
INFO: [ app_init ] --END-- [ RunTime:0.000060s ]
INFO: [ app_begin ] --START--
INFO: Run Behavior\ReadHtmlCacheBehavior [ RunTime:0.000386s ]
INFO: [ app_begin ] --END-- [ RunTime:0.000443s ]
SQL: SHOW COLUMNS FROM `lr_program` [ RunTime:0.0018s ]
SQL: SELECT * FROM `lr_program` LIMIT 1   [ RunTime:0.0001s ]
INFO: [ view_parse ] --START--
INFO: [ template_filter ] --START--
INFO: Run Behavior\ContentReplaceBehavior [ RunTime:0.000052s ]
INFO: [ template_filter ] --END-- [ RunTime:0.000114s ]
NOTIC: [8] Undefined variable: key /www/web/default/public_html/minibuysalejiaju/App/Runtime/Cache/Ht/2d4ce69e9c2d15d777794fcdbaefd3a2.php 第 24 行.
INFO: Run Behavior\ParseTemplateBehavior [ RunTime:0.005182s ]
INFO: [ view_parse ] --END-- [ RunTime:0.005242s ]
INFO: [ view_filter ] --START--
INFO: Run Behavior\WriteHtmlCacheBehavior [ RunTime:0.000206s ]
INFO: [ view_filter ] --END-- [ RunTime:0.000248s ]
INFO: [ app_end ] --START--
INFO: Run Behavior\ShowPageTraceBehavior [ RunTime:0.000438s ]
INFO: [ app_end ] --END-- [ RunTime:0.000484s ]

