[ 2017-08-11T10:26:10+08:00 ] 58.255.47.132 /minibuysalejiaju/index.php/Ht/Index/index.html
NOTIC: [8] Use of undefined constant SHOW_PAGE_TRACE - assumed 'SHOW_PAGE_TRACE' /www/web/default/public_html/minibuysalejiaju/App/Common/Conf/debug.php 第 4 行.
INFO: [ app_init ] --START--
INFO: Run Behavior\BuildLiteBehavior [ RunTime:0.000015s ]
INFO: [ app_init ] --END-- [ RunTime:0.000094s ]
INFO: [ app_begin ] --START--
INFO: Run Behavior\ReadHtmlCacheBehavior [ RunTime:0.000416s ]
INFO: [ app_begin ] --END-- [ RunTime:0.000469s ]

[ 2017-08-11T10:26:12+08:00 ] 58.255.47.132 /minibuysalejiaju/index.php/Ht/Login/index.html
NOTIC: [8] Use of undefined constant SHOW_PAGE_TRACE - assumed 'SHOW_PAGE_TRACE' /www/web/default/public_html/minibuysalejiaju/App/Common/Conf/debug.php 第 4 行.
INFO: [ app_init ] --START--
INFO: Run Behavior\BuildLiteBehavior [ RunTime:0.000013s ]
INFO: [ app_init ] --END-- [ RunTime:0.000064s ]
INFO: [ app_begin ] --START--
INFO: Run Behavior\ReadHtmlCacheBehavior [ RunTime:0.000504s ]
INFO: [ app_begin ] --END-- [ RunTime:0.000602s ]
SQL: SHOW COLUMNS FROM `lr_program` [ RunTime:0.0088s ]
SQL: SELECT * FROM `lr_program` LIMIT 1   [ RunTime:0.0004s ]
INFO: [ view_parse ] --START--
INFO: [ template_filter ] --START--
INFO: Run Behavior\ContentReplaceBehavior [ RunTime:0.000056s ]
INFO: [ template_filter ] --END-- [ RunTime:0.000111s ]
NOTIC: [8] Undefined variable: key /www/web/default/public_html/minibuysalejiaju/App/Runtime/Cache/Ht/2d4ce69e9c2d15d777794fcdbaefd3a2.php 第 24 行.
INFO: Run Behavior\ParseTemplateBehavior [ RunTime:0.044928s ]
INFO: [ view_parse ] --END-- [ RunTime:0.044987s ]
INFO: [ view_filter ] --START--
INFO: Run Behavior\WriteHtmlCacheBehavior [ RunTime:0.000539s ]
INFO: [ view_filter ] --END-- [ RunTime:0.000585s ]
INFO: [ app_end ] --START--
INFO: Run Behavior\ShowPageTraceBehavior [ RunTime:0.000797s ]
INFO: [ app_end ] --END-- [ RunTime:0.000848s ]

[ 2017-08-11T10:36:56+08:00 ] 58.255.47.132 /minibuysalejiaju/index.php/Ht/Login/index.html?key=
NOTIC: [8] Use of undefined constant SHOW_PAGE_TRACE - assumed 'SHOW_PAGE_TRACE' /www/web/default/public_html/minibuysalejiaju/App/Common/Conf/debug.php 第 4 行.
INFO: [ app_init ] --START--
INFO: Run Behavior\BuildLiteBehavior [ RunTime:0.000012s ]
INFO: [ app_init ] --END-- [ RunTime:0.000060s ]
INFO: [ app_begin ] --START--
INFO: Run Behavior\ReadHtmlCacheBehavior [ RunTime:0.000387s ]
INFO: [ app_begin ] --END-- [ RunTime:0.000439s ]
SQL: SHOW COLUMNS FROM `lr_adminuser` [ RunTime:0.0310s ]
SQL: SELECT * FROM `lr_adminuser` WHERE ( name='iwoln' AND del<1 ) LIMIT 1   [ RunTime:0.0017s ]
SQL: SHOW COLUMNS FROM `lr_program` [ RunTime:0.0008s ]
SQL: SELECT * FROM `lr_program` LIMIT 1   [ RunTime:0.0001s ]
NOTIC: [8] Undefined index: shop_id /www/web/default/public_html/minibuysalejiaju/App/Ht/Controller/LoginController.class.php 第 21 行.
INFO: [ app_end ] --START--
INFO: Run Behavior\ShowPageTraceBehavior [ RunTime:0.000462s ]
INFO: [ app_end ] --END-- [ RunTime:0.000513s ]

[ 2017-08-11T10:36:58+08:00 ] 58.255.47.132 /minibuysalejiaju/index.php/Ht/Index/index.html
NOTIC: [8] Use of undefined constant SHOW_PAGE_TRACE - assumed 'SHOW_PAGE_TRACE' /www/web/default/public_html/minibuysalejiaju/App/Common/Conf/debug.php 第 4 行.
INFO: [ app_init ] --START--
INFO: Run Behavior\BuildLiteBehavior [ RunTime:0.000017s ]
INFO: [ app_init ] --END-- [ RunTime:0.000071s ]
INFO: [ app_begin ] --START--
INFO: Run Behavior\ReadHtmlCacheBehavior [ RunTime:0.000444s ]
INFO: [ app_begin ] --END-- [ RunTime:0.000496s ]
SQL: SHOW COLUMNS FROM `lr_web` [ RunTime:0.0017s ]
SQL: SELECT `concent` FROM `lr_web` WHERE ( id=5 ) LIMIT 1   [ RunTime:0.0002s ]
INFO: [ view_parse ] --START--
INFO: [ template_filter ] --START--
INFO: Run Behavior\ContentReplaceBehavior [ RunTime:0.000075s ]
INFO: [ template_filter ] --END-- [ RunTime:0.000124s ]
INFO: Run Behavior\ParseTemplateBehavior [ RunTime:0.034028s ]
INFO: [ view_parse ] --END-- [ RunTime:0.034099s ]
INFO: [ view_filter ] --START--
INFO: Run Behavior\WriteHtmlCacheBehavior [ RunTime:0.000227s ]
INFO: [ view_filter ] --END-- [ RunTime:0.000273s ]
INFO: [ app_end ] --START--
INFO: Run Behavior\ShowPageTraceBehavior [ RunTime:0.000426s ]
INFO: [ app_end ] --END-- [ RunTime:0.000472s ]

[ 2017-08-11T10:36:58+08:00 ] 58.255.47.132 /minibuysalejiaju/index.php/Ht/Page/adminindex.html
NOTIC: [8] Use of undefined constant SHOW_PAGE_TRACE - assumed 'SHOW_PAGE_TRACE' /www/web/default/public_html/minibuysalejiaju/App/Common/Conf/debug.php 第 4 行.
INFO: [ app_init ] --START--
INFO: Run Behavior\BuildLiteBehavior [ RunTime:0.000016s ]
INFO: [ app_init ] --END-- [ RunTime:0.000066s ]
INFO: [ app_begin ] --START--
INFO: Run Behavior\ReadHtmlCacheBehavior [ RunTime:0.000390s ]
INFO: [ app_begin ] --END-- [ RunTime:0.000440s ]
INFO: [ view_parse ] --START--
INFO: [ template_filter ] --START--
INFO: Run Behavior\ContentReplaceBehavior [ RunTime:0.000043s ]
INFO: [ template_filter ] --END-- [ RunTime:0.000093s ]
INFO: Run Behavior\ParseTemplateBehavior [ RunTime:0.226948s ]
INFO: [ view_parse ] --END-- [ RunTime:0.227040s ]
INFO: [ view_filter ] --START--
INFO: Run Behavior\WriteHtmlCacheBehavior [ RunTime:0.000262s ]
INFO: [ view_filter ] --END-- [ RunTime:0.000308s ]
INFO: [ app_end ] --START--
INFO: Run Behavior\ShowPageTraceBehavior [ RunTime:0.000430s ]
INFO: [ app_end ] --END-- [ RunTime:0.000477s ]

[ 2017-08-11T10:37:17+08:00 ] 58.255.47.132 /minibuysalejiaju/index.php/Ht/Product/index.html
NOTIC: [8] Use of undefined constant SHOW_PAGE_TRACE - assumed 'SHOW_PAGE_TRACE' /www/web/default/public_html/minibuysalejiaju/App/Common/Conf/debug.php 第 4 行.
INFO: [ app_init ] --START--
INFO: Run Behavior\BuildLiteBehavior [ RunTime:0.000012s ]
INFO: [ app_init ] --END-- [ RunTime:0.000060s ]
INFO: [ app_begin ] --START--
INFO: Run Behavior\ReadHtmlCacheBehavior [ RunTime:0.000388s ]
INFO: [ app_begin ] --END-- [ RunTime:0.000438s ]
NOTIC: [8] Undefined index: id /www/web/default/public_html/minibuysalejiaju/App/Ht/Controller/ProductController.class.php 第 14 行.
NOTIC: [8] Undefined index: shop_id /www/web/default/public_html/minibuysalejiaju/App/Ht/Controller/ProductController.class.php 第 15 行.
NOTIC: [8] Undefined index: type /www/web/default/public_html/minibuysalejiaju/App/Ht/Controller/ProductController.class.php 第 18 行.
NOTIC: [8] Undefined index: tuijian /www/web/default/public_html/minibuysalejiaju/App/Ht/Controller/ProductController.class.php 第 19 行.
NOTIC: [8] Undefined index: name /www/web/default/public_html/minibuysalejiaju/App/Ht/Controller/ProductController.class.php 第 20 行.
SQL: SHOW COLUMNS FROM `lr_product` [ RunTime:0.0013s ]
SQL: SELECT COUNT(*) AS tp_count FROM `lr_product` WHERE ( 1=1 AND pro_type=1 AND del<1 ) LIMIT 1   [ RunTime:0.0003s ]
NOTIC: [8] Undefined index: page /www/web/default/public_html/minibuysalejiaju/App/Ht/Controller/ProductController.class.php 第 32 行.
SQL: SELECT * FROM `lr_product` WHERE ( 1=1 AND pro_type=1 AND del<1 ) ORDER BY addtime desc LIMIT 0,20   [ RunTime:0.0004s ]
SQL: SHOW COLUMNS FROM `lr_shangchang` [ RunTime:0.0009s ]
SQL: SELECT `name` FROM `lr_shangchang` WHERE ( id=1 ) LIMIT 1   [ RunTime:0.0002s ]
SQL: SHOW COLUMNS FROM `lr_category` [ RunTime:0.0006s ]
SQL: SELECT `name` FROM `lr_category` WHERE ( id=15 ) LIMIT 1   [ RunTime:0.0002s ]
SQL: SELECT `name` FROM `lr_shangchang` WHERE ( id=1 ) LIMIT 1   [ RunTime:0.0001s ]
SQL: SELECT `name` FROM `lr_category` WHERE ( id=19 ) LIMIT 1   [ RunTime:0.0002s ]
SQL: SELECT `name` FROM `lr_shangchang` WHERE ( id=1 ) LIMIT 1   [ RunTime:0.0001s ]
SQL: SELECT `name` FROM `lr_category` WHERE ( id=19 ) LIMIT 1   [ RunTime:0.0001s ]
SQL: SELECT `name` FROM `lr_shangchang` WHERE ( id=1 ) LIMIT 1   [ RunTime:0.0001s ]
SQL: SELECT `name` FROM `lr_category` WHERE ( id=19 ) LIMIT 1   [ RunTime:0.0001s ]
SQL: SELECT `name` FROM `lr_shangchang` WHERE ( id=1 ) LIMIT 1   [ RunTime:0.0001s ]
SQL: SELECT `name` FROM `lr_category` WHERE ( id=19 ) LIMIT 1   [ RunTime:0.0001s ]
SQL: SELECT `name` FROM `lr_shangchang` WHERE ( id=1 ) LIMIT 1   [ RunTime:0.0001s ]
SQL: SELECT `name` FROM `lr_category` WHERE ( id=17 ) LIMIT 1   [ RunTime:0.0002s ]
SQL: SELECT `name` FROM `lr_shangchang` WHERE ( id=1 ) LIMIT 1   [ RunTime:0.0001s ]
SQL: SELECT `name` FROM `lr_category` WHERE ( id=17 ) LIMIT 1   [ RunTime:0.0001s ]
SQL: SELECT `name` FROM `lr_shangchang` WHERE ( id=1 ) LIMIT 1   [ RunTime:0.0001s ]
SQL: SELECT `name` FROM `lr_category` WHERE ( id=17 ) LIMIT 1   [ RunTime:0.0001s ]
SQL: SELECT `name` FROM `lr_shangchang` WHERE ( id=1 ) LIMIT 1   [ RunTime:0.0001s ]
SQL: SELECT `name` FROM `lr_category` WHERE ( id=17 ) LIMIT 1   [ RunTime:0.0001s ]
SQL: SELECT `name` FROM `lr_shangchang` WHERE ( id=1 ) LIMIT 1   [ RunTime:0.0001s ]
SQL: SELECT `name` FROM `lr_category` WHERE ( id=17 ) LIMIT 1   [ RunTime:0.0001s ]
SQL: SELECT `name` FROM `lr_shangchang` WHERE ( id=1 ) LIMIT 1   [ RunTime:0.0001s ]
SQL: SELECT `name` FROM `lr_category` WHERE ( id=23 ) LIMIT 1   [ RunTime:0.0001s ]
SQL: SELECT `name` FROM `lr_shangchang` WHERE ( id=1 ) LIMIT 1   [ RunTime:0.0001s ]
SQL: SELECT `name` FROM `lr_category` WHERE ( id=23 ) LIMIT 1   [ RunTime:0.0001s ]
SQL: SELECT `name` FROM `lr_shangchang` WHERE ( id=1 ) LIMIT 1   [ RunTime:0.0001s ]
SQL: SELECT `name` FROM `lr_category` WHERE ( id=23 ) LIMIT 1   [ RunTime:0.0001s ]
SQL: SELECT `name` FROM `lr_shangchang` WHERE ( id=1 ) LIMIT 1   [ RunTime:0.0001s ]
SQL: SELECT `name` FROM `lr_category` WHERE ( id=23 ) LIMIT 1   [ RunTime:0.0001s ]
SQL: SELECT `name` FROM `lr_shangchang` WHERE ( id=1 ) LIMIT 1   [ RunTime:0.0001s ]
SQL: SELECT `name` FROM `lr_category` WHERE ( id=23 ) LIMIT 1   [ RunTime:0.0001s ]
SQL: SELECT `name` FROM `lr_shangchang` WHERE ( id=1 ) LIMIT 1   [ RunTime:0.0001s ]
SQL: SELECT `name` FROM `lr_category` WHERE ( id=23 ) LIMIT 1   [ RunTime:0.0001s ]
SQL: SELECT `name` FROM `lr_shangchang` WHERE ( id=1 ) LIMIT 1   [ RunTime:0.0001s ]
SQL: SELECT `name` FROM `lr_category` WHERE ( id=23 ) LIMIT 1   [ RunTime:0.0001s ]
SQL: SELECT `name` FROM `lr_shangchang` WHERE ( id=1 ) LIMIT 1   [ RunTime:0.0001s ]
SQL: SELECT `name` FROM `lr_category` WHERE ( id=23 ) LIMIT 1   [ RunTime:0.0001s ]
SQL: SELECT `name` FROM `lr_shangchang` WHERE ( id=1 ) LIMIT 1   [ RunTime:0.0001s ]
SQL: SELECT `name` FROM `lr_category` WHERE ( id=23 ) LIMIT 1   [ RunTime:0.0001s ]
SQL: SELECT `name` FROM `lr_shangchang` WHERE ( id=1 ) LIMIT 1   [ RunTime:0.0001s ]
SQL: SELECT `name` FROM `lr_category` WHERE ( id=23 ) LIMIT 1   [ RunTime:0.0001s ]
INFO: [ view_parse ] --START--
INFO: [ template_filter ] --START--
INFO: Run Behavior\ContentReplaceBehavior [ RunTime:0.000079s ]
INFO: [ template_filter ] --END-- [ RunTime:0.000145s ]
INFO: Run Behavior\ParseTemplateBehavior [ RunTime:0.012343s ]
INFO: [ view_parse ] --END-- [ RunTime:0.012405s ]
INFO: [ view_filter ] --START--
INFO: Run Behavior\WriteHtmlCacheBehavior [ RunTime:0.000211s ]
INFO: [ view_filter ] --END-- [ RunTime:0.000258s ]
INFO: [ app_end ] --START--
INFO: Run Behavior\ShowPageTraceBehavior [ RunTime:0.000821s ]
INFO: [ app_end ] --END-- [ RunTime:0.000931s ]

[ 2017-08-11T10:37:35+08:00 ] 58.255.47.132 /minibuysalejiaju/index.php/Ht/Product/add.html?id=141&page=0&name=&shop_id=0&tuijian=
NOTIC: [8] Use of undefined constant SHOW_PAGE_TRACE - assumed 'SHOW_PAGE_TRACE' /www/web/default/public_html/minibuysalejiaju/App/Common/Conf/debug.php 第 4 行.
INFO: [ app_init ] --START--
INFO: Run Behavior\BuildLiteBehavior [ RunTime:0.000019s ]
INFO: [ app_init ] --END-- [ RunTime:0.000075s ]
INFO: [ app_begin ] --START--
INFO: Run Behavior\ReadHtmlCacheBehavior [ RunTime:0.000595s ]
INFO: [ app_begin ] --END-- [ RunTime:0.000679s ]
NOTIC: [8] Undefined index: type /www/web/default/public_html/minibuysalejiaju/App/Ht/Controller/ProductController.class.php 第 68 行.
NOTIC: [8] Undefined index: submit /www/web/default/public_html/minibuysalejiaju/App/Ht/Controller/ProductController.class.php 第 70 行.
SQL: SHOW COLUMNS FROM `lr_category` [ RunTime:0.0011s ]
SQL: SELECT `id`,`name` FROM `lr_category` WHERE ( tid=1 )  [ RunTime:0.0002s ]
SQL: SHOW COLUMNS FROM `lr_product` [ RunTime:0.0009s ]
SQL: SELECT * FROM `lr_product` WHERE ( id=141 ) LIMIT 1   [ RunTime:0.0003s ]
SQL: SHOW COLUMNS FROM `lr_shangchang` [ RunTime:0.0008s ]
SQL: SELECT * FROM `lr_shangchang` WHERE ( id=1 ) LIMIT 1   [ RunTime:0.0002s ]
SQL: SELECT `tid` FROM `lr_category` WHERE ( id=19 ) LIMIT 1   [ RunTime:0.0002s ]
SQL: SELECT `id`,`name` FROM `lr_category` WHERE ( tid=3 )  [ RunTime:0.0002s ]
SQL: SHOW COLUMNS FROM `lr_brand` [ RunTime:0.0006s ]
SQL: SELECT `id`,`name` FROM `lr_brand` WHERE ( 1=1 )  [ RunTime:0.0002s ]
NOTIC: [8] Undefined variable: shop_id /www/web/default/public_html/minibuysalejiaju/App/Ht/Controller/ProductController.class.php 第 249 行.
INFO: [ view_parse ] --START--
INFO: [ template_filter ] --START--
INFO: Run Behavior\ContentReplaceBehavior [ RunTime:0.000113s ]
INFO: [ template_filter ] --END-- [ RunTime:0.000177s ]
NOTIC: [8] Undefined variable: img /www/web/default/public_html/minibuysalejiaju/App/Runtime/Cache/Ht/04b33691f63b9c13a9ceae31ee771556.php 第 14 行.
NOTIC: [8] Undefined variable: img /www/web/default/public_html/minibuysalejiaju/App/Runtime/Cache/Ht/04b33691f63b9c13a9ceae31ee771556.php 第 14 行.
NOTIC: [8] Undefined variable: img /www/web/default/public_html/minibuysalejiaju/App/Runtime/Cache/Ht/04b33691f63b9c13a9ceae31ee771556.php 第 14 行.
NOTIC: [2] Division by zero /www/web/default/public_html/minibuysalejiaju/App/Runtime/Cache/Ht/04b33691f63b9c13a9ceae31ee771556.php 第 14 行.
NOTIC: [8] Undefined variable: img_str /www/web/default/public_html/minibuysalejiaju/App/Runtime/Cache/Ht/04b33691f63b9c13a9ceae31ee771556.php 第 205 行.
INFO: Run Behavior\ParseTemplateBehavior [ RunTime:0.012931s ]
INFO: [ view_parse ] --END-- [ RunTime:0.012997s ]
INFO: [ view_filter ] --START--
INFO: Run Behavior\WriteHtmlCacheBehavior [ RunTime:0.000232s ]
INFO: [ view_filter ] --END-- [ RunTime:0.000278s ]
INFO: [ app_end ] --START--
INFO: Run Behavior\ShowPageTraceBehavior [ RunTime:0.000445s ]
INFO: [ app_end ] --END-- [ RunTime:0.000495s ]

[ 2017-08-11T10:37:47+08:00 ] 58.255.47.132 /minibuysalejiaju/index.php/Ht/Product/add.html?id=141&page=0&type=&name=&shop_id=
NOTIC: [8] Use of undefined constant SHOW_PAGE_TRACE - assumed 'SHOW_PAGE_TRACE' /www/web/default/public_html/minibuysalejiaju/App/Common/Conf/debug.php 第 4 行.
INFO: [ app_init ] --START--
INFO: Run Behavior\BuildLiteBehavior [ RunTime:0.000012s ]
INFO: [ app_init ] --END-- [ RunTime:0.000057s ]
INFO: [ app_begin ] --START--
INFO: Run Behavior\ReadHtmlCacheBehavior [ RunTime:0.000418s ]
INFO: [ app_begin ] --END-- [ RunTime:0.000468s ]
NOTIC: [8] Use of undefined constant Ymd - assumed 'Ymd' /www/web/default/public_html/minibuysalejiaju/App/Ht/Controller/ProductController.class.php 第 168 行.
NOTIC: [2] finfo_file(): Empty filename or path /www/web/default/public_html/minibuysalejiaju/ThinkPHP/Library/Think/Upload.class.php 第 152 行.
SQL: SHOW COLUMNS FROM `lr_product` [ RunTime:0.0014s ]
SQL: SELECT `photo_string` FROM `lr_product` WHERE ( id=141 ) LIMIT 1   [ RunTime:0.0002s ]
SQL: UPDATE `lr_product` SET `name`='墙身饰面板',`intro`='',`shop_id`='1',`cid`='19',`brand_id`='2',`pro_number`='WP04',`sort`='0',`price`='850',`price_yh`='660',`price_jf`='0',`updatetime`='1502419067',`num`='1',`content`='中密度基材，雕花线条，白色乳胶漆。可接受定制，生产周期30-45个工作周期。<br />',`company`='平方米',`pro_type`='1',`renqi`='0',`is_hot`='0',`is_show`='0',`is_sale`='0',`photo_string`='' WHERE ( id=141 ) [ RunTime:0.0003s ]
INFO: [ view_parse ] --START--
INFO: [ template_filter ] --START--
INFO: Run Behavior\ContentReplaceBehavior [ RunTime:0.000047s ]
INFO: [ template_filter ] --END-- [ RunTime:0.000105s ]
INFO: Run Behavior\ParseTemplateBehavior [ RunTime:0.037222s ]
INFO: [ view_parse ] --END-- [ RunTime:0.037310s ]
INFO: [ view_filter ] --START--
INFO: Run Behavior\WriteHtmlCacheBehavior [ RunTime:0.000248s ]
INFO: [ view_filter ] --END-- [ RunTime:0.000301s ]

[ 2017-08-11T10:37:49+08:00 ] 58.255.47.132 /minibuysalejiaju/index.php/Ht/Product/add.html?id=141&page=0&name=&shop_id=0&tuijian=
NOTIC: [8] Use of undefined constant SHOW_PAGE_TRACE - assumed 'SHOW_PAGE_TRACE' /www/web/default/public_html/minibuysalejiaju/App/Common/Conf/debug.php 第 4 行.
INFO: [ app_init ] --START--
INFO: Run Behavior\BuildLiteBehavior [ RunTime:0.000017s ]
INFO: [ app_init ] --END-- [ RunTime:0.000073s ]
INFO: [ app_begin ] --START--
INFO: Run Behavior\ReadHtmlCacheBehavior [ RunTime:0.000418s ]
INFO: [ app_begin ] --END-- [ RunTime:0.000469s ]
NOTIC: [8] Undefined index: type /www/web/default/public_html/minibuysalejiaju/App/Ht/Controller/ProductController.class.php 第 68 行.
NOTIC: [8] Undefined index: submit /www/web/default/public_html/minibuysalejiaju/App/Ht/Controller/ProductController.class.php 第 70 行.
SQL: SHOW COLUMNS FROM `lr_category` [ RunTime:0.0011s ]
SQL: SELECT `id`,`name` FROM `lr_category` WHERE ( tid=1 )  [ RunTime:0.0001s ]
SQL: SHOW COLUMNS FROM `lr_product` [ RunTime:0.0009s ]
SQL: SELECT * FROM `lr_product` WHERE ( id=141 ) LIMIT 1   [ RunTime:0.0003s ]
SQL: SHOW COLUMNS FROM `lr_shangchang` [ RunTime:0.0008s ]
SQL: SELECT * FROM `lr_shangchang` WHERE ( id=1 ) LIMIT 1   [ RunTime:0.0001s ]
SQL: SELECT `tid` FROM `lr_category` WHERE ( id=19 ) LIMIT 1   [ RunTime:0.0001s ]
SQL: SELECT `id`,`name` FROM `lr_category` WHERE ( tid=3 )  [ RunTime:0.0001s ]
SQL: SHOW COLUMNS FROM `lr_brand` [ RunTime:0.0006s ]
SQL: SELECT `id`,`name` FROM `lr_brand` WHERE ( 1=1 )  [ RunTime:0.0001s ]
NOTIC: [8] Undefined variable: shop_id /www/web/default/public_html/minibuysalejiaju/App/Ht/Controller/ProductController.class.php 第 249 行.
INFO: [ view_parse ] --START--
INFO: [ template_filter ] --START--
INFO: Run Behavior\ContentReplaceBehavior [ RunTime:0.000118s ]
INFO: [ template_filter ] --END-- [ RunTime:0.000170s ]
NOTIC: [8] Undefined variable: img /www/web/default/public_html/minibuysalejiaju/App/Runtime/Cache/Ht/04b33691f63b9c13a9ceae31ee771556.php 第 14 行.
NOTIC: [8] Undefined variable: img /www/web/default/public_html/minibuysalejiaju/App/Runtime/Cache/Ht/04b33691f63b9c13a9ceae31ee771556.php 第 14 行.
NOTIC: [8] Undefined variable: img /www/web/default/public_html/minibuysalejiaju/App/Runtime/Cache/Ht/04b33691f63b9c13a9ceae31ee771556.php 第 14 行.
NOTIC: [2] Division by zero /www/web/default/public_html/minibuysalejiaju/App/Runtime/Cache/Ht/04b33691f63b9c13a9ceae31ee771556.php 第 14 行.
NOTIC: [8] Undefined variable: img_str /www/web/default/public_html/minibuysalejiaju/App/Runtime/Cache/Ht/04b33691f63b9c13a9ceae31ee771556.php 第 205 行.
INFO: Run Behavior\ParseTemplateBehavior [ RunTime:0.012401s ]
INFO: [ view_parse ] --END-- [ RunTime:0.012472s ]
INFO: [ view_filter ] --START--
INFO: Run Behavior\WriteHtmlCacheBehavior [ RunTime:0.000205s ]
INFO: [ view_filter ] --END-- [ RunTime:0.000248s ]
INFO: [ app_end ] --START--
INFO: Run Behavior\ShowPageTraceBehavior [ RunTime:0.000451s ]
INFO: [ app_end ] --END-- [ RunTime:0.000503s ]

[ 2017-08-11T10:37:51+08:00 ] 58.255.47.132 /minibuysalejiaju/index.php/Ht/Product/index.html
NOTIC: [8] Use of undefined constant SHOW_PAGE_TRACE - assumed 'SHOW_PAGE_TRACE' /www/web/default/public_html/minibuysalejiaju/App/Common/Conf/debug.php 第 4 行.
INFO: [ app_init ] --START--
INFO: Run Behavior\BuildLiteBehavior [ RunTime:0.000013s ]
INFO: [ app_init ] --END-- [ RunTime:0.000061s ]
INFO: [ app_begin ] --START--
INFO: Run Behavior\ReadHtmlCacheBehavior [ RunTime:0.000418s ]
INFO: [ app_begin ] --END-- [ RunTime:0.000469s ]
NOTIC: [8] Undefined index: id /www/web/default/public_html/minibuysalejiaju/App/Ht/Controller/ProductController.class.php 第 14 行.
NOTIC: [8] Undefined index: shop_id /www/web/default/public_html/minibuysalejiaju/App/Ht/Controller/ProductController.class.php 第 15 行.
NOTIC: [8] Undefined index: type /www/web/default/public_html/minibuysalejiaju/App/Ht/Controller/ProductController.class.php 第 18 行.
NOTIC: [8] Undefined index: tuijian /www/web/default/public_html/minibuysalejiaju/App/Ht/Controller/ProductController.class.php 第 19 行.
NOTIC: [8] Undefined index: name /www/web/default/public_html/minibuysalejiaju/App/Ht/Controller/ProductController.class.php 第 20 行.
SQL: SHOW COLUMNS FROM `lr_product` [ RunTime:0.0011s ]
SQL: SELECT COUNT(*) AS tp_count FROM `lr_product` WHERE ( 1=1 AND pro_type=1 AND del<1 ) LIMIT 1   [ RunTime:0.0004s ]
NOTIC: [8] Undefined index: page /www/web/default/public_html/minibuysalejiaju/App/Ht/Controller/ProductController.class.php 第 32 行.
SQL: SELECT * FROM `lr_product` WHERE ( 1=1 AND pro_type=1 AND del<1 ) ORDER BY addtime desc LIMIT 0,20   [ RunTime:0.0004s ]
SQL: SHOW COLUMNS FROM `lr_shangchang` [ RunTime:0.0008s ]
SQL: SELECT `name` FROM `lr_shangchang` WHERE ( id=1 ) LIMIT 1   [ RunTime:0.0001s ]
SQL: SHOW COLUMNS FROM `lr_category` [ RunTime:0.0006s ]
SQL: SELECT `name` FROM `lr_category` WHERE ( id=15 ) LIMIT 1   [ RunTime:0.0004s ]
SQL: SELECT `name` FROM `lr_shangchang` WHERE ( id=1 ) LIMIT 1   [ RunTime:0.0001s ]
SQL: SELECT `name` FROM `lr_category` WHERE ( id=19 ) LIMIT 1   [ RunTime:0.0001s ]
SQL: SELECT `name` FROM `lr_shangchang` WHERE ( id=1 ) LIMIT 1   [ RunTime:0.0001s ]
SQL: SELECT `name` FROM `lr_category` WHERE ( id=19 ) LIMIT 1   [ RunTime:0.0001s ]
SQL: SELECT `name` FROM `lr_shangchang` WHERE ( id=1 ) LIMIT 1   [ RunTime:0.0001s ]
SQL: SELECT `name` FROM `lr_category` WHERE ( id=19 ) LIMIT 1   [ RunTime:0.0001s ]
SQL: SELECT `name` FROM `lr_shangchang` WHERE ( id=1 ) LIMIT 1   [ RunTime:0.0001s ]
SQL: SELECT `name` FROM `lr_category` WHERE ( id=19 ) LIMIT 1   [ RunTime:0.0001s ]
SQL: SELECT `name` FROM `lr_shangchang` WHERE ( id=1 ) LIMIT 1   [ RunTime:0.0001s ]
SQL: SELECT `name` FROM `lr_category` WHERE ( id=17 ) LIMIT 1   [ RunTime:0.0001s ]
SQL: SELECT `name` FROM `lr_shangchang` WHERE ( id=1 ) LIMIT 1   [ RunTime:0.0001s ]
SQL: SELECT `name` FROM `lr_category` WHERE ( id=17 ) LIMIT 1   [ RunTime:0.0001s ]
SQL: SELECT `name` FROM `lr_shangchang` WHERE ( id=1 ) LIMIT 1   [ RunTime:0.0001s ]
SQL: SELECT `name` FROM `lr_category` WHERE ( id=17 ) LIMIT 1   [ RunTime:0.0001s ]
SQL: SELECT `name` FROM `lr_shangchang` WHERE ( id=1 ) LIMIT 1   [ RunTime:0.0001s ]
SQL: SELECT `name` FROM `lr_category` WHERE ( id=17 ) LIMIT 1   [ RunTime:0.0001s ]
SQL: SELECT `name` FROM `lr_shangchang` WHERE ( id=1 ) LIMIT 1   [ RunTime:0.0001s ]
SQL: SELECT `name` FROM `lr_category` WHERE ( id=17 ) LIMIT 1   [ RunTime:0.0001s ]
SQL: SELECT `name` FROM `lr_shangchang` WHERE ( id=1 ) LIMIT 1   [ RunTime:0.0001s ]
SQL: SELECT `name` FROM `lr_category` WHERE ( id=23 ) LIMIT 1   [ RunTime:0.0001s ]
SQL: SELECT `name` FROM `lr_shangchang` WHERE ( id=1 ) LIMIT 1   [ RunTime:0.0001s ]
SQL: SELECT `name` FROM `lr_category` WHERE ( id=23 ) LIMIT 1   [ RunTime:0.0001s ]
SQL: SELECT `name` FROM `lr_shangchang` WHERE ( id=1 ) LIMIT 1   [ RunTime:0.0001s ]
SQL: SELECT `name` FROM `lr_category` WHERE ( id=23 ) LIMIT 1   [ RunTime:0.0001s ]
SQL: SELECT `name` FROM `lr_shangchang` WHERE ( id=1 ) LIMIT 1   [ RunTime:0.0001s ]
SQL: SELECT `name` FROM `lr_category` WHERE ( id=23 ) LIMIT 1   [ RunTime:0.0001s ]
SQL: SELECT `name` FROM `lr_shangchang` WHERE ( id=1 ) LIMIT 1   [ RunTime:0.0001s ]
SQL: SELECT `name` FROM `lr_category` WHERE ( id=23 ) LIMIT 1   [ RunTime:0.0004s ]
SQL: SELECT `name` FROM `lr_shangchang` WHERE ( id=1 ) LIMIT 1   [ RunTime:0.0001s ]
SQL: SELECT `name` FROM `lr_category` WHERE ( id=23 ) LIMIT 1   [ RunTime:0.0001s ]
SQL: SELECT `name` FROM `lr_shangchang` WHERE ( id=1 ) LIMIT 1   [ RunTime:0.0001s ]
SQL: SELECT `name` FROM `lr_category` WHERE ( id=23 ) LIMIT 1   [ RunTime:0.0001s ]
SQL: SELECT `name` FROM `lr_shangchang` WHERE ( id=1 ) LIMIT 1   [ RunTime:0.0001s ]
SQL: SELECT `name` FROM `lr_category` WHERE ( id=23 ) LIMIT 1   [ RunTime:0.0001s ]
SQL: SELECT `name` FROM `lr_shangchang` WHERE ( id=1 ) LIMIT 1   [ RunTime:0.0001s ]
SQL: SELECT `name` FROM `lr_category` WHERE ( id=23 ) LIMIT 1   [ RunTime:0.0001s ]
SQL: SELECT `name` FROM `lr_shangchang` WHERE ( id=1 ) LIMIT 1   [ RunTime:0.0001s ]
SQL: SELECT `name` FROM `lr_category` WHERE ( id=23 ) LIMIT 1   [ RunTime:0.0001s ]
INFO: [ view_parse ] --START--
INFO: [ template_filter ] --START--
INFO: Run Behavior\ContentReplaceBehavior [ RunTime:0.000071s ]
INFO: [ template_filter ] --END-- [ RunTime:0.000124s ]
INFO: Run Behavior\ParseTemplateBehavior [ RunTime:0.011002s ]
INFO: [ view_parse ] --END-- [ RunTime:0.011050s ]
INFO: [ view_filter ] --START--
INFO: Run Behavior\WriteHtmlCacheBehavior [ RunTime:0.000222s ]
INFO: [ view_filter ] --END-- [ RunTime:0.000268s ]
INFO: [ app_end ] --START--
INFO: Run Behavior\ShowPageTraceBehavior [ RunTime:0.000513s ]
INFO: [ app_end ] --END-- [ RunTime:0.000601s ]

[ 2017-08-11T10:52:06+08:00 ] 58.255.47.132 /minibuysalejiaju/index.php/Ht/Login/index.html
NOTIC: [8] Use of undefined constant SHOW_PAGE_TRACE - assumed 'SHOW_PAGE_TRACE' /www/web/default/public_html/minibuysalejiaju/App/Common/Conf/debug.php 第 4 行.
INFO: [ app_init ] --START--
INFO: Run Behavior\BuildLiteBehavior [ RunTime:0.000014s ]
INFO: [ app_init ] --END-- [ RunTime:0.000066s ]
INFO: [ app_begin ] --START--
INFO: Run Behavior\ReadHtmlCacheBehavior [ RunTime:0.000393s ]
INFO: [ app_begin ] --END-- [ RunTime:0.000443s ]
SQL: SHOW COLUMNS FROM `lr_program` [ RunTime:0.0010s ]
SQL: SELECT * FROM `lr_program` LIMIT 1   [ RunTime:0.0001s ]
INFO: [ view_parse ] --START--
INFO: [ template_filter ] --START--
INFO: Run Behavior\ContentReplaceBehavior [ RunTime:0.000054s ]
INFO: [ template_filter ] --END-- [ RunTime:0.000123s ]
NOTIC: [8] Undefined variable: key /www/web/default/public_html/minibuysalejiaju/App/Runtime/Cache/Ht/2d4ce69e9c2d15d777794fcdbaefd3a2.php 第 24 行.
INFO: Run Behavior\ParseTemplateBehavior [ RunTime:0.004751s ]
INFO: [ view_parse ] --END-- [ RunTime:0.004799s ]
INFO: [ view_filter ] --START--
INFO: Run Behavior\WriteHtmlCacheBehavior [ RunTime:0.000203s ]
INFO: [ view_filter ] --END-- [ RunTime:0.000244s ]
INFO: [ app_end ] --START--
INFO: Run Behavior\ShowPageTraceBehavior [ RunTime:0.000403s ]
INFO: [ app_end ] --END-- [ RunTime:0.000449s ]

[ 2017-08-11T10:52:20+08:00 ] 58.255.47.132 /minibuysalejiaju/index.php/Ht/Login/index.html?key=
NOTIC: [8] Use of undefined constant SHOW_PAGE_TRACE - assumed 'SHOW_PAGE_TRACE' /www/web/default/public_html/minibuysalejiaju/App/Common/Conf/debug.php 第 4 行.
INFO: [ app_init ] --START--
INFO: Run Behavior\BuildLiteBehavior [ RunTime:0.000013s ]
INFO: [ app_init ] --END-- [ RunTime:0.000061s ]
INFO: [ app_begin ] --START--
INFO: Run Behavior\ReadHtmlCacheBehavior [ RunTime:0.000387s ]
INFO: [ app_begin ] --END-- [ RunTime:0.000438s ]
SQL: SHOW COLUMNS FROM `lr_adminuser` [ RunTime:0.0010s ]
SQL: SELECT * FROM `lr_adminuser` WHERE ( name='iwoln' AND del<1 ) LIMIT 1   [ RunTime:0.0001s ]
SQL: SHOW COLUMNS FROM `lr_program` [ RunTime:0.0008s ]
SQL: SELECT * FROM `lr_program` LIMIT 1   [ RunTime:0.0001s ]
NOTIC: [8] Undefined index: shop_id /www/web/default/public_html/minibuysalejiaju/App/Ht/Controller/LoginController.class.php 第 21 行.
INFO: [ app_end ] --START--
INFO: Run Behavior\ShowPageTraceBehavior [ RunTime:0.000441s ]
INFO: [ app_end ] --END-- [ RunTime:0.000491s ]

[ 2017-08-11T10:52:36+08:00 ] 58.255.47.132 /minibuysalejiaju/index.php/Ht/Login/index.html?key=
NOTIC: [8] Use of undefined constant SHOW_PAGE_TRACE - assumed 'SHOW_PAGE_TRACE' /www/web/default/public_html/minibuysalejiaju/App/Common/Conf/debug.php 第 4 行.
INFO: [ app_init ] --START--
INFO: Run Behavior\BuildLiteBehavior [ RunTime:0.000012s ]
INFO: [ app_init ] --END-- [ RunTime:0.000059s ]
INFO: [ app_begin ] --START--
INFO: Run Behavior\ReadHtmlCacheBehavior [ RunTime:0.000384s ]
INFO: [ app_begin ] --END-- [ RunTime:0.000434s ]
SQL: SHOW COLUMNS FROM `lr_adminuser` [ RunTime:0.0010s ]
SQL: SELECT * FROM `lr_adminuser` WHERE ( name='iwoln' AND del<1 ) LIMIT 1   [ RunTime:0.0001s ]
SQL: SHOW COLUMNS FROM `lr_program` [ RunTime:0.0008s ]
SQL: SELECT * FROM `lr_program` LIMIT 1   [ RunTime:0.0001s ]
NOTIC: [8] Undefined index: shop_id /www/web/default/public_html/minibuysalejiaju/App/Ht/Controller/LoginController.class.php 第 21 行.
INFO: [ app_end ] --START--
INFO: Run Behavior\ShowPageTraceBehavior [ RunTime:0.000550s ]
INFO: [ app_end ] --END-- [ RunTime:0.000607s ]

[ 2017-08-11T10:54:28+08:00 ] 58.255.47.132 /minibuysalejiaju/index.php/Ht/Login/index.html?key=
NOTIC: [8] Use of undefined constant SHOW_PAGE_TRACE - assumed 'SHOW_PAGE_TRACE' /www/web/default/public_html/minibuysalejiaju/App/Common/Conf/debug.php 第 4 行.
INFO: [ app_init ] --START--
INFO: Run Behavior\BuildLiteBehavior [ RunTime:0.000019s ]
INFO: [ app_init ] --END-- [ RunTime:0.000095s ]
INFO: [ app_begin ] --START--
INFO: Run Behavior\ReadHtmlCacheBehavior [ RunTime:0.000397s ]
INFO: [ app_begin ] --END-- [ RunTime:0.000448s ]
SQL: SHOW COLUMNS FROM `lr_adminuser` [ RunTime:0.0010s ]
SQL: SELECT * FROM `lr_adminuser` WHERE ( name='iwoln' AND del<1 ) LIMIT 1   [ RunTime:0.0001s ]
SQL: SHOW COLUMNS FROM `lr_program` [ RunTime:0.0008s ]
SQL: SELECT * FROM `lr_program` LIMIT 1   [ RunTime:0.0001s ]
NOTIC: [8] Undefined index: shop_id /www/web/default/public_html/minibuysalejiaju/App/Ht/Controller/LoginController.class.php 第 21 行.
INFO: [ app_end ] --START--
INFO: Run Behavior\ShowPageTraceBehavior [ RunTime:0.000482s ]
INFO: [ app_end ] --END-- [ RunTime:0.000533s ]

[ 2017-08-11T10:54:29+08:00 ] 58.255.47.132 /minibuysalejiaju/index.php/Ht/Index/index.html
NOTIC: [8] Use of undefined constant SHOW_PAGE_TRACE - assumed 'SHOW_PAGE_TRACE' /www/web/default/public_html/minibuysalejiaju/App/Common/Conf/debug.php 第 4 行.
INFO: [ app_init ] --START--
INFO: Run Behavior\BuildLiteBehavior [ RunTime:0.000013s ]
INFO: [ app_init ] --END-- [ RunTime:0.000061s ]
INFO: [ app_begin ] --START--
INFO: Run Behavior\ReadHtmlCacheBehavior [ RunTime:0.000389s ]
INFO: [ app_begin ] --END-- [ RunTime:0.000439s ]
SQL: SHOW COLUMNS FROM `lr_web` [ RunTime:0.0010s ]
SQL: SELECT `concent` FROM `lr_web` WHERE ( id=5 ) LIMIT 1   [ RunTime:0.0001s ]
INFO: [ view_parse ] --START--
INFO: [ template_filter ] --START--
INFO: Run Behavior\ContentReplaceBehavior [ RunTime:0.000101s ]
INFO: [ template_filter ] --END-- [ RunTime:0.000150s ]
INFO: Run Behavior\ParseTemplateBehavior [ RunTime:0.008465s ]
INFO: [ view_parse ] --END-- [ RunTime:0.008522s ]
INFO: [ view_filter ] --START--
INFO: Run Behavior\WriteHtmlCacheBehavior [ RunTime:0.000207s ]
INFO: [ view_filter ] --END-- [ RunTime:0.000248s ]
INFO: [ app_end ] --START--
INFO: Run Behavior\ShowPageTraceBehavior [ RunTime:0.000435s ]
INFO: [ app_end ] --END-- [ RunTime:0.000480s ]

[ 2017-08-11T10:54:29+08:00 ] 58.255.47.132 /minibuysalejiaju/index.php/Ht/Page/adminindex.html
NOTIC: [8] Use of undefined constant SHOW_PAGE_TRACE - assumed 'SHOW_PAGE_TRACE' /www/web/default/public_html/minibuysalejiaju/App/Common/Conf/debug.php 第 4 行.
INFO: [ app_init ] --START--
INFO: Run Behavior\BuildLiteBehavior [ RunTime:0.000012s ]
INFO: [ app_init ] --END-- [ RunTime:0.000061s ]
INFO: [ app_begin ] --START--
INFO: Run Behavior\ReadHtmlCacheBehavior [ RunTime:0.000411s ]
INFO: [ app_begin ] --END-- [ RunTime:0.000461s ]
INFO: [ view_parse ] --START--
INFO: [ template_filter ] --START--
INFO: Run Behavior\ContentReplaceBehavior [ RunTime:0.000043s ]
INFO: [ template_filter ] --END-- [ RunTime:0.000092s ]
INFO: Run Behavior\ParseTemplateBehavior [ RunTime:0.004780s ]
INFO: [ view_parse ] --END-- [ RunTime:0.004827s ]
INFO: [ view_filter ] --START--
INFO: Run Behavior\WriteHtmlCacheBehavior [ RunTime:0.000225s ]
INFO: [ view_filter ] --END-- [ RunTime:0.000268s ]
INFO: [ app_end ] --START--
INFO: Run Behavior\ShowPageTraceBehavior [ RunTime:0.000424s ]
INFO: [ app_end ] --END-- [ RunTime:0.000489s ]

[ 2017-08-11T10:59:31+08:00 ] 58.255.47.132 /minibuysalejiaju/index.php/Ht/News/add.html
NOTIC: [8] Use of undefined constant SHOW_PAGE_TRACE - assumed 'SHOW_PAGE_TRACE' /www/web/default/public_html/minibuysalejiaju/App/Common/Conf/debug.php 第 4 行.
INFO: [ app_init ] --START--
INFO: Run Behavior\BuildLiteBehavior [ RunTime:0.000012s ]
INFO: [ app_init ] --END-- [ RunTime:0.000060s ]
INFO: [ app_begin ] --START--
INFO: Run Behavior\ReadHtmlCacheBehavior [ RunTime:0.000572s ]
INFO: [ app_begin ] --END-- [ RunTime:0.000622s ]
SQL: SHOW COLUMNS FROM `lr_news` [ RunTime:0.0018s ]
NOTIC: [8] Undefined index: news_id /www/web/default/public_html/minibuysalejiaju/App/Ht/Controller/NewsController.class.php 第 84 行.
SQL: SELECT * FROM `lr_news` WHERE ( id=0 ) LIMIT 1   [ RunTime:0.0002s ]
INFO: [ view_parse ] --START--
INFO: [ template_filter ] --START--
INFO: Run Behavior\ContentReplaceBehavior [ RunTime:0.000059s ]
INFO: [ template_filter ] --END-- [ RunTime:0.000107s ]
NOTIC: [8] Undefined index: news_id /www/web/default/public_html/minibuysalejiaju/App/Runtime/Cache/Ht/0fa5b2ddb713c3a29860233bcf0f5525.php 第 20 行.
NOTIC: [8] Undefined variable: cate_list /www/web/default/public_html/minibuysalejiaju/App/Runtime/Cache/Ht/0fa5b2ddb713c3a29860233bcf0f5525.php 第 36 行.
INFO: Run Behavior\ParseTemplateBehavior [ RunTime:0.031791s ]
INFO: [ view_parse ] --END-- [ RunTime:0.031852s ]
INFO: [ view_filter ] --START--
INFO: Run Behavior\WriteHtmlCacheBehavior [ RunTime:0.000297s ]
INFO: [ view_filter ] --END-- [ RunTime:0.000364s ]
INFO: [ app_end ] --START--
INFO: Run Behavior\ShowPageTraceBehavior [ RunTime:0.000424s ]
INFO: [ app_end ] --END-- [ RunTime:0.000468s ]

