[ 2017-08-29T09:42:32+08:00 ] 120.84.230.250 /minibuysalejiaju/index.php/Ht/Login/index.html
NOTIC: [8] Use of undefined constant SHOW_PAGE_TRACE - assumed 'SHOW_PAGE_TRACE' /www/web/default/public_html/minibuysalejiaju/App/Common/Conf/debug.php 第 4 行.
INFO: [ app_init ] --START--
INFO: Run Behavior\BuildLiteBehavior [ RunTime:0.000018s ]
INFO: [ app_init ] --END-- [ RunTime:0.000082s ]
INFO: [ app_begin ] --START--
INFO: Run Behavior\ReadHtmlCacheBehavior [ RunTime:0.002413s ]
INFO: [ app_begin ] --END-- [ RunTime:0.002523s ]
SQL: SHOW COLUMNS FROM `lr_program` [ RunTime:0.0095s ]
SQL: SELECT * FROM `lr_program` LIMIT 1   [ RunTime:0.0014s ]
INFO: [ view_parse ] --START--
INFO: [ template_filter ] --START--
INFO: Run Behavior\ContentReplaceBehavior [ RunTime:0.000060s ]
INFO: [ template_filter ] --END-- [ RunTime:0.000138s ]
NOTIC: [8] Undefined variable: key /www/web/default/public_html/minibuysalejiaju/App/Runtime/Cache/Ht/2d4ce69e9c2d15d777794fcdbaefd3a2.php 第 24 行.
INFO: Run Behavior\ParseTemplateBehavior [ RunTime:0.018590s ]
INFO: [ view_parse ] --END-- [ RunTime:0.018658s ]
INFO: [ view_filter ] --START--
INFO: Run Behavior\WriteHtmlCacheBehavior [ RunTime:0.002474s ]
INFO: [ view_filter ] --END-- [ RunTime:0.002518s ]
INFO: [ app_end ] --START--
INFO: Run Behavior\ShowPageTraceBehavior [ RunTime:0.001983s ]
INFO: [ app_end ] --END-- [ RunTime:0.002027s ]

[ 2017-08-29T09:42:41+08:00 ] 120.84.230.250 /minibuysalejiaju/index.php/Ht/Login/index.html?key=
NOTIC: [8] Use of undefined constant SHOW_PAGE_TRACE - assumed 'SHOW_PAGE_TRACE' /www/web/default/public_html/minibuysalejiaju/App/Common/Conf/debug.php 第 4 行.
INFO: [ app_init ] --START--
INFO: Run Behavior\BuildLiteBehavior [ RunTime:0.000013s ]
INFO: [ app_init ] --END-- [ RunTime:0.000060s ]
INFO: [ app_begin ] --START--
INFO: Run Behavior\ReadHtmlCacheBehavior [ RunTime:0.000416s ]
INFO: [ app_begin ] --END-- [ RunTime:0.000466s ]
SQL: SHOW COLUMNS FROM `lr_adminuser` [ RunTime:0.0038s ]
SQL: SELECT * FROM `lr_adminuser` WHERE ( name='iwoln' AND del<1 ) LIMIT 1   [ RunTime:0.0014s ]
SQL: SHOW COLUMNS FROM `lr_program` [ RunTime:0.0008s ]
SQL: SELECT * FROM `lr_program` LIMIT 1   [ RunTime:0.0001s ]
NOTIC: [8] Undefined index: shop_id /www/web/default/public_html/minibuysalejiaju/App/Ht/Controller/LoginController.class.php 第 21 行.
INFO: [ app_end ] --START--
INFO: Run Behavior\ShowPageTraceBehavior [ RunTime:0.000422s ]
INFO: [ app_end ] --END-- [ RunTime:0.000468s ]

[ 2017-08-29T09:42:42+08:00 ] 120.84.230.250 /minibuysalejiaju/index.php/Ht/Login/index.html?key=
NOTIC: [8] Use of undefined constant SHOW_PAGE_TRACE - assumed 'SHOW_PAGE_TRACE' /www/web/default/public_html/minibuysalejiaju/App/Common/Conf/debug.php 第 4 行.
INFO: [ app_init ] --START--
INFO: Run Behavior\BuildLiteBehavior [ RunTime:0.000012s ]
INFO: [ app_init ] --END-- [ RunTime:0.000059s ]
INFO: [ app_begin ] --START--
INFO: Run Behavior\ReadHtmlCacheBehavior [ RunTime:0.000412s ]
INFO: [ app_begin ] --END-- [ RunTime:0.000462s ]
SQL: SHOW COLUMNS FROM `lr_adminuser` [ RunTime:0.0008s ]
SQL: SELECT * FROM `lr_adminuser` WHERE ( name='iwoln' AND del<1 ) LIMIT 1   [ RunTime:0.0001s ]
SQL: SHOW COLUMNS FROM `lr_program` [ RunTime:0.0007s ]
SQL: SELECT * FROM `lr_program` LIMIT 1   [ RunTime:0.0001s ]
NOTIC: [8] Undefined index: shop_id /www/web/default/public_html/minibuysalejiaju/App/Ht/Controller/LoginController.class.php 第 21 行.
INFO: [ app_end ] --START--
INFO: Run Behavior\ShowPageTraceBehavior [ RunTime:0.000644s ]
INFO: [ app_end ] --END-- [ RunTime:0.000725s ]

[ 2017-08-29T09:42:43+08:00 ] 120.84.230.250 /minibuysalejiaju/index.php/Ht/Index/index.html
NOTIC: [8] Use of undefined constant SHOW_PAGE_TRACE - assumed 'SHOW_PAGE_TRACE' /www/web/default/public_html/minibuysalejiaju/App/Common/Conf/debug.php 第 4 行.
INFO: [ app_init ] --START--
INFO: Run Behavior\BuildLiteBehavior [ RunTime:0.000012s ]
INFO: [ app_init ] --END-- [ RunTime:0.000060s ]
INFO: [ app_begin ] --START--
INFO: Run Behavior\ReadHtmlCacheBehavior [ RunTime:0.000408s ]
INFO: [ app_begin ] --END-- [ RunTime:0.000458s ]
SQL: SHOW COLUMNS FROM `lr_web` [ RunTime:0.0035s ]
SQL: SELECT `concent` FROM `lr_web` WHERE ( id=5 ) LIMIT 1   [ RunTime:0.0002s ]
INFO: [ view_parse ] --START--
INFO: [ template_filter ] --START--
INFO: Run Behavior\ContentReplaceBehavior [ RunTime:0.000083s ]
INFO: [ template_filter ] --END-- [ RunTime:0.000149s ]
INFO: Run Behavior\ParseTemplateBehavior [ RunTime:0.012837s ]
INFO: [ view_parse ] --END-- [ RunTime:0.012896s ]
INFO: [ view_filter ] --START--
INFO: Run Behavior\WriteHtmlCacheBehavior [ RunTime:0.000229s ]
INFO: [ view_filter ] --END-- [ RunTime:0.000271s ]
INFO: [ app_end ] --START--
INFO: Run Behavior\ShowPageTraceBehavior [ RunTime:0.000394s ]
INFO: [ app_end ] --END-- [ RunTime:0.000437s ]

[ 2017-08-29T09:42:45+08:00 ] 120.84.230.250 /minibuysalejiaju/index.php/Ht/Page/adminindex.html
NOTIC: [8] Use of undefined constant SHOW_PAGE_TRACE - assumed 'SHOW_PAGE_TRACE' /www/web/default/public_html/minibuysalejiaju/App/Common/Conf/debug.php 第 4 行.
INFO: [ app_init ] --START--
INFO: Run Behavior\BuildLiteBehavior [ RunTime:0.000013s ]
INFO: [ app_init ] --END-- [ RunTime:0.000059s ]
INFO: [ app_begin ] --START--
INFO: Run Behavior\ReadHtmlCacheBehavior [ RunTime:0.000412s ]
INFO: [ app_begin ] --END-- [ RunTime:0.000462s ]
INFO: [ view_parse ] --START--
INFO: [ template_filter ] --START--
INFO: Run Behavior\ContentReplaceBehavior [ RunTime:0.000044s ]
INFO: [ template_filter ] --END-- [ RunTime:0.000093s ]
INFO: Run Behavior\ParseTemplateBehavior [ RunTime:0.005219s ]
INFO: [ view_parse ] --END-- [ RunTime:0.005268s ]
INFO: [ view_filter ] --START--
INFO: Run Behavior\WriteHtmlCacheBehavior [ RunTime:0.000204s ]
INFO: [ view_filter ] --END-- [ RunTime:0.000244s ]
INFO: [ app_end ] --START--
INFO: Run Behavior\ShowPageTraceBehavior [ RunTime:0.000436s ]
INFO: [ app_end ] --END-- [ RunTime:0.000478s ]

[ 2017-08-29T09:48:29+08:00 ] 120.84.230.250 /minibuysalejiaju/index.php/Ht/More/indeximg.html
NOTIC: [8] Use of undefined constant SHOW_PAGE_TRACE - assumed 'SHOW_PAGE_TRACE' /www/web/default/public_html/minibuysalejiaju/App/Common/Conf/debug.php 第 4 行.
INFO: [ app_init ] --START--
INFO: Run Behavior\BuildLiteBehavior [ RunTime:0.000017s ]
INFO: [ app_init ] --END-- [ RunTime:0.000070s ]
INFO: [ app_begin ] --START--
INFO: Run Behavior\ReadHtmlCacheBehavior [ RunTime:0.000392s ]
INFO: [ app_begin ] --END-- [ RunTime:0.000443s ]
SQL: SHOW COLUMNS FROM `lr_indeximg` [ RunTime:0.0042s ]
SQL: SELECT * FROM `lr_indeximg` WHERE ( 1=1 )  [ RunTime:0.0023s ]
INFO: [ view_parse ] --START--
INFO: [ template_filter ] --START--
INFO: Run Behavior\ContentReplaceBehavior [ RunTime:0.000057s ]
INFO: [ template_filter ] --END-- [ RunTime:0.000107s ]
NOTIC: [8] Undefined variable: page_index /www/web/default/public_html/minibuysalejiaju/App/Runtime/Cache/Ht/03a19c76e15009757023fb9a3bd0268e.php 第 34 行.
INFO: Run Behavior\ParseTemplateBehavior [ RunTime:0.008077s ]
INFO: [ view_parse ] --END-- [ RunTime:0.008151s ]
INFO: [ view_filter ] --START--
INFO: Run Behavior\WriteHtmlCacheBehavior [ RunTime:0.000205s ]
INFO: [ view_filter ] --END-- [ RunTime:0.000247s ]
INFO: [ app_end ] --START--
INFO: Run Behavior\ShowPageTraceBehavior [ RunTime:0.000416s ]
INFO: [ app_end ] --END-- [ RunTime:0.000461s ]

[ 2017-08-29T09:48:36+08:00 ] 120.84.230.250 /minibuysalejiaju/index.php/Ht/More/setup.html
NOTIC: [8] Use of undefined constant SHOW_PAGE_TRACE - assumed 'SHOW_PAGE_TRACE' /www/web/default/public_html/minibuysalejiaju/App/Common/Conf/debug.php 第 4 行.
INFO: [ app_init ] --START--
INFO: Run Behavior\BuildLiteBehavior [ RunTime:0.000012s ]
INFO: [ app_init ] --END-- [ RunTime:0.000060s ]
INFO: [ app_begin ] --START--
INFO: Run Behavior\ReadHtmlCacheBehavior [ RunTime:0.000408s ]
INFO: [ app_begin ] --END-- [ RunTime:0.000458s ]
SQL: SHOW COLUMNS FROM `lr_program` [ RunTime:0.0013s ]
SQL: SELECT * FROM `lr_program` WHERE ( id=1 ) LIMIT 1   [ RunTime:0.0002s ]
INFO: [ view_parse ] --START--
INFO: [ template_filter ] --START--
INFO: Run Behavior\ContentReplaceBehavior [ RunTime:0.000057s ]
INFO: [ template_filter ] --END-- [ RunTime:0.000110s ]
INFO: Run Behavior\ParseTemplateBehavior [ RunTime:0.009872s ]
INFO: [ view_parse ] --END-- [ RunTime:0.009940s ]
INFO: [ view_filter ] --START--
INFO: Run Behavior\WriteHtmlCacheBehavior [ RunTime:0.000205s ]
INFO: [ view_filter ] --END-- [ RunTime:0.000251s ]
INFO: [ app_end ] --START--
INFO: Run Behavior\ShowPageTraceBehavior [ RunTime:0.000431s ]
INFO: [ app_end ] --END-- [ RunTime:0.000478s ]

[ 2017-08-29T09:48:50+08:00 ] 120.84.230.250 /minibuysalejiaju/index.php/Ht/User/index.html
NOTIC: [8] Use of undefined constant SHOW_PAGE_TRACE - assumed 'SHOW_PAGE_TRACE' /www/web/default/public_html/minibuysalejiaju/App/Common/Conf/debug.php 第 4 行.
INFO: [ app_init ] --START--
INFO: Run Behavior\BuildLiteBehavior [ RunTime:0.000015s ]
INFO: [ app_init ] --END-- [ RunTime:0.000067s ]
INFO: [ app_begin ] --START--
INFO: Run Behavior\ReadHtmlCacheBehavior [ RunTime:0.000386s ]
INFO: [ app_begin ] --END-- [ RunTime:0.000435s ]
NOTIC: [8] Undefined index: type /www/web/default/public_html/minibuysalejiaju/App/Ht/Controller/UserController.class.php 第 11 行.
NOTIC: [8] Undefined index: id /www/web/default/public_html/minibuysalejiaju/App/Ht/Controller/UserController.class.php 第 12 行.
NOTIC: [8] Undefined index: tel /www/web/default/public_html/minibuysalejiaju/App/Ht/Controller/UserController.class.php 第 13 行.
NOTIC: [8] Undefined index: name /www/web/default/public_html/minibuysalejiaju/App/Ht/Controller/UserController.class.php 第 14 行.
NOTIC: [8] Undefined index: name /www/web/default/public_html/minibuysalejiaju/App/Ht/Controller/UserController.class.php 第 16 行.
SQL: SHOW COLUMNS FROM `lr_user` [ RunTime:0.0040s ]
SQL: SELECT COUNT(*) AS tp_count FROM `lr_user` WHERE ( 1=1 ) LIMIT 1   [ RunTime:0.0002s ]
NOTIC: [8] Undefined index: page /www/web/default/public_html/minibuysalejiaju/App/Ht/Controller/UserController.class.php 第 26 行.
SQL: SELECT * FROM `lr_user` WHERE ( 1=1 ) ORDER BY id desc LIMIT 0,20   [ RunTime:0.0017s ]
INFO: [ view_parse ] --START--
INFO: [ template_filter ] --START--
INFO: Run Behavior\ContentReplaceBehavior [ RunTime:0.000059s ]
INFO: [ template_filter ] --END-- [ RunTime:0.000125s ]
INFO: Run Behavior\ParseTemplateBehavior [ RunTime:0.008996s ]
INFO: [ view_parse ] --END-- [ RunTime:0.009055s ]
INFO: [ view_filter ] --START--
INFO: Run Behavior\WriteHtmlCacheBehavior [ RunTime:0.000229s ]
INFO: [ view_filter ] --END-- [ RunTime:0.000275s ]
INFO: [ app_end ] --START--
INFO: Run Behavior\ShowPageTraceBehavior [ RunTime:0.000487s ]
INFO: [ app_end ] --END-- [ RunTime:0.000575s ]

[ 2017-08-29T09:49:02+08:00 ] 120.84.230.250 /minibuysalejiaju/index.php/Ht/Sccat/add.html
NOTIC: [8] Use of undefined constant SHOW_PAGE_TRACE - assumed 'SHOW_PAGE_TRACE' /www/web/default/public_html/minibuysalejiaju/App/Common/Conf/debug.php 第 4 行.
INFO: [ app_init ] --START--
INFO: Run Behavior\BuildLiteBehavior [ RunTime:0.000012s ]
INFO: [ app_init ] --END-- [ RunTime:0.000064s ]
INFO: [ app_begin ] --START--
INFO: Run Behavior\ReadHtmlCacheBehavior [ RunTime:0.000412s ]
INFO: [ app_begin ] --END-- [ RunTime:0.000462s ]
SQL: SHOW COLUMNS FROM `lr_sccat` [ RunTime:0.0061s ]
NOTIC: [8] Undefined index: id /www/web/default/public_html/minibuysalejiaju/App/Ht/Controller/SccatController.class.php 第 60 行.
INFO: [ view_parse ] --START--
INFO: [ template_filter ] --START--
INFO: Run Behavior\ContentReplaceBehavior [ RunTime:0.000048s ]
INFO: [ template_filter ] --END-- [ RunTime:0.000098s ]
NOTIC: [8] Undefined variable: brand_info /www/web/default/public_html/minibuysalejiaju/App/Runtime/Cache/Ht/ce8fb26d28f1358f4601d2d1bc8a7d7e.php 第 25 行.
NOTIC: [8] Undefined variable: brand_info /www/web/default/public_html/minibuysalejiaju/App/Runtime/Cache/Ht/ce8fb26d28f1358f4601d2d1bc8a7d7e.php 第 29 行.
INFO: Run Behavior\ParseTemplateBehavior [ RunTime:0.007060s ]
INFO: [ view_parse ] --END-- [ RunTime:0.007132s ]
INFO: [ view_filter ] --START--
INFO: Run Behavior\WriteHtmlCacheBehavior [ RunTime:0.000210s ]
INFO: [ view_filter ] --END-- [ RunTime:0.000252s ]
INFO: [ app_end ] --START--
INFO: Run Behavior\ShowPageTraceBehavior [ RunTime:0.000406s ]
INFO: [ app_end ] --END-- [ RunTime:0.000448s ]

[ 2017-08-29T09:49:04+08:00 ] 120.84.230.250 /minibuysalejiaju/index.php/Ht/Sccat/index.html
NOTIC: [8] Use of undefined constant SHOW_PAGE_TRACE - assumed 'SHOW_PAGE_TRACE' /www/web/default/public_html/minibuysalejiaju/App/Common/Conf/debug.php 第 4 行.
INFO: [ app_init ] --START--
INFO: Run Behavior\BuildLiteBehavior [ RunTime:0.000016s ]
INFO: [ app_init ] --END-- [ RunTime:0.000069s ]
INFO: [ app_begin ] --START--
INFO: Run Behavior\ReadHtmlCacheBehavior [ RunTime:0.000400s ]
INFO: [ app_begin ] --END-- [ RunTime:0.000450s ]
SQL: SHOW COLUMNS FROM `lr_sccat` [ RunTime:0.0008s ]
NOTIC: [8] Undefined index: name /www/web/default/public_html/minibuysalejiaju/App/Ht/Controller/SccatController.class.php 第 20 行.
SQL: SELECT COUNT(*) AS tp_count FROM `lr_sccat` LIMIT 1   [ RunTime:0.0002s ]
SQL: SELECT * FROM `lr_sccat` LIMIT 0,20   [ RunTime:0.0013s ]
INFO: [ view_parse ] --START--
INFO: [ template_filter ] --START--
INFO: Run Behavior\ContentReplaceBehavior [ RunTime:0.000058s ]
INFO: [ template_filter ] --END-- [ RunTime:0.000107s ]
NOTIC: [8] Undefined variable: name /www/web/default/public_html/minibuysalejiaju/App/Runtime/Cache/Ht/5c80521d5ed57a6e227aa3af217f59c2.php 第 23 行.
INFO: Run Behavior\ParseTemplateBehavior [ RunTime:0.006967s ]
INFO: [ view_parse ] --END-- [ RunTime:0.007016s ]
INFO: [ view_filter ] --START--
INFO: Run Behavior\WriteHtmlCacheBehavior [ RunTime:0.000206s ]
INFO: [ view_filter ] --END-- [ RunTime:0.000246s ]
INFO: [ app_end ] --START--
INFO: Run Behavior\ShowPageTraceBehavior [ RunTime:0.000393s ]
INFO: [ app_end ] --END-- [ RunTime:0.000437s ]

[ 2017-08-29T09:49:05+08:00 ] 120.84.230.250 /minibuysalejiaju/index.php/Ht/Shangchang/add.html
NOTIC: [8] Use of undefined constant SHOW_PAGE_TRACE - assumed 'SHOW_PAGE_TRACE' /www/web/default/public_html/minibuysalejiaju/App/Common/Conf/debug.php 第 4 行.
INFO: [ app_init ] --START--
INFO: Run Behavior\BuildLiteBehavior [ RunTime:0.000012s ]
INFO: [ app_init ] --END-- [ RunTime:0.000060s ]
INFO: [ app_begin ] --START--
INFO: Run Behavior\ReadHtmlCacheBehavior [ RunTime:0.000388s ]
INFO: [ app_begin ] --END-- [ RunTime:0.000438s ]
NOTIC: [8] Undefined index: id /www/web/default/public_html/minibuysalejiaju/App/Ht/Controller/ShangchangController.class.php 第 80 行.
NOTIC: [8] Undefined index: type /www/web/default/public_html/minibuysalejiaju/App/Ht/Controller/ShangchangController.class.php 第 84 行.
NOTIC: [8] Undefined index: page /www/web/default/public_html/minibuysalejiaju/App/Ht/Controller/ShangchangController.class.php 第 85 行.
NOTIC: [8] Undefined index: tuijian /www/web/default/public_html/minibuysalejiaju/App/Ht/Controller/ShangchangController.class.php 第 86 行.
NOTIC: [8] Undefined index: name /www/web/default/public_html/minibuysalejiaju/App/Ht/Controller/ShangchangController.class.php 第 87 行.
NOTIC: [8] Undefined index: sheng /www/web/default/public_html/minibuysalejiaju/App/Ht/Controller/ShangchangController.class.php 第 90 行.
NOTIC: [8] Undefined index: city /www/web/default/public_html/minibuysalejiaju/App/Ht/Controller/ShangchangController.class.php 第 91 行.
NOTIC: [8] Undefined index: quyu /www/web/default/public_html/minibuysalejiaju/App/Ht/Controller/ShangchangController.class.php 第 92 行.
NOTIC: [8] Undefined index: submit /www/web/default/public_html/minibuysalejiaju/App/Ht/Controller/ShangchangController.class.php 第 103 行.
SQL: SHOW COLUMNS FROM `lr_china_city` [ RunTime:0.0041s ]
SQL: SELECT `tid` FROM `lr_china_city` WHERE ( id=0 ) LIMIT 1   [ RunTime:0.0002s ]
SQL: SELECT `id`,`name` FROM `lr_china_city` WHERE ( tid=0 )  [ RunTime:0.0055s ]
NOTIC: [8] Undefined variable: text /www/web/default/public_html/minibuysalejiaju/App/Ht/Controller/PublicController.class.php 第 64 行.
SQL: SHOW COLUMNS FROM `lr_sccat` [ RunTime:0.0006s ]
SQL: SELECT * FROM `lr_sccat` WHERE ( 1=1 ) ORDER BY addtime desc  [ RunTime:0.0002s ]
INFO: [ view_parse ] --START--
INFO: [ template_filter ] --START--
INFO: Run Behavior\ContentReplaceBehavior [ RunTime:0.000073s ]
INFO: [ template_filter ] --END-- [ RunTime:0.000120s ]
NOTIC: [8] Undefined variable: logo /www/web/default/public_html/minibuysalejiaju/App/Runtime/Cache/Ht/1bc3a5e9dae2833f975d12f566a20531.php 第 20 行.
NOTIC: [8] Undefined variable: logo /www/web/default/public_html/minibuysalejiaju/App/Runtime/Cache/Ht/1bc3a5e9dae2833f975d12f566a20531.php 第 20 行.
NOTIC: [8] Undefined variable: vip_width /www/web/default/public_html/minibuysalejiaju/App/Runtime/Cache/Ht/1bc3a5e9dae2833f975d12f566a20531.php 第 21 行.
NOTIC: [8] Undefined variable: vip_height /www/web/default/public_html/minibuysalejiaju/App/Runtime/Cache/Ht/1bc3a5e9dae2833f975d12f566a20531.php 第 21 行.
NOTIC: [8] Uninitialized string offset: 0 /www/web/default/public_html/minibuysalejiaju/App/Runtime/Cache/Ht/1bc3a5e9dae2833f975d12f566a20531.php 第 42 行.
NOTIC: [8] Uninitialized string offset: 0 /www/web/default/public_html/minibuysalejiaju/App/Runtime/Cache/Ht/1bc3a5e9dae2833f975d12f566a20531.php 第 51 行.
NOTIC: [8] Uninitialized string offset: 0 /www/web/default/public_html/minibuysalejiaju/App/Runtime/Cache/Ht/1bc3a5e9dae2833f975d12f566a20531.php 第 51 行.
NOTIC: [8] Uninitialized string offset: 0 /www/web/default/public_html/minibuysalejiaju/App/Runtime/Cache/Ht/1bc3a5e9dae2833f975d12f566a20531.php 第 51 行.
NOTIC: [8] Uninitialized string offset: 0 /www/web/default/public_html/minibuysalejiaju/App/Runtime/Cache/Ht/1bc3a5e9dae2833f975d12f566a20531.php 第 72 行.
NOTIC: [8] Uninitialized string offset: 0 /www/web/default/public_html/minibuysalejiaju/App/Runtime/Cache/Ht/1bc3a5e9dae2833f975d12f566a20531.php 第 79 行.
NOTIC: [8] Uninitialized string offset: 0 /www/web/default/public_html/minibuysalejiaju/App/Runtime/Cache/Ht/1bc3a5e9dae2833f975d12f566a20531.php 第 79 行.
NOTIC: [8] Uninitialized string offset: 0 /www/web/default/public_html/minibuysalejiaju/App/Runtime/Cache/Ht/1bc3a5e9dae2833f975d12f566a20531.php 第 86 行.
NOTIC: [8] Uninitialized string offset: 0 /www/web/default/public_html/minibuysalejiaju/App/Runtime/Cache/Ht/1bc3a5e9dae2833f975d12f566a20531.php 第 93 行.
NOTIC: [8] Uninitialized string offset: 0 /www/web/default/public_html/minibuysalejiaju/App/Runtime/Cache/Ht/1bc3a5e9dae2833f975d12f566a20531.php 第 99 行.
NOTIC: [8] Uninitialized string offset: 0 /www/web/default/public_html/minibuysalejiaju/App/Runtime/Cache/Ht/1bc3a5e9dae2833f975d12f566a20531.php 第 106 行.
NOTIC: [8] Uninitialized string offset: 0 /www/web/default/public_html/minibuysalejiaju/App/Runtime/Cache/Ht/1bc3a5e9dae2833f975d12f566a20531.php 第 117 行.
NOTIC: [8] Uninitialized string offset: 0 /www/web/default/public_html/minibuysalejiaju/App/Runtime/Cache/Ht/1bc3a5e9dae2833f975d12f566a20531.php 第 124 行.
NOTIC: [8] Uninitialized string offset: 0 /www/web/default/public_html/minibuysalejiaju/App/Runtime/Cache/Ht/1bc3a5e9dae2833f975d12f566a20531.php 第 131 行.
NOTIC: [8] Uninitialized string offset: 0 /www/web/default/public_html/minibuysalejiaju/App/Runtime/Cache/Ht/1bc3a5e9dae2833f975d12f566a20531.php 第 138 行.
NOTIC: [8] Uninitialized string offset: 0 /www/web/default/public_html/minibuysalejiaju/App/Runtime/Cache/Ht/1bc3a5e9dae2833f975d12f566a20531.php 第 148 行.
NOTIC: [8] Uninitialized string offset: 0 /www/web/default/public_html/minibuysalejiaju/App/Runtime/Cache/Ht/1bc3a5e9dae2833f975d12f566a20531.php 第 157 行.
NOTIC: [8] Uninitialized string offset: 0 /www/web/default/public_html/minibuysalejiaju/App/Runtime/Cache/Ht/1bc3a5e9dae2833f975d12f566a20531.php 第 166 行.
NOTIC: [8] Uninitialized string offset: 0 /www/web/default/public_html/minibuysalejiaju/App/Runtime/Cache/Ht/1bc3a5e9dae2833f975d12f566a20531.php 第 175 行.
NOTIC: [8] Uninitialized string offset: 0 /www/web/default/public_html/minibuysalejiaju/App/Runtime/Cache/Ht/1bc3a5e9dae2833f975d12f566a20531.php 第 182 行.
NOTIC: [8] Uninitialized string offset: 0 /www/web/default/public_html/minibuysalejiaju/App/Runtime/Cache/Ht/1bc3a5e9dae2833f975d12f566a20531.php 第 189 行.
NOTIC: [8] Uninitialized string offset: 0 /www/web/default/public_html/minibuysalejiaju/App/Runtime/Cache/Ht/1bc3a5e9dae2833f975d12f566a20531.php 第 193 行.
INFO: Run Behavior\ParseTemplateBehavior [ RunTime:0.009914s ]
INFO: [ view_parse ] --END-- [ RunTime:0.009978s ]
INFO: [ view_filter ] --START--
INFO: Run Behavior\WriteHtmlCacheBehavior [ RunTime:0.000204s ]
INFO: [ view_filter ] --END-- [ RunTime:0.000244s ]
INFO: [ app_end ] --START--
INFO: Run Behavior\ShowPageTraceBehavior [ RunTime:0.000418s ]
INFO: [ app_end ] --END-- [ RunTime:0.000481s ]

[ 2017-08-29T09:49:05+08:00 ] 120.84.230.250 /minibuysalejiaju/index.php/Ht/Shangchang/index.html
NOTIC: [8] Use of undefined constant SHOW_PAGE_TRACE - assumed 'SHOW_PAGE_TRACE' /www/web/default/public_html/minibuysalejiaju/App/Common/Conf/debug.php 第 4 行.
INFO: [ app_init ] --START--
INFO: Run Behavior\BuildLiteBehavior [ RunTime:0.000012s ]
INFO: [ app_init ] --END-- [ RunTime:0.000083s ]
INFO: [ app_begin ] --START--
INFO: Run Behavior\ReadHtmlCacheBehavior [ RunTime:0.000416s ]
INFO: [ app_begin ] --END-- [ RunTime:0.000464s ]
NOTIC: [8] Undefined index: id /www/web/default/public_html/minibuysalejiaju/App/Ht/Controller/ShangchangController.class.php 第 12 行.
NOTIC: [8] Undefined index: type /www/web/default/public_html/minibuysalejiaju/App/Ht/Controller/ShangchangController.class.php 第 13 行.
NOTIC: [8] Undefined index: tuijian /www/web/default/public_html/minibuysalejiaju/App/Ht/Controller/ShangchangController.class.php 第 14 行.
NOTIC: [8] Undefined index: name /www/web/default/public_html/minibuysalejiaju/App/Ht/Controller/ShangchangController.class.php 第 15 行.
NOTIC: [8] Undefined index: sheng /www/web/default/public_html/minibuysalejiaju/App/Ht/Controller/ShangchangController.class.php 第 16 行.
NOTIC: [8] Undefined index: city /www/web/default/public_html/minibuysalejiaju/App/Ht/Controller/ShangchangController.class.php 第 17 行.
NOTIC: [8] Undefined index: quyu /www/web/default/public_html/minibuysalejiaju/App/Ht/Controller/ShangchangController.class.php 第 18 行.
SQL: SHOW COLUMNS FROM `lr_china_city` [ RunTime:0.0010s ]
SQL: SELECT `tid` FROM `lr_china_city` WHERE ( id=0 ) LIMIT 1   [ RunTime:0.0001s ]
SQL: SELECT `id`,`name` FROM `lr_china_city` WHERE ( tid=0 )  [ RunTime:0.0001s ]
NOTIC: [8] Undefined variable: text /www/web/default/public_html/minibuysalejiaju/App/Ht/Controller/PublicController.class.php 第 64 行.
SQL: SHOW COLUMNS FROM `lr_shangchang` [ RunTime:0.0040s ]
SQL: SELECT COUNT(*) AS tp_count FROM `lr_shangchang` WHERE ( status=1 ) LIMIT 1   [ RunTime:0.0011s ]
NOTIC: [8] Undefined index: page /www/web/default/public_html/minibuysalejiaju/App/Ht/Controller/ShangchangController.class.php 第 44 行.
SQL: SELECT * FROM `lr_shangchang` WHERE ( status=1 ) ORDER BY addtime desc LIMIT 0,20   [ RunTime:0.0002s ]
SQL: SELECT * FROM `lr_china_city` WHERE ( id=2151 ) LIMIT 1   [ RunTime:0.0013s ]
SQL: SELECT * FROM `lr_china_city` WHERE ( id=2151 ) LIMIT 1   [ RunTime:0.0002s ]
INFO: [ view_parse ] --START--
INFO: [ template_filter ] --START--
INFO: Run Behavior\ContentReplaceBehavior [ RunTime:0.000065s ]
INFO: [ template_filter ] --END-- [ RunTime:0.000120s ]
NOTIC: [8] Undefined variable: page /www/web/default/public_html/minibuysalejiaju/App/Runtime/Cache/Ht/7333a2fbaea715065decaffd38e0d122.php 第 74 行.
NOTIC: [8] Undefined index: tuijian /www/web/default/public_html/minibuysalejiaju/App/Runtime/Cache/Ht/7333a2fbaea715065decaffd38e0d122.php 第 74 行.
NOTIC: [8] Undefined variable: page /www/web/default/public_html/minibuysalejiaju/App/Runtime/Cache/Ht/7333a2fbaea715065decaffd38e0d122.php 第 74 行.
NOTIC: [8] Undefined index: tuijian /www/web/default/public_html/minibuysalejiaju/App/Runtime/Cache/Ht/7333a2fbaea715065decaffd38e0d122.php 第 74 行.
INFO: Run Behavior\ParseTemplateBehavior [ RunTime:0.009516s ]
INFO: [ view_parse ] --END-- [ RunTime:0.009567s ]
INFO: [ view_filter ] --START--
INFO: Run Behavior\WriteHtmlCacheBehavior [ RunTime:0.000226s ]
INFO: [ view_filter ] --END-- [ RunTime:0.000267s ]
INFO: [ app_end ] --START--
INFO: Run Behavior\ShowPageTraceBehavior [ RunTime:0.000459s ]
INFO: [ app_end ] --END-- [ RunTime:0.000508s ]

[ 2017-08-29T09:49:07+08:00 ] 120.84.230.250 /minibuysalejiaju/index.php/Ht/Shangchang/add.html
NOTIC: [8] Use of undefined constant SHOW_PAGE_TRACE - assumed 'SHOW_PAGE_TRACE' /www/web/default/public_html/minibuysalejiaju/App/Common/Conf/debug.php 第 4 行.
INFO: [ app_init ] --START--
INFO: Run Behavior\BuildLiteBehavior [ RunTime:0.000013s ]
INFO: [ app_init ] --END-- [ RunTime:0.000061s ]
INFO: [ app_begin ] --START--
INFO: Run Behavior\ReadHtmlCacheBehavior [ RunTime:0.000497s ]
INFO: [ app_begin ] --END-- [ RunTime:0.000547s ]
NOTIC: [8] Undefined index: id /www/web/default/public_html/minibuysalejiaju/App/Ht/Controller/ShangchangController.class.php 第 80 行.
NOTIC: [8] Undefined index: type /www/web/default/public_html/minibuysalejiaju/App/Ht/Controller/ShangchangController.class.php 第 84 行.
NOTIC: [8] Undefined index: page /www/web/default/public_html/minibuysalejiaju/App/Ht/Controller/ShangchangController.class.php 第 85 行.
NOTIC: [8] Undefined index: tuijian /www/web/default/public_html/minibuysalejiaju/App/Ht/Controller/ShangchangController.class.php 第 86 行.
NOTIC: [8] Undefined index: name /www/web/default/public_html/minibuysalejiaju/App/Ht/Controller/ShangchangController.class.php 第 87 行.
NOTIC: [8] Undefined index: sheng /www/web/default/public_html/minibuysalejiaju/App/Ht/Controller/ShangchangController.class.php 第 90 行.
NOTIC: [8] Undefined index: city /www/web/default/public_html/minibuysalejiaju/App/Ht/Controller/ShangchangController.class.php 第 91 行.
NOTIC: [8] Undefined index: quyu /www/web/default/public_html/minibuysalejiaju/App/Ht/Controller/ShangchangController.class.php 第 92 行.
NOTIC: [8] Undefined index: submit /www/web/default/public_html/minibuysalejiaju/App/Ht/Controller/ShangchangController.class.php 第 103 行.
SQL: SHOW COLUMNS FROM `lr_china_city` [ RunTime:0.0010s ]
SQL: SELECT `tid` FROM `lr_china_city` WHERE ( id=0 ) LIMIT 1   [ RunTime:0.0001s ]
SQL: SELECT `id`,`name` FROM `lr_china_city` WHERE ( tid=0 )  [ RunTime:0.0001s ]
NOTIC: [8] Undefined variable: text /www/web/default/public_html/minibuysalejiaju/App/Ht/Controller/PublicController.class.php 第 64 行.
SQL: SHOW COLUMNS FROM `lr_sccat` [ RunTime:0.0007s ]
SQL: SELECT * FROM `lr_sccat` WHERE ( 1=1 ) ORDER BY addtime desc  [ RunTime:0.0001s ]
INFO: [ view_parse ] --START--
INFO: [ template_filter ] --START--
INFO: Run Behavior\ContentReplaceBehavior [ RunTime:0.000088s ]
INFO: [ template_filter ] --END-- [ RunTime:0.000148s ]
NOTIC: [8] Undefined variable: logo /www/web/default/public_html/minibuysalejiaju/App/Runtime/Cache/Ht/1bc3a5e9dae2833f975d12f566a20531.php 第 20 行.
NOTIC: [8] Undefined variable: logo /www/web/default/public_html/minibuysalejiaju/App/Runtime/Cache/Ht/1bc3a5e9dae2833f975d12f566a20531.php 第 20 行.
NOTIC: [8] Undefined variable: vip_width /www/web/default/public_html/minibuysalejiaju/App/Runtime/Cache/Ht/1bc3a5e9dae2833f975d12f566a20531.php 第 21 行.
NOTIC: [8] Undefined variable: vip_height /www/web/default/public_html/minibuysalejiaju/App/Runtime/Cache/Ht/1bc3a5e9dae2833f975d12f566a20531.php 第 21 行.
NOTIC: [8] Uninitialized string offset: 0 /www/web/default/public_html/minibuysalejiaju/App/Runtime/Cache/Ht/1bc3a5e9dae2833f975d12f566a20531.php 第 42 行.
NOTIC: [8] Uninitialized string offset: 0 /www/web/default/public_html/minibuysalejiaju/App/Runtime/Cache/Ht/1bc3a5e9dae2833f975d12f566a20531.php 第 51 行.
NOTIC: [8] Uninitialized string offset: 0 /www/web/default/public_html/minibuysalejiaju/App/Runtime/Cache/Ht/1bc3a5e9dae2833f975d12f566a20531.php 第 51 行.
NOTIC: [8] Uninitialized string offset: 0 /www/web/default/public_html/minibuysalejiaju/App/Runtime/Cache/Ht/1bc3a5e9dae2833f975d12f566a20531.php 第 51 行.
NOTIC: [8] Uninitialized string offset: 0 /www/web/default/public_html/minibuysalejiaju/App/Runtime/Cache/Ht/1bc3a5e9dae2833f975d12f566a20531.php 第 72 行.
NOTIC: [8] Uninitialized string offset: 0 /www/web/default/public_html/minibuysalejiaju/App/Runtime/Cache/Ht/1bc3a5e9dae2833f975d12f566a20531.php 第 79 行.
NOTIC: [8] Uninitialized string offset: 0 /www/web/default/public_html/minibuysalejiaju/App/Runtime/Cache/Ht/1bc3a5e9dae2833f975d12f566a20531.php 第 79 行.
NOTIC: [8] Uninitialized string offset: 0 /www/web/default/public_html/minibuysalejiaju/App/Runtime/Cache/Ht/1bc3a5e9dae2833f975d12f566a20531.php 第 86 行.
NOTIC: [8] Uninitialized string offset: 0 /www/web/default/public_html/minibuysalejiaju/App/Runtime/Cache/Ht/1bc3a5e9dae2833f975d12f566a20531.php 第 93 行.
NOTIC: [8] Uninitialized string offset: 0 /www/web/default/public_html/minibuysalejiaju/App/Runtime/Cache/Ht/1bc3a5e9dae2833f975d12f566a20531.php 第 99 行.
NOTIC: [8] Uninitialized string offset: 0 /www/web/default/public_html/minibuysalejiaju/App/Runtime/Cache/Ht/1bc3a5e9dae2833f975d12f566a20531.php 第 106 行.
NOTIC: [8] Uninitialized string offset: 0 /www/web/default/public_html/minibuysalejiaju/App/Runtime/Cache/Ht/1bc3a5e9dae2833f975d12f566a20531.php 第 117 行.
NOTIC: [8] Uninitialized string offset: 0 /www/web/default/public_html/minibuysalejiaju/App/Runtime/Cache/Ht/1bc3a5e9dae2833f975d12f566a20531.php 第 124 行.
NOTIC: [8] Uninitialized string offset: 0 /www/web/default/public_html/minibuysalejiaju/App/Runtime/Cache/Ht/1bc3a5e9dae2833f975d12f566a20531.php 第 131 行.
NOTIC: [8] Uninitialized string offset: 0 /www/web/default/public_html/minibuysalejiaju/App/Runtime/Cache/Ht/1bc3a5e9dae2833f975d12f566a20531.php 第 138 行.
NOTIC: [8] Uninitialized string offset: 0 /www/web/default/public_html/minibuysalejiaju/App/Runtime/Cache/Ht/1bc3a5e9dae2833f975d12f566a20531.php 第 148 行.
NOTIC: [8] Uninitialized string offset: 0 /www/web/default/public_html/minibuysalejiaju/App/Runtime/Cache/Ht/1bc3a5e9dae2833f975d12f566a20531.php 第 157 行.
NOTIC: [8] Uninitialized string offset: 0 /www/web/default/public_html/minibuysalejiaju/App/Runtime/Cache/Ht/1bc3a5e9dae2833f975d12f566a20531.php 第 166 行.
NOTIC: [8] Uninitialized string offset: 0 /www/web/default/public_html/minibuysalejiaju/App/Runtime/Cache/Ht/1bc3a5e9dae2833f975d12f566a20531.php 第 175 行.
NOTIC: [8] Uninitialized string offset: 0 /www/web/default/public_html/minibuysalejiaju/App/Runtime/Cache/Ht/1bc3a5e9dae2833f975d12f566a20531.php 第 182 行.
NOTIC: [8] Uninitialized string offset: 0 /www/web/default/public_html/minibuysalejiaju/App/Runtime/Cache/Ht/1bc3a5e9dae2833f975d12f566a20531.php 第 189 行.
NOTIC: [8] Uninitialized string offset: 0 /www/web/default/public_html/minibuysalejiaju/App/Runtime/Cache/Ht/1bc3a5e9dae2833f975d12f566a20531.php 第 193 行.
INFO: Run Behavior\ParseTemplateBehavior [ RunTime:0.010174s ]
INFO: [ view_parse ] --END-- [ RunTime:0.010233s ]
INFO: [ view_filter ] --START--
INFO: Run Behavior\WriteHtmlCacheBehavior [ RunTime:0.000210s ]
INFO: [ view_filter ] --END-- [ RunTime:0.000251s ]
INFO: [ app_end ] --START--
INFO: Run Behavior\ShowPageTraceBehavior [ RunTime:0.000469s ]
INFO: [ app_end ] --END-- [ RunTime:0.000533s ]

[ 2017-08-29T09:49:09+08:00 ] 120.84.230.250 /minibuysalejiaju/index.php/Ht/Sccat/index.html
NOTIC: [8] Use of undefined constant SHOW_PAGE_TRACE - assumed 'SHOW_PAGE_TRACE' /www/web/default/public_html/minibuysalejiaju/App/Common/Conf/debug.php 第 4 行.
INFO: [ app_init ] --START--
INFO: Run Behavior\BuildLiteBehavior [ RunTime:0.000014s ]
INFO: [ app_init ] --END-- [ RunTime:0.000066s ]
INFO: [ app_begin ] --START--
INFO: Run Behavior\ReadHtmlCacheBehavior [ RunTime:0.000389s ]
INFO: [ app_begin ] --END-- [ RunTime:0.000439s ]
SQL: SHOW COLUMNS FROM `lr_sccat` [ RunTime:0.0015s ]
NOTIC: [8] Undefined index: name /www/web/default/public_html/minibuysalejiaju/App/Ht/Controller/SccatController.class.php 第 20 行.
SQL: SELECT COUNT(*) AS tp_count FROM `lr_sccat` LIMIT 1   [ RunTime:0.0001s ]
SQL: SELECT * FROM `lr_sccat` LIMIT 0,20   [ RunTime:0.0001s ]
INFO: [ view_parse ] --START--
INFO: [ template_filter ] --START--
INFO: Run Behavior\ContentReplaceBehavior [ RunTime:0.000058s ]
INFO: [ template_filter ] --END-- [ RunTime:0.000115s ]
NOTIC: [8] Undefined variable: name /www/web/default/public_html/minibuysalejiaju/App/Runtime/Cache/Ht/5c80521d5ed57a6e227aa3af217f59c2.php 第 23 行.
INFO: Run Behavior\ParseTemplateBehavior [ RunTime:0.007678s ]
INFO: [ view_parse ] --END-- [ RunTime:0.007745s ]
INFO: [ view_filter ] --START--
INFO: Run Behavior\WriteHtmlCacheBehavior [ RunTime:0.000233s ]
INFO: [ view_filter ] --END-- [ RunTime:0.000274s ]
INFO: [ app_end ] --START--
INFO: Run Behavior\ShowPageTraceBehavior [ RunTime:0.000612s ]
INFO: [ app_end ] --END-- [ RunTime:0.000790s ]

[ 2017-08-29T09:49:12+08:00 ] 120.84.230.250 /minibuysalejiaju/index.php/Ht/Shangchang/index.html
NOTIC: [8] Use of undefined constant SHOW_PAGE_TRACE - assumed 'SHOW_PAGE_TRACE' /www/web/default/public_html/minibuysalejiaju/App/Common/Conf/debug.php 第 4 行.
INFO: [ app_init ] --START--
INFO: Run Behavior\BuildLiteBehavior [ RunTime:0.000014s ]
INFO: [ app_init ] --END-- [ RunTime:0.000074s ]
INFO: [ app_begin ] --START--
INFO: Run Behavior\ReadHtmlCacheBehavior [ RunTime:0.000399s ]
INFO: [ app_begin ] --END-- [ RunTime:0.000449s ]
NOTIC: [8] Undefined index: id /www/web/default/public_html/minibuysalejiaju/App/Ht/Controller/ShangchangController.class.php 第 12 行.
NOTIC: [8] Undefined index: type /www/web/default/public_html/minibuysalejiaju/App/Ht/Controller/ShangchangController.class.php 第 13 行.
NOTIC: [8] Undefined index: tuijian /www/web/default/public_html/minibuysalejiaju/App/Ht/Controller/ShangchangController.class.php 第 14 行.
NOTIC: [8] Undefined index: name /www/web/default/public_html/minibuysalejiaju/App/Ht/Controller/ShangchangController.class.php 第 15 行.
NOTIC: [8] Undefined index: sheng /www/web/default/public_html/minibuysalejiaju/App/Ht/Controller/ShangchangController.class.php 第 16 行.
NOTIC: [8] Undefined index: city /www/web/default/public_html/minibuysalejiaju/App/Ht/Controller/ShangchangController.class.php 第 17 行.
NOTIC: [8] Undefined index: quyu /www/web/default/public_html/minibuysalejiaju/App/Ht/Controller/ShangchangController.class.php 第 18 行.
SQL: SHOW COLUMNS FROM `lr_china_city` [ RunTime:0.0010s ]
SQL: SELECT `tid` FROM `lr_china_city` WHERE ( id=0 ) LIMIT 1   [ RunTime:0.0001s ]
SQL: SELECT `id`,`name` FROM `lr_china_city` WHERE ( tid=0 )  [ RunTime:0.0001s ]
NOTIC: [8] Undefined variable: text /www/web/default/public_html/minibuysalejiaju/App/Ht/Controller/PublicController.class.php 第 64 行.
SQL: SHOW COLUMNS FROM `lr_shangchang` [ RunTime:0.0014s ]
SQL: SELECT COUNT(*) AS tp_count FROM `lr_shangchang` WHERE ( status=1 ) LIMIT 1   [ RunTime:0.0001s ]
NOTIC: [8] Undefined index: page /www/web/default/public_html/minibuysalejiaju/App/Ht/Controller/ShangchangController.class.php 第 44 行.
SQL: SELECT * FROM `lr_shangchang` WHERE ( status=1 ) ORDER BY addtime desc LIMIT 0,20   [ RunTime:0.0001s ]
SQL: SELECT * FROM `lr_china_city` WHERE ( id=2151 ) LIMIT 1   [ RunTime:0.0001s ]
SQL: SELECT * FROM `lr_china_city` WHERE ( id=2151 ) LIMIT 1   [ RunTime:0.0001s ]
INFO: [ view_parse ] --START--
INFO: [ template_filter ] --START--
INFO: Run Behavior\ContentReplaceBehavior [ RunTime:0.000068s ]
INFO: [ template_filter ] --END-- [ RunTime:0.000118s ]
NOTIC: [8] Undefined variable: page /www/web/default/public_html/minibuysalejiaju/App/Runtime/Cache/Ht/7333a2fbaea715065decaffd38e0d122.php 第 74 行.
NOTIC: [8] Undefined index: tuijian /www/web/default/public_html/minibuysalejiaju/App/Runtime/Cache/Ht/7333a2fbaea715065decaffd38e0d122.php 第 74 行.
NOTIC: [8] Undefined variable: page /www/web/default/public_html/minibuysalejiaju/App/Runtime/Cache/Ht/7333a2fbaea715065decaffd38e0d122.php 第 74 行.
NOTIC: [8] Undefined index: tuijian /www/web/default/public_html/minibuysalejiaju/App/Runtime/Cache/Ht/7333a2fbaea715065decaffd38e0d122.php 第 74 行.
INFO: Run Behavior\ParseTemplateBehavior [ RunTime:0.008272s ]
INFO: [ view_parse ] --END-- [ RunTime:0.008321s ]
INFO: [ view_filter ] --START--
INFO: Run Behavior\WriteHtmlCacheBehavior [ RunTime:0.000237s ]
INFO: [ view_filter ] --END-- [ RunTime:0.000278s ]
INFO: [ app_end ] --START--
INFO: Run Behavior\ShowPageTraceBehavior [ RunTime:0.000410s ]
INFO: [ app_end ] --END-- [ RunTime:0.000484s ]

[ 2017-08-29T09:49:20+08:00 ] 120.84.230.250 /minibuysalejiaju/index.php/Ht/Join/index.html
NOTIC: [8] Use of undefined constant SHOW_PAGE_TRACE - assumed 'SHOW_PAGE_TRACE' /www/web/default/public_html/minibuysalejiaju/App/Common/Conf/debug.php 第 4 行.
INFO: [ app_init ] --START--
INFO: Run Behavior\BuildLiteBehavior [ RunTime:0.000012s ]
INFO: [ app_init ] --END-- [ RunTime:0.000059s ]
INFO: [ app_begin ] --START--
INFO: Run Behavior\ReadHtmlCacheBehavior [ RunTime:0.000391s ]
INFO: [ app_begin ] --END-- [ RunTime:0.000440s ]
NOTIC: [2048] Declaration of Ht\Controller\JoinController::show() should be compatible with that of Think\Controller::show() /www/web/default/public_html/minibuysalejiaju/App/Ht/Controller/JoinController.class.php 第 4 行.
SQL: SHOW COLUMNS FROM `lr_exshop` [ RunTime:0.0042s ]
SQL: SELECT COUNT(*) AS tp_count FROM `lr_exshop` WHERE ( 1=1 ) LIMIT 1   [ RunTime:0.0002s ]
SQL: SELECT * FROM `lr_exshop` WHERE ( 1=1 ) ORDER BY addtime desc LIMIT 0,25   [ RunTime:0.0002s ]
SQL: SHOW COLUMNS FROM `lr_user` [ RunTime:0.0007s ]
SQL: SELECT `name` FROM `lr_user` WHERE ( id=1 ) LIMIT 1   [ RunTime:0.0002s ]
INFO: [ view_parse ] --START--
INFO: [ template_filter ] --START--
INFO: Run Behavior\ContentReplaceBehavior [ RunTime:0.000054s ]
INFO: [ template_filter ] --END-- [ RunTime:0.000120s ]
INFO: Run Behavior\ParseTemplateBehavior [ RunTime:0.008469s ]
INFO: [ view_parse ] --END-- [ RunTime:0.008537s ]
INFO: [ view_filter ] --START--
INFO: Run Behavior\WriteHtmlCacheBehavior [ RunTime:0.000219s ]
INFO: [ view_filter ] --END-- [ RunTime:0.000261s ]
INFO: [ app_end ] --START--
INFO: Run Behavior\ShowPageTraceBehavior [ RunTime:0.000430s ]
INFO: [ app_end ] --END-- [ RunTime:0.000477s ]

[ 2017-08-29T09:49:36+08:00 ] 120.84.230.250 /minibuysalejiaju/index.php/Ht/Brand/add.html
NOTIC: [8] Use of undefined constant SHOW_PAGE_TRACE - assumed 'SHOW_PAGE_TRACE' /www/web/default/public_html/minibuysalejiaju/App/Common/Conf/debug.php 第 4 行.
INFO: [ app_init ] --START--
INFO: Run Behavior\BuildLiteBehavior [ RunTime:0.000014s ]
INFO: [ app_init ] --END-- [ RunTime:0.000062s ]
INFO: [ app_begin ] --START--
INFO: Run Behavior\ReadHtmlCacheBehavior [ RunTime:0.000415s ]
INFO: [ app_begin ] --END-- [ RunTime:0.000472s ]
SQL: SHOW COLUMNS FROM `lr_brand` [ RunTime:0.0040s ]
NOTIC: [8] Undefined index: id /www/web/default/public_html/minibuysalejiaju/App/Ht/Controller/BrandController.class.php 第 60 行.
INFO: [ view_parse ] --START--
INFO: [ template_filter ] --START--
INFO: Run Behavior\ContentReplaceBehavior [ RunTime:0.000052s ]
INFO: [ template_filter ] --END-- [ RunTime:0.000102s ]
NOTIC: [8] Undefined variable: brand_info /www/web/default/public_html/minibuysalejiaju/App/Runtime/Cache/Ht/cfc724f4a2ad150dbc6f152f874a1925.php 第 25 行.
NOTIC: [8] Undefined variable: brand_info /www/web/default/public_html/minibuysalejiaju/App/Runtime/Cache/Ht/cfc724f4a2ad150dbc6f152f874a1925.php 第 34 行.
NOTIC: [8] Undefined variable: brand_info /www/web/default/public_html/minibuysalejiaju/App/Runtime/Cache/Ht/cfc724f4a2ad150dbc6f152f874a1925.php 第 41 行.
INFO: Run Behavior\ParseTemplateBehavior [ RunTime:0.006074s ]
INFO: [ view_parse ] --END-- [ RunTime:0.006120s ]
INFO: [ view_filter ] --START--
INFO: Run Behavior\WriteHtmlCacheBehavior [ RunTime:0.000210s ]
INFO: [ view_filter ] --END-- [ RunTime:0.000250s ]
INFO: [ app_end ] --START--
INFO: Run Behavior\ShowPageTraceBehavior [ RunTime:0.000413s ]
INFO: [ app_end ] --END-- [ RunTime:0.000456s ]

[ 2017-08-29T09:49:37+08:00 ] 120.84.230.250 /minibuysalejiaju/index.php/Ht/Brand/index.html
NOTIC: [8] Use of undefined constant SHOW_PAGE_TRACE - assumed 'SHOW_PAGE_TRACE' /www/web/default/public_html/minibuysalejiaju/App/Common/Conf/debug.php 第 4 行.
INFO: [ app_init ] --START--
INFO: Run Behavior\BuildLiteBehavior [ RunTime:0.000014s ]
INFO: [ app_init ] --END-- [ RunTime:0.000065s ]
INFO: [ app_begin ] --START--
INFO: Run Behavior\ReadHtmlCacheBehavior [ RunTime:0.000385s ]
INFO: [ app_begin ] --END-- [ RunTime:0.000435s ]
SQL: SHOW COLUMNS FROM `lr_brand` [ RunTime:0.0010s ]
NOTIC: [8] Undefined index: brand_name /www/web/default/public_html/minibuysalejiaju/App/Ht/Controller/BrandController.class.php 第 20 行.
SQL: SELECT COUNT(*) AS tp_count FROM `lr_brand` LIMIT 1   [ RunTime:0.0001s ]
SQL: SELECT * FROM `lr_brand` LIMIT 0,20   [ RunTime:0.0017s ]
INFO: [ view_parse ] --START--
INFO: [ template_filter ] --START--
INFO: Run Behavior\ContentReplaceBehavior [ RunTime:0.000060s ]
INFO: [ template_filter ] --END-- [ RunTime:0.000112s ]
NOTIC: [8] Undefined variable: name /www/web/default/public_html/minibuysalejiaju/App/Runtime/Cache/Ht/25cfd1a0db0c5cc223023a4a3b031ae2.php 第 23 行.
INFO: Run Behavior\ParseTemplateBehavior [ RunTime:0.007634s ]
INFO: [ view_parse ] --END-- [ RunTime:0.007688s ]
INFO: [ view_filter ] --START--
INFO: Run Behavior\WriteHtmlCacheBehavior [ RunTime:0.000207s ]
INFO: [ view_filter ] --END-- [ RunTime:0.000247s ]
INFO: [ app_end ] --START--
INFO: Run Behavior\ShowPageTraceBehavior [ RunTime:0.000391s ]
INFO: [ app_end ] --END-- [ RunTime:0.000434s ]

[ 2017-08-29T09:49:53+08:00 ] 120.84.230.250 /minibuysalejiaju/index.php/Ht/Brand/index.html
NOTIC: [8] Use of undefined constant SHOW_PAGE_TRACE - assumed 'SHOW_PAGE_TRACE' /www/web/default/public_html/minibuysalejiaju/App/Common/Conf/debug.php 第 4 行.
INFO: [ app_init ] --START--
INFO: Run Behavior\BuildLiteBehavior [ RunTime:0.000012s ]
INFO: [ app_init ] --END-- [ RunTime:0.000059s ]
INFO: [ app_begin ] --START--
INFO: Run Behavior\ReadHtmlCacheBehavior [ RunTime:0.000405s ]
INFO: [ app_begin ] --END-- [ RunTime:0.000454s ]
SQL: SHOW COLUMNS FROM `lr_brand` [ RunTime:0.0010s ]
NOTIC: [8] Undefined index: brand_name /www/web/default/public_html/minibuysalejiaju/App/Ht/Controller/BrandController.class.php 第 20 行.
SQL: SELECT COUNT(*) AS tp_count FROM `lr_brand` LIMIT 1   [ RunTime:0.0001s ]
SQL: SELECT * FROM `lr_brand` LIMIT 0,20   [ RunTime:0.0001s ]
INFO: [ view_parse ] --START--
INFO: [ template_filter ] --START--
INFO: Run Behavior\ContentReplaceBehavior [ RunTime:0.000052s ]
INFO: [ template_filter ] --END-- [ RunTime:0.000101s ]
NOTIC: [8] Undefined variable: name /www/web/default/public_html/minibuysalejiaju/App/Runtime/Cache/Ht/25cfd1a0db0c5cc223023a4a3b031ae2.php 第 23 行.
INFO: Run Behavior\ParseTemplateBehavior [ RunTime:0.006407s ]
INFO: [ view_parse ] --END-- [ RunTime:0.006452s ]
INFO: [ view_filter ] --START--
INFO: Run Behavior\WriteHtmlCacheBehavior [ RunTime:0.000208s ]
INFO: [ view_filter ] --END-- [ RunTime:0.000269s ]
INFO: [ app_end ] --START--
INFO: Run Behavior\ShowPageTraceBehavior [ RunTime:0.000392s ]
INFO: [ app_end ] --END-- [ RunTime:0.000435s ]

[ 2017-08-29T09:59:13+08:00 ] 120.84.230.250 /minibuysalejiaju/index.php/Ht/Order/index.html
NOTIC: [8] Use of undefined constant SHOW_PAGE_TRACE - assumed 'SHOW_PAGE_TRACE' /www/web/default/public_html/minibuysalejiaju/App/Common/Conf/debug.php 第 4 行.
INFO: [ app_init ] --START--
INFO: Run Behavior\BuildLiteBehavior [ RunTime:0.000011s ]
INFO: [ app_init ] --END-- [ RunTime:0.000060s ]
INFO: [ app_begin ] --START--
INFO: Run Behavior\ReadHtmlCacheBehavior [ RunTime:0.000387s ]
INFO: [ app_begin ] --END-- [ RunTime:0.000438s ]
NOTIC: [2048] Declaration of Ht\Controller\OrderController::show() should be compatible with that of Think\Controller::show() /www/web/default/public_html/minibuysalejiaju/App/Ht/Controller/OrderController.class.php 第 4 行.
SQL: SHOW COLUMNS FROM `lr_order` [ RunTime:0.0040s ]
SQL: SHOW COLUMNS FROM `lr_order_product` [ RunTime:0.0033s ]
NOTIC: [8] Undefined index: shop_id /www/web/default/public_html/minibuysalejiaju/App/Ht/Controller/OrderController.class.php 第 32 行.
NOTIC: [8] Undefined index: pay_type /www/web/default/public_html/minibuysalejiaju/App/Ht/Controller/OrderController.class.php 第 35 行.
NOTIC: [8] Undefined index: pay_status /www/web/default/public_html/minibuysalejiaju/App/Ht/Controller/OrderController.class.php 第 36 行.
NOTIC: [8] Undefined index: start_time /www/web/default/public_html/minibuysalejiaju/App/Ht/Controller/OrderController.class.php 第 37 行.
NOTIC: [8] Undefined index: end_time /www/web/default/public_html/minibuysalejiaju/App/Ht/Controller/OrderController.class.php 第 38 行.
SQL: SELECT COUNT(*) AS tp_count FROM `lr_order` WHERE ( 1=1 AND del=0 ) LIMIT 1   [ RunTime:0.0002s ]
SQL: SELECT * FROM `lr_order` WHERE ( 1=1 AND del=0 ) ORDER BY id desc LIMIT 0,25   [ RunTime:0.0002s ]
INFO: [ view_parse ] --START--
INFO: [ template_filter ] --START--
INFO: Run Behavior\ContentReplaceBehavior [ RunTime:0.000070s ]
INFO: [ template_filter ] --END-- [ RunTime:0.000125s ]
NOTIC: [8] Undefined variable: shop_id /www/web/default/public_html/minibuysalejiaju/App/Runtime/Cache/Ht/bb73bcf6e97ca0b1f5a53051a7857618.php 第 21 行.
NOTIC: [8] Undefined variable: pay_type /www/web/default/public_html/minibuysalejiaju/App/Runtime/Cache/Ht/bb73bcf6e97ca0b1f5a53051a7857618.php 第 32 行.
NOTIC: [8] Undefined variable: pay_type /www/web/default/public_html/minibuysalejiaju/App/Runtime/Cache/Ht/bb73bcf6e97ca0b1f5a53051a7857618.php 第 33 行.
NOTIC: [8] Undefined variable: pay_status /www/web/default/public_html/minibuysalejiaju/App/Runtime/Cache/Ht/bb73bcf6e97ca0b1f5a53051a7857618.php 第 42 行.
NOTIC: [8] Undefined variable: pay_status /www/web/default/public_html/minibuysalejiaju/App/Runtime/Cache/Ht/bb73bcf6e97ca0b1f5a53051a7857618.php 第 42 行.
NOTIC: [8] Undefined variable: pay_status /www/web/default/public_html/minibuysalejiaju/App/Runtime/Cache/Ht/bb73bcf6e97ca0b1f5a53051a7857618.php 第 42 行.
NOTIC: [8] Undefined variable: pay_status /www/web/default/public_html/minibuysalejiaju/App/Runtime/Cache/Ht/bb73bcf6e97ca0b1f5a53051a7857618.php 第 42 行.
NOTIC: [8] Undefined variable: pay_status /www/web/default/public_html/minibuysalejiaju/App/Runtime/Cache/Ht/bb73bcf6e97ca0b1f5a53051a7857618.php 第 42 行.
NOTIC: [8] Undefined variable: pay_status /www/web/default/public_html/minibuysalejiaju/App/Runtime/Cache/Ht/bb73bcf6e97ca0b1f5a53051a7857618.php 第 42 行.
NOTIC: [8] Undefined variable: pay_status /www/web/default/public_html/minibuysalejiaju/App/Runtime/Cache/Ht/bb73bcf6e97ca0b1f5a53051a7857618.php 第 44 行.
NOTIC: [8] Undefined variable: pay_status /www/web/default/public_html/minibuysalejiaju/App/Runtime/Cache/Ht/bb73bcf6e97ca0b1f5a53051a7857618.php 第 45 行.
NOTIC: [8] Undefined variable: start_time /www/web/default/public_html/minibuysalejiaju/App/Runtime/Cache/Ht/bb73bcf6e97ca0b1f5a53051a7857618.php 第 51 行.
NOTIC: [8] Undefined variable: end_time /www/web/default/public_html/minibuysalejiaju/App/Runtime/Cache/Ht/bb73bcf6e97ca0b1f5a53051a7857618.php 第 52 行.
INFO: Run Behavior\ParseTemplateBehavior [ RunTime:0.010299s ]
INFO: [ view_parse ] --END-- [ RunTime:0.010357s ]
INFO: [ view_filter ] --START--
INFO: Run Behavior\WriteHtmlCacheBehavior [ RunTime:0.000214s ]
INFO: [ view_filter ] --END-- [ RunTime:0.000254s ]
INFO: [ app_end ] --START--
INFO: Run Behavior\ShowPageTraceBehavior [ RunTime:0.000408s ]
INFO: [ app_end ] --END-- [ RunTime:0.000454s ]

[ 2017-08-29T09:59:15+08:00 ] 120.84.230.250 /minibuysalejiaju/index.php/Ht/Category/index.html
NOTIC: [8] Use of undefined constant SHOW_PAGE_TRACE - assumed 'SHOW_PAGE_TRACE' /www/web/default/public_html/minibuysalejiaju/App/Common/Conf/debug.php 第 4 行.
INFO: [ app_init ] --START--
INFO: Run Behavior\BuildLiteBehavior [ RunTime:0.000015s ]
INFO: [ app_init ] --END-- [ RunTime:0.000066s ]
INFO: [ app_begin ] --START--
INFO: Run Behavior\ReadHtmlCacheBehavior [ RunTime:0.000384s ]
INFO: [ app_begin ] --END-- [ RunTime:0.000435s ]
SQL: SHOW COLUMNS FROM `lr_category` [ RunTime:0.0037s ]
SQL: SELECT `id`,`tid`,`name`,`bz_2`,`bz_4` FROM `lr_category` WHERE ( tid=0 AND bz_4<2 ) ORDER BY sort desc,id asc  [ RunTime:0.0046s ]
SQL: SELECT `id`,`tid`,`name`,`bz_2`,`sort` FROM `lr_category` WHERE ( tid=1 ) ORDER BY sort desc,id asc  [ RunTime:0.0003s ]
SQL: SELECT `id`,`tid`,`name`,`bz_2`,`sort` FROM `lr_category` WHERE ( tid=2 ) ORDER BY sort desc,id asc  [ RunTime:0.0002s ]
SQL: SELECT `id`,`tid`,`name`,`bz_2`,`sort` FROM `lr_category` WHERE ( tid=3 ) ORDER BY sort desc,id asc  [ RunTime:0.0003s ]
SQL: SELECT `id`,`tid`,`name`,`bz_2`,`sort` FROM `lr_category` WHERE ( tid=4 ) ORDER BY sort desc,id asc  [ RunTime:0.0003s ]
SQL: SELECT `id`,`tid`,`name`,`bz_2`,`sort` FROM `lr_category` WHERE ( tid=20 ) ORDER BY sort desc,id asc  [ RunTime:0.0002s ]
SQL: SELECT `id`,`tid`,`name`,`bz_2`,`sort` FROM `lr_category` WHERE ( tid=21 ) ORDER BY sort desc,id asc  [ RunTime:0.0002s ]
SQL: SELECT `id`,`tid`,`name`,`bz_2`,`sort` FROM `lr_category` WHERE ( tid=33 ) ORDER BY sort desc,id asc  [ RunTime:0.0002s ]
SQL: SELECT `id`,`tid`,`name`,`bz_2`,`sort` FROM `lr_category` WHERE ( tid=35 ) ORDER BY sort desc,id asc  [ RunTime:0.0002s ]
SQL: SELECT `id`,`tid`,`name`,`bz_2`,`sort` FROM `lr_category` WHERE ( tid=39 ) ORDER BY sort desc,id asc  [ RunTime:0.0002s ]
INFO: [ view_parse ] --START--
INFO: [ template_filter ] --START--
INFO: Run Behavior\ContentReplaceBehavior [ RunTime:0.000062s ]
INFO: [ template_filter ] --END-- [ RunTime:0.000117s ]
INFO: Run Behavior\ParseTemplateBehavior [ RunTime:0.013068s ]
INFO: [ view_parse ] --END-- [ RunTime:0.013121s ]
INFO: [ view_filter ] --START--
INFO: Run Behavior\WriteHtmlCacheBehavior [ RunTime:0.000210s ]
INFO: [ view_filter ] --END-- [ RunTime:0.000251s ]
INFO: [ app_end ] --START--
INFO: Run Behavior\ShowPageTraceBehavior [ RunTime:0.000443s ]
INFO: [ app_end ] --END-- [ RunTime:0.000492s ]

[ 2017-08-29T10:07:21+08:00 ] 120.84.230.250 /minibuysalejiaju/index.php/Ht/News/index.html
NOTIC: [8] Use of undefined constant SHOW_PAGE_TRACE - assumed 'SHOW_PAGE_TRACE' /www/web/default/public_html/minibuysalejiaju/App/Common/Conf/debug.php 第 4 行.
INFO: [ app_init ] --START--
INFO: Run Behavior\BuildLiteBehavior [ RunTime:0.000012s ]
INFO: [ app_init ] --END-- [ RunTime:0.000063s ]
INFO: [ app_begin ] --START--
INFO: Run Behavior\ReadHtmlCacheBehavior [ RunTime:0.000390s ]
INFO: [ app_begin ] --END-- [ RunTime:0.000439s ]
SQL: SHOW COLUMNS FROM `lr_news` [ RunTime:0.0039s ]
NOTIC: [8] Undefined index: cid /www/web/default/public_html/minibuysalejiaju/App/Ht/Controller/NewsController.class.php 第 21 行.
NOTIC: [8] Undefined index: news_name /www/web/default/public_html/minibuysalejiaju/App/Ht/Controller/NewsController.class.php 第 22 行.
SQL: SELECT COUNT(*) AS tp_count FROM `lr_news` LIMIT 1   [ RunTime:0.0002s ]
SQL: SELECT * FROM `lr_news` ORDER BY id desc LIMIT 0,25   [ RunTime:0.0041s ]
INFO: [ view_parse ] --START--
INFO: [ template_filter ] --START--
INFO: Run Behavior\ContentReplaceBehavior [ RunTime:0.000059s ]
INFO: [ template_filter ] --END-- [ RunTime:0.000113s ]
NOTIC: [8] Undefined variable: cate_list /www/web/default/public_html/minibuysalejiaju/App/Runtime/Cache/Ht/d2c2b9f8ff9f06f54a1098e4e461f41e.php 第 27 行.
INFO: Run Behavior\ParseTemplateBehavior [ RunTime:0.008867s ]
INFO: [ view_parse ] --END-- [ RunTime:0.008922s ]
INFO: [ view_filter ] --START--
INFO: Run Behavior\WriteHtmlCacheBehavior [ RunTime:0.000209s ]
INFO: [ view_filter ] --END-- [ RunTime:0.000252s ]
INFO: [ app_end ] --START--
INFO: Run Behavior\ShowPageTraceBehavior [ RunTime:0.000435s ]
INFO: [ app_end ] --END-- [ RunTime:0.000483s ]

[ 2017-08-29T10:45:12+08:00 ] 120.84.230.250 /minibuysalejiaju/index.php/Ht/Guanggao/index.html
NOTIC: [8] Use of undefined constant SHOW_PAGE_TRACE - assumed 'SHOW_PAGE_TRACE' /www/web/default/public_html/minibuysalejiaju/App/Common/Conf/debug.php 第 4 行.
INFO: [ app_init ] --START--
INFO: Run Behavior\BuildLiteBehavior [ RunTime:0.000014s ]
INFO: [ app_init ] --END-- [ RunTime:0.000064s ]
INFO: [ app_begin ] --START--
INFO: Run Behavior\ReadHtmlCacheBehavior [ RunTime:0.000491s ]
INFO: [ app_begin ] --END-- [ RunTime:0.000541s ]
SQL: SHOW COLUMNS FROM `lr_guanggao` [ RunTime:0.0036s ]

[ 2017-08-29T10:45:13+08:00 ] 120.84.230.250 /minibuysalejiaju/index.php/Ht/Login/index.html
NOTIC: [8] Use of undefined constant SHOW_PAGE_TRACE - assumed 'SHOW_PAGE_TRACE' /www/web/default/public_html/minibuysalejiaju/App/Common/Conf/debug.php 第 4 行.
INFO: [ app_init ] --START--
INFO: Run Behavior\BuildLiteBehavior [ RunTime:0.000012s ]
INFO: [ app_init ] --END-- [ RunTime:0.000060s ]
INFO: [ app_begin ] --START--
INFO: Run Behavior\ReadHtmlCacheBehavior [ RunTime:0.000409s ]
INFO: [ app_begin ] --END-- [ RunTime:0.000459s ]
SQL: SHOW COLUMNS FROM `lr_program` [ RunTime:0.0012s ]
SQL: SELECT * FROM `lr_program` LIMIT 1   [ RunTime:0.0001s ]
INFO: [ view_parse ] --START--
INFO: [ template_filter ] --START--
INFO: Run Behavior\ContentReplaceBehavior [ RunTime:0.000048s ]
INFO: [ template_filter ] --END-- [ RunTime:0.000097s ]
NOTIC: [8] Undefined variable: key /www/web/default/public_html/minibuysalejiaju/App/Runtime/Cache/Ht/2d4ce69e9c2d15d777794fcdbaefd3a2.php 第 24 行.
INFO: Run Behavior\ParseTemplateBehavior [ RunTime:0.007259s ]
INFO: [ view_parse ] --END-- [ RunTime:0.007317s ]
INFO: [ view_filter ] --START--
INFO: Run Behavior\WriteHtmlCacheBehavior [ RunTime:0.000204s ]
INFO: [ view_filter ] --END-- [ RunTime:0.000245s ]
INFO: [ app_end ] --START--
INFO: Run Behavior\ShowPageTraceBehavior [ RunTime:0.000420s ]
INFO: [ app_end ] --END-- [ RunTime:0.000463s ]

[ 2017-08-29T11:22:35+08:00 ] 120.84.230.250 /minibuysalejiaju/index.php/Ht/Brand/add.html
NOTIC: [8] Use of undefined constant SHOW_PAGE_TRACE - assumed 'SHOW_PAGE_TRACE' /www/web/default/public_html/minibuysalejiaju/App/Common/Conf/debug.php 第 4 行.
INFO: [ app_init ] --START--
INFO: Run Behavior\BuildLiteBehavior [ RunTime:0.000012s ]
INFO: [ app_init ] --END-- [ RunTime:0.000058s ]
INFO: [ app_begin ] --START--
INFO: Run Behavior\ReadHtmlCacheBehavior [ RunTime:0.000421s ]
INFO: [ app_begin ] --END-- [ RunTime:0.000470s ]
SQL: SHOW COLUMNS FROM `lr_brand` [ RunTime:0.0012s ]

[ 2017-08-29T11:22:36+08:00 ] 120.84.230.250 /minibuysalejiaju/index.php/Ht/Login/index.html
NOTIC: [8] Use of undefined constant SHOW_PAGE_TRACE - assumed 'SHOW_PAGE_TRACE' /www/web/default/public_html/minibuysalejiaju/App/Common/Conf/debug.php 第 4 行.
INFO: [ app_init ] --START--
INFO: Run Behavior\BuildLiteBehavior [ RunTime:0.000015s ]
INFO: [ app_init ] --END-- [ RunTime:0.000077s ]
INFO: [ app_begin ] --START--
INFO: Run Behavior\ReadHtmlCacheBehavior [ RunTime:0.000420s ]
INFO: [ app_begin ] --END-- [ RunTime:0.000469s ]
SQL: SHOW COLUMNS FROM `lr_program` [ RunTime:0.0010s ]
SQL: SELECT * FROM `lr_program` LIMIT 1   [ RunTime:0.0001s ]
INFO: [ view_parse ] --START--
INFO: [ template_filter ] --START--
INFO: Run Behavior\ContentReplaceBehavior [ RunTime:0.000053s ]
INFO: [ template_filter ] --END-- [ RunTime:0.000103s ]
NOTIC: [8] Undefined variable: key /www/web/default/public_html/minibuysalejiaju/App/Runtime/Cache/Ht/2d4ce69e9c2d15d777794fcdbaefd3a2.php 第 24 行.
INFO: Run Behavior\ParseTemplateBehavior [ RunTime:0.004709s ]
INFO: [ view_parse ] --END-- [ RunTime:0.004753s ]
INFO: [ view_filter ] --START--
INFO: Run Behavior\WriteHtmlCacheBehavior [ RunTime:0.000205s ]
INFO: [ view_filter ] --END-- [ RunTime:0.000247s ]
INFO: [ app_end ] --START--
INFO: Run Behavior\ShowPageTraceBehavior [ RunTime:0.000423s ]
INFO: [ app_end ] --END-- [ RunTime:0.000466s ]

